 copying info and subtables ...
Finished preparing output MS
MSReader
  input MS:       /net/zernike/scratch3/hgan/processed/L2025886_new_cal2/SB000/Sun_SB000_Cycle0_raw.MS
  band            0
  startchan:      0  (0)
  nchan:          1  (0)
  ncorrelations:  4
  nbaselines:     496
  ntimes:         358
  time interval:  0.167772
  DATA column:    DATA
  WEIGHT column:  WEIGHT_SPECTRUM
  autoweight:     false
MADFlagger flag.
  freqwindow:     1   (max = 1)
  timewindow:     1200   (max = 357)
  threshold:      1.0   (max = 1)
  correlations:   [0,3,1,2]
  applyautocorr:  0   (nautocorr = 31)
  blmin:          -1 m
  blmax:          1e+30 m
MSWriter msout.
  output MS:      /net/zernike/scratch3/hgan/processed/L2025886_new_cal2/SB000/Sun_SB000_Cycle1_avg.MS
  nchan:          1
  ncorrelations:  4
  nbaselines:     496
  ntimes:         358
  time interval:  0.167772
  DATA column:    DATA
  WEIGHT column:  WEIGHT_SPECTRUM
  Compressed:     no

Processing 358 time slots ...
Finishing processing ...

NaN/infinite data flagged in reader
===================================

Percentage of flagged visibilities detected per correlation:
  [0,0,0,0] out of 177568 visibilities   [0%, 0%, 0%, 0%]
0 missing time slots were inserted

Flags set by MADFlagger flag.
=======================

Percentage of visibilities flagged per baseline (antenna pair):
 ant    0    1    2    3    4    5    6    7    8    9   10   11   12   13   14
   0   43%  33%  35%  34%  32%  33%  34%  34%  36%  35%  30%  39%  31%  37%  36%
   1   33%  29%  34%  33%  36%  31%  34%  36%  39%  32%  30%  38%  35%  34%  39%
   2   35%  34%  32%  30%  35%  34%  35%  33%  35%  33%  34%  39%  34%  37%  39%
   3   34%  33%  30%  31%  34%  34%  35%  33%  36%  39%  32%  37%  39%  40%  39%
   4   32%  36%  35%  34%  29%  36%  34%  33%  35%  36%  30%  37%  32%  39%  30%
   5   33%  31%  34%  34%  36%  35%  33%  35%  35%  34%  28%  36%  33%  37%  31%
   6   34%  34%  35%  35%  34%  33%  32%  35%  34%  37%  29%  35%  35%  41%  31%
   7   34%  36%  33%  33%  33%  35%  35%  48%  39%  35%  34%  46%  30%  38%  35%
   8   36%  39%  35%  36%  35%  35%  34%  39%  31%  43%  29%  35%  31%  42%  32%
   9   35%  32%  33%  39%  36%  34%  37%  35%  43%  31%  43%  42%  42%  33%  43%
  10   30%  30%  34%  32%  30%  28%  29%  34%  29%  43%  33%  31%  42%  45%  43%
  11   39%  38%  39%  37%  37%  36%  35%  46%  35%  42%  31%  38%  35%  32%  33%
  12   31%  35%  34%  39%  32%  33%  35%  30%  31%  42%  42%  35%  47%  48%  36%
  13   37%  34%  37%  40%  39%  37%  41%  38%  42%  33%  45%  32%  48%  37%  42%
  14   36%  39%  39%  39%  30%  31%  31%  35%  32%  43%  43%  33%  36%  42%  38%
  15   34%  38%  41%  38%  29%  31%  35%  32%  44%  40%  42%  41%  38%  46%  44%
  16   42%  42%  45%  42%  37%  39%  38%  47%  37%  46%  32%  33%  44%  43%  30%
  17   31%  33%  29%  31%  31%  31%  31%  36%  35%  42%  35%  37%  37%  45%  48%
  18   45%  51%  49%  46%  43%  44%  41%  47%  44%  50%  35%  46%  49%  40%  48%
  19   40%  38%  40%  41%  40%  40%  44%  35%  35%  32%  43%  32%  44%  31%  44%
  20   32%  32%  35%  39%  33%  32%  39%  29%  45%  30%  41%  47%  41%  30%  41%
  21   57%  60%  59%  59%  60%  57%  61%  59%  58%  58%  59%  59%  56%  60%  60%
  22   50%  57%  51%  52%  51%  56%  54%  54%  51%  49%  54%  54%  47%  47%  51%
  23   56%  63%  53%  53%  59%  56%  53%  55%  56%  58%  56%  59%  52%  56%  56%
  24   55%  53%  53%  58%  57%  56%  54%  55%  56%  58%  56%  56%  49%  55%  50%
  25   54%  57%  61%  57%  53%  57%  53%  59%  56%  55%  53%  57%  48%  50%  52%
  26   57%  56%  54%  54%  53%  56%  54%  54%  57%  57%  54%  54%  53%  54%  54%
  27   56%  63%  57%  56%  53%  56%  56%  54%  55%  54%  58%  63%  54%  58%  53%
  28   53%  59%  56%  55%  54%  61%  60%  59%  60%  52%  57%  59%  51%  56%  54%
  29   57%  64%  62%  59%  55%  62%  56%  55%  61%  54%  58%  55%  56%  58%  56%
  30   52%  48%  48%  46%  55%  46%  57%  56%  58%  53%  55%  59%  53%  51%  52%
TOTAL  42%  43%  42%  42%  41%  42%  42%  43%  43%  43%  42%  44%  43%  44%  43%

 ant   15   16   17   18   19   20   21   22   23   24   25   26   27   28   29
   0   34%  42%  31%  45%  40%  32%  57%  50%  56%  55%  54%  57%  56%  53%  57%
   1   38%  42%  33%  51%  38%  32%  60%  57%  63%  53%  57%  56%  63%  59%  64%
   2   41%  45%  29%  49%  40%  35%  59%  51%  53%  53%  61%  54%  57%  56%  62%
   3   38%  42%  31%  46%  41%  39%  59%  52%  53%  58%  57%  54%  56%  55%  59%
   4   29%  37%  31%  43%  40%  33%  60%  51%  59%  57%  53%  53%  53%  54%  55%
   5   31%  39%  31%  44%  40%  32%  57%  56%  56%  56%  57%  56%  56%  61%  62%
   6   35%  38%  31%  41%  44%  39%  61%  54%  53%  54%  53%  54%  56%  60%  56%
   7   32%  47%  36%  47%  35%  29%  59%  54%  55%  55%  59%  54%  54%  59%  55%
   8   44%  37%  35%  44%  35%  45%  58%  51%  56%  56%  56%  57%  55%  60%  61%
   9   40%  46%  42%  50%  32%  30%  58%  49%  58%  58%  55%  57%  54%  52%  54%
  10   42%  32%  35%  35%  43%  41%  59%  54%  56%  56%  53%  54%  58%  57%  58%
  11   41%  33%  37%  46%  32%  47%  59%  54%  59%  56%  57%  54%  63%  59%  55%
  12   38%  44%  37%  49%  44%  41%  56%  47%  52%  49%  48%  53%  54%  51%  56%
  13   46%  43%  45%  40%  31%  30%  60%  47%  56%  55%  50%  54%  58%  56%  58%
  14   44%  30%  48%  48%  44%  41%  60%  51%  56%  50%  52%  54%  53%  54%  56%
  15   41%  36%  40%  55%  48%  35%  58%  60%  58%  55%  61%  59%  62%  58%  64%
  16   36%  36%  46%  38%  44%  51%  58%  53%  56%  50%  59%  58%  53%  52%  57%
  17   40%  46%  35%  41%  48%  42%  59%  52%  58%  53%  52%  50%  57%  59%  57%
  18   55%  38%  41%  44%  41%  42%  61%  58%  54%  55%  55%  53%  61%  56%  54%
  19   48%  44%  48%  41%  44%  39%  54%  51%  56%  59%  62%  58%  53%  57%  56%
  20   35%  51%  42%  42%  39%  40%  59%  46%  52%  54%  57%  56%  55%  53%  57%
  21   58%  58%  59%  61%  54%  59%  58%  53%  57%  57%  56%  59%  58%  58%  59%
  22   60%  53%  52%  58%  51%  46%  53%  59%  53%  52%  50%  57%  55%  53%  53%
  23   58%  56%  58%  54%  56%  52%  57%  53%  61%  56%  54%  54%  57%  57%  59%
  24   55%  50%  53%  55%  59%  54%  57%  52%  56%  48%  43%  54%  57%  57%  56%
  25   61%  59%  52%  55%  62%  57%  56%  50%  54%  43%  49%  48%  54%  55%  59%
  26   59%  58%  50%  53%  58%  56%  59%  57%  54%  54%  48%  54%  58%  58%  58%
  27   62%  53%  57%  61%  53%  55%  58%  55%  57%  57%  54%  58%  57%  49%  56%
  28   58%  52%  59%  56%  57%  53%  58%  53%  57%  57%  55%  58%  49%  56%  59%
  29   64%  57%  57%  54%  56%  57%  59%  53%  59%  56%  59%  58%  56%  59%  64%
  30   55%  53%  53%  53%  52%  50%  58%  58%  55%  56%  64%  61%  59%  58%  55%
TOTAL  46%  45%  43%  48%  45%  43%  58%  53%  56%  54%  55%  55%  56%  56%  58%

 ant   30
   0   52%
   1   48%
   2   48%
   3   46%
   4   55%
   5   46%
   6   57%
   7   56%
   8   58%
   9   53%
  10   55%
  11   59%
  12   53%
  13   51%
  14   52%
  15   55%
  16   53%
  17   53%
  18   53%
  19   52%
  20   50%
  21   58%
  22   58%
  23   55%
  24   56%
  25   64%
  26   61%
  27   59%
  28   58%
  29   55%
  30   60%
TOTAL  55%

Percentage of visibilities flagged per channel:
 channels        0
   0-   0:      47%
Total flagged:    47.180%   (83776 out of 177568 visibilities)

Percentage of flagged visibilities detected per correlation:
  [43955,13338,8551,17932] out of 177568 visibilities   [25%, 8%, 5%, 10%]



Total NDPPP time      11.39 real       39.42 user        0.09 system
    0.9% MSReader
   81.9% MADFlagger flag.
           30.1% of it spent in shuffling data
           69.7% of it spent in calculating medians
   16.7% MSWriter msout.
MSReader
  input MS:       /net/zernike/scratch3/hgan/processed/L2025886_new_cal2/SB000/Sun_SB000_Cycle1_avg.MS
  band            0
  startchan:      0  (0)
  nchan:          1  (0)
  ncorrelations:  4
  nbaselines:     496
  ntimes:         358
  time interval:  0.167772
  DATA column:    DATA
  WEIGHT column:  WEIGHT_SPECTRUM
  autoweight:     false
GainCal gaincal.
  parmdb:              /net/zernike/scratch3/hgan/processed/L2025886_new_cal2/SB000/Sun_SB000_Cycle1_avg.MS/instrument (will be created)
  solint:              358
  nchan:               1
  max iter:            50
  tolerance:           1e-05
  caltype:             complexgain
  apply solution:      false
  propagate solutions: false
  timeslotsperparmupdate: 500
  detect stalling:     true
  use model column:    true
  Baseline selection:
    baseline:     
    corrtype:     
    blrange:      [0,12000]
MSUpdater msout.
  MS:             /net/zernike/scratch3/hgan/processed/L2025886_new_cal2/SB000/Sun_SB000_Cycle1_avg.MS
  datacolumn:     DATA
  weightcolumn    WEIGHT_SPECTRUM
  Compressed:     no

  flush:          0

Processing 358 time slots ...
DEBUG - Unable to open file /net/zernike/scratch3/hgan/processed/L2025886_new_cal2/SB000/Sun_SB000_Cycle1_avg.MS/instrument
DEBUG - Data column CORRECTED_DATA is missing in /net/zernike/scratch3/hgan/processed/L2025886_new_cal2/SB000/Sun_SB000_Cycle1_avg.MS
addUV2MS /net/zernike/scratch3/hgan/processed/L2025886_new_cal2/SB000/Sun_SB000_Cycle1_avg.MS /net/zernike/scratch3/hgan/processed/L2025886_new_cal2/SB000/images//Sun_Cycle0_-model
