===================================================================================
Warning: you are using DPPP, the deprecated name for DP3, to start the program!
In March 2021, the main DP3 executable was renamed to 'DP3' to use one consistent
name. Your parameters are now forwarded to DP3, but this forwarding wrapper will be
removed in the future: update your commands/scripts and change 'DPPP' to 'DP3'!
===================================================================================
 copying info and subtables ...
Finished preparing output MS
MSReader
  input MS:           /net/zernike/scratch3/hgan/processed/L2025886/SB000/CasA_SB060_Cycle0_raw.MS
  band                0
  startchan:          0  (0)
  nchan:              1  (0)
  ncorrelations:      4
  nbaselines:         496
  first time:         2023/09/21/12:34:00
  maximum time:       2023/09/21/12:35:00
  ntimes:             358
  time interval:      0.167772
  DATA column:        DATA
  extra data columns: 
  WEIGHT column:      WEIGHT_SPECTRUM
  FLAG column:        FLAG
  autoweight:         false
MADFlagger flag.
  freqwindow:     1   (max = 1)
  timewindow:     600   (max = 357)
  threshold:      1.   (max = 1)
  correlations:   [0,2,3,1]
  applyautocorr:  0   (nautocorr = 31)
  blmin:          -1 m
  blmax:          1e+30 m
MSWriter msout.
  output MS:      /net/zernike/scratch3/hgan/processed/L2025886/SB000/CasA_SB060_Cycle0_avg.MS
  nchan:          1
  ncorrelations:  4
  nbaselines:     496
  ntimes:         358
  time interval:  0.167772
  DATA column:    DATA
  FLAG column:    FLAG
  WEIGHT column:  WEIGHT_SPECTRUM
  Compressed:     no
  use thread:     true
Processing 358 time slots ...

0%....10....20....30....40....50....60....70....80....90....100%
Finishing processing ...

NaN/infinite data flagged in reader
===================================

Percentage of flagged visibilities detected per correlation:
  [0,0,0,0] out of 177568 visibilities   [0%, 0%, 0%, 0%]
0 missing time slots were inserted

Flags set by MADFlagger flag.
=======================

Percentage of visibilities flagged per baseline (antenna pair):
 ant    0    1    2    3    4    5    6    7    8    9   10   11   12   13   14
   0   42%  40%  30%  29%  38%  35%  32%  36%  38%  36%  43%  36%  33%  36%  37%
   1   40%  43%  30%  34%  37%  37%  36%  40%  39%  35%  41%  40%  43%  45%  39%
   2   30%  30%  38%  30%  30%  38%  30%  34%  32%  39%  38%  33%  42%  34%  38%
   3   29%  34%  30%  41%  34%  37%  37%  36%  32%  35%  37%  28%  41%  33%  37%
   4   38%  37%  30%  34%  42%  35%  33%  38%  39%  44%  35%  37%  42%  41%  40%
   5   35%  37%  38%  37%  35%  41%  36%  43%  40%  40%  37%  39%  42%  39%  44%
   6   32%  36%  30%  37%  33%  36%  43%  43%  35%  43%  46%  34%  44%  38%  41%
   7   36%  40%  34%  36%  38%  43%  43%  44%  42%  38%  42%  39%  37%  36%  45%
   8   38%  39%  32%  32%  39%  40%  35%  42%  43%  39%  35%  35%  35%  37%  31%
   9   36%  35%  39%  35%  44%  40%  43%  38%  39%  40%  34%  40%  37%  42%  34%
  10   43%  41%  38%  37%  35%  37%  46%  42%  35%  34%  41%  36%  43%  35%  45%
  11   36%  40%  33%  28%  37%  39%  34%  39%  35%  40%  36%  46%  38%  35%  45%
  12   33%  43%  42%  41%  42%  42%  44%  37%  35%  37%  43%  38%  41%  37%  49%
  13   36%  45%  34%  33%  41%  39%  38%  36%  37%  42%  35%  35%  37%  40%  49%
  14   37%  39%  38%  37%  40%  44%  41%  45%  31%  34%  45%  45%  49%  49%  44%
  15   42%  38%  37%  39%  35%  39%  37%  42%  40%  38%  36%  36%  37%  37%  33%
  16   34%  47%  35%  38%  37%  39%  39%  46%  47%  44%  33%  46%  37%  51%  40%
  17   38%  42%  36%  37%  41%  39%  42%  39%  34%  42%  38%  39%  45%  42%  44%
  18   44%  41%  33%  39%  41%  45%  38%  43%  38%  32%  41%  39%  40%  40%  43%
  19   39%  37%  39%  31%  38%  41%  37%  48%  40%  44%  41%  34%  38%  45%  40%
  20   48%  42%  47%  38%  42%  43%  43%  44%  41%  37%  44%  34%  39%  38%  41%
  21   49%  48%  46%  41%  46%  49%  44%  44%  48%  42%  42%  42%  41%  41%  40%
  22   40%  42%  44%  35%  40%  44%  40%  50%  48%  50%  51%  51%  45%  49%  40%
  23   52%  53%  52%  50%  53%  54%  55%  50%  54%  52%  52%  54%  53%  49%  52%
  24   42%  43%  46%  39%  44%  42%  43%  42%  42%  42%  43%  41%  45%  40%  44%
  25   43%  45%  41%  42%  39%  41%  43%  51%  43%  44%  43%  40%  44%  41%  42%
  26   47%  46%  50%  45%  47%  49%  46%  49%  46%  46%  44%  44%  53%  48%  46%
  27   50%  49%  49%  50%  52%  51%  52%  56%  49%  49%  47%  52%  53%  52%  45%
  28   47%  50%  49%  44%  47%  47%  44%  53%  47%  46%  48%  49%  47%  47%  47%
  29   47%  50%  46%  47%  47%  44%  52%  48%  45%  47%  48%  49%  47%  46%  54%
  30   47%  42%  48%  38%  41%  55%  47%  44%  51%  42%  44%  41%  40%  42%  39%
TOTAL  40%  42%  39%  38%  40%  42%  41%  43%  41%  41%  41%  40%  42%  41%  42%

 ant   15   16   17   18   19   20   21   22   23   24   25   26   27   28   29
   0   42%  34%  38%  44%  39%  48%  49%  40%  52%  42%  43%  47%  50%  47%  47%
   1   38%  47%  42%  41%  37%  42%  48%  42%  53%  43%  45%  46%  49%  50%  50%
   2   37%  35%  36%  33%  39%  47%  46%  44%  52%  46%  41%  50%  49%  49%  46%
   3   39%  38%  37%  39%  31%  38%  41%  35%  50%  39%  42%  45%  50%  44%  47%
   4   35%  37%  41%  41%  38%  42%  46%  40%  53%  44%  39%  47%  52%  47%  47%
   5   39%  39%  39%  45%  41%  43%  49%  44%  54%  42%  41%  49%  51%  47%  44%
   6   37%  39%  42%  38%  37%  43%  44%  40%  55%  43%  43%  46%  52%  44%  52%
   7   42%  46%  39%  43%  48%  44%  44%  50%  50%  42%  51%  49%  56%  53%  48%
   8   40%  47%  34%  38%  40%  41%  48%  48%  54%  42%  43%  46%  49%  47%  45%
   9   38%  44%  42%  32%  44%  37%  42%  50%  52%  42%  44%  46%  49%  46%  47%
  10   36%  33%  38%  41%  41%  44%  42%  51%  52%  43%  43%  44%  47%  48%  48%
  11   36%  46%  39%  39%  34%  34%  42%  51%  54%  41%  40%  44%  52%  49%  49%
  12   37%  37%  45%  40%  38%  39%  41%  45%  53%  45%  44%  53%  53%  47%  47%
  13   37%  51%  42%  40%  45%  38%  41%  49%  49%  40%  41%  48%  52%  47%  46%
  14   33%  40%  44%  43%  40%  41%  40%  40%  52%  44%  42%  46%  45%  47%  54%
  15   41%  38%  38%  39%  40%  37%  39%  47%  47%  42%  44%  45%  51%  46%  48%
  16   38%  48%  40%  34%  40%  45%  43%  45%  54%  39%  36%  47%  50%  40%  47%
  17   38%  40%  39%  40%  39%  42%  42%  40%  54%  41%  37%  45%  51%  49%  46%
  18   39%  34%  40%  41%  39%  45%  39%  48%  51%  37%  40%  46%  54%  51%  44%
  19   40%  40%  39%  39%  43%  41%  40%  38%  51%  40%  39%  38%  50%  44%  53%
  20   37%  45%  42%  45%  41%  42%  39%  43%  53%  43%  38%  48%  49%  46%  52%
  21   39%  43%  42%  39%  40%  39%  44%  48%  52%  43%  49%  48%  49%  45%  51%
  22   47%  45%  40%  48%  38%  43%  48%  47%  51%  44%  38%  46%  48%  54%  55%
  23   47%  54%  54%  51%  51%  53%  52%  51%  46%  53%  48%  44%  51%  42%  51%
  24   42%  39%  41%  37%  40%  43%  43%  44%  53%  40%  41%  51%  49%  53%  47%
  25   44%  36%  37%  40%  39%  38%  49%  38%  48%  41%  37%  42%  53%  51%  49%
  26   45%  47%  45%  46%  38%  48%  48%  46%  44%  51%  42%  44%  51%  49%  51%
  27   51%  50%  51%  54%  50%  49%  49%  48%  51%  49%  53%  51%  46%  48%  42%
  28   46%  40%  49%  51%  44%  46%  45%  54%  42%  53%  51%  49%  48%  39%  40%
  29   48%  47%  46%  44%  53%  52%  51%  55%  51%  47%  49%  51%  42%  40%  43%
  30   41%  45%  44%  48%  40%  38%  47%  45%  52%  48%  42%  53%  54%  49%  48%
TOTAL  40%  42%  41%  42%  41%  43%  45%  45%  51%  43%  43%  47%  50%  47%  48%

 ant   30
   0   47%
   1   42%
   2   48%
   3   38%
   4   41%
   5   55%
   6   47%
   7   44%
   8   51%
   9   42%
  10   44%
  11   41%
  12   40%
  13   42%
  14   39%
  15   41%
  16   45%
  17   44%
  18   48%
  19   40%
  20   38%
  21   47%
  22   45%
  23   52%
  24   48%
  25   42%
  26   53%
  27   54%
  28   49%
  29   48%
  30   55%
TOTAL  45%

Percentage of visibilities flagged per channel:
 channels        0
   0-   0:      43%
Total flagged:    42.859%   (76104 out of 177568 visibilities)

Percentage of flagged visibilities detected per correlation:
  [34992,10823,18133,12156] out of 177568 visibilities   [20%, 6%, 10%, 7%]

Total DP3 time        7.8 real        3.62 user        0.16 system
    2.5% (  194 ms) MSReader
   47.1% ( 3671 ms) MADFlagger flag.
           28.2% ( 1036 ms) of it spent in shuffling data
           71.1% ( 2609 ms) of it spent in calculating medians
   47.4% ( 3693 ms) MSWriter msout.
     14.1% (  520 ms) Creating task
     25.6% (  947 ms) Writing (threaded)
===================================================================================
Warning: you are using DPPP, the deprecated name for DP3, to start the program!
In March 2021, the main DP3 executable was renamed to 'DP3' to use one consistent
name. Your parameters are now forwarded to DP3, but this forwarding wrapper will be
removed in the future: update your commands/scripts and change 'DPPP' to 'DP3'!
===================================================================================
MSReader
  input MS:           /net/zernike/scratch3/hgan/processed/L2025886/SB000/CasA_SB060_Cycle0_avg.MS
  band                0
  startchan:          0  (0)
  nchan:              1  (0)
  ncorrelations:      4
  nbaselines:         496
  first time:         2023/09/21/12:34:00
  maximum time:       2023/09/21/12:35:00
  ntimes:             358
  time interval:      0.167772
  DATA column:        DATA
  extra data columns: 
  WEIGHT column:      WEIGHT_SPECTRUM
  FLAG column:        FLAG
  autoweight:         false
GainCal gaincal.
  parmdb:              /net/zernike/scratch3/hgan/processed/L2025886/SB000/CasA_SB060_Cycle0_avg.MS/instrument (will be created)
  solint:              358
  nchan:               1
  max iter:            50
  tolerance:           1e-05
  caltype:             diagonal
  apply solution:      false
  propagate solutions: false
  timeslotsperparmupdate: 500
  detect stalling:     true
  use model column:    false
  model column name:   
  Baseline selection:
    baseline:     
    corrtype:     
    blrange:      [500,12000]
Predict
OnePredict gaincal.
  sourcedb:                /net/zernike/scratch3/hgan/data/model/CasA.sourcedb
   number of patches:      18
   patches clustered:      true
   number of components:   24
   absolute orientation:   false
   all unpolarized:        false
   correct freq smearing:  false
  apply beam:              true
   mode:                   Full
   use channelfreq:        true
   one beam per patch:     false
   beam proximity limit:   60 arcsec
  operation:               replace
Processing 358 time slots ...

0%....10....20....30....40....50....60....70....80....90....100%
Finishing processing ...

NaN/infinite data flagged in reader
===================================

Percentage of flagged visibilities detected per correlation:
  [0,0,0,0] out of 177568 visibilities   [0%, 0%, 0%, 0%]
0 missing time slots were inserted

Total DP3 time       7.33 real        2.67 user         0.2 system
    2.3% (  164 ms) MSReader
   96.6% ( 7082 ms) GainCal gaincal.
           86.7% ( 6140 ms) of it spent in predict
            0.2% (   15 ms) of it spent in reordering visibility data
            8.0% (  567 ms) of it spent in estimating gains and computing residuals
            5.1% (  358 ms) of it spent in writing gain solutions to disk
        Converged: 0, stalled: 1, non converged: 0, failed: 0
        Iters converged: 0, stalled: 24, non converged: 0, failed: 0
===================================================================================
Warning: you are using DPPP, the deprecated name for DP3, to start the program!
In March 2021, the main DP3 executable was renamed to 'DP3' to use one consistent
name. Your parameters are now forwarded to DP3, but this forwarding wrapper will be
removed in the future: update your commands/scripts and change 'DPPP' to 'DP3'!
===================================================================================
MSReader
  input MS:           /net/zernike/scratch3/hgan/processed/L2025886/SB000/CasA_SB060_Cycle0_avg.MS
  band                0
  startchan:          0  (0)
  nchan:              1  (0)
  ncorrelations:      4
  nbaselines:         496
  first time:         2023/09/21/12:34:00
  maximum time:       2023/09/21/12:35:00
  ntimes:             358
  time interval:      0.167772
  DATA column:        DATA
  extra data columns: 
  WEIGHT column:      WEIGHT_SPECTRUM
  FLAG column:        FLAG
  autoweight:         false
ApplyCal applycal.
  Parmdb:         /net/zernike/scratch3/hgan/processed/L2025886/SB000/CasA_SB060_Cycle0_avg.MS/instrument
  Correction:       diagonal complex
    Ampl/Phase:   false
  Update weights:   false
  Invert:           true
    SigmaMMSE:    0
  TimeSlotsPerParmUpdate: 200
ApplyBeam applybeam.
  mode:              Full
  use channelfreq:   true
  direction:         []
  invert:            true
  update weights:    false
  input data has no beam correction applied.
MSUpdater msout.
  MS:             /net/zernike/scratch3/hgan/processed/L2025886/SB000/CasA_SB060_Cycle0_avg.MS
  datacolumn:     CORRECTED_DATA  (has been added to the MS)
  flagcolumn:     FLAG
  weightcolumn    WEIGHT_SPECTRUM
  writing:        data flags
  Compressed:     no

  flush:          0
Processing 358 time slots ...

0%....10....20....30....40....50....60....70....80....90....100%
Finishing processing ...

NaN/infinite data flagged in reader
===================================

Percentage of flagged visibilities detected per correlation:
  [0,0,0,0] out of 177568 visibilities   [0%, 0%, 0%, 0%]
0 missing time slots were inserted

Flags set by OneApplyCal applycal.
=======================

Percentage of visibilities flagged per baseline (antenna pair):
 ant    0    1    2    3    4    5    6    7    8    9   10   11   12   13   14
   0    0%   0%   0%   0%   0%   0%   0%   0%   0%   0%   0%   0%   0%   0%   0%
   1    0%   0%   0%   0%   0%   0%   0%   0%   0%   0%   0%   0%   0%   0%   0%
   2    0%   0%   0%   0%   0%   0%   0%   0%   0%   0%   0%   0%   0%   0%   0%
   3    0%   0%   0%   0%   0%   0%   0%   0%   0%   0%   0%   0%   0%   0%   0%
   4    0%   0%   0%   0%   0%   0%   0%   0%   0%   0%   0%   0%   0%   0%   0%
   5    0%   0%   0%   0%   0%   0%   0%   0%   0%   0%   0%   0%   0%   0%   0%
   6    0%   0%   0%   0%   0%   0%   0%   0%   0%   0%   0%   0%   0%   0%   0%
   7    0%   0%   0%   0%   0%   0%   0%   0%   0%   0%   0%   0%   0%   0%   0%
   8    0%   0%   0%   0%   0%   0%   0%   0%   0%   0%   0%   0%   0%   0%   0%
   9    0%   0%   0%   0%   0%   0%   0%   0%   0%   0%   0%   0%   0%   0%   0%
  10    0%   0%   0%   0%   0%   0%   0%   0%   0%   0%   0%   0%   0%   0%   0%
  11    0%   0%   0%   0%   0%   0%   0%   0%   0%   0%   0%   0%   0%   0%   0%
  12    0%   0%   0%   0%   0%   0%   0%   0%   0%   0%   0%   0%   0%   0%   0%
  13    0%   0%   0%   0%   0%   0%   0%   0%   0%   0%   0%   0%   0%   0%   0%
  14    0%   0%   0%   0%   0%   0%   0%   0%   0%   0%   0%   0%   0%   0%   0%
  15    0%   0%   0%   0%   0%   0%   0%   0%   0%   0%   0%   0%   0%   0%   0%
  16    0%   0%   0%   0%   0%   0%   0%   0%   0%   0%   0%   0%   0%   0%   0%
  17    0%   0%   0%   0%   0%   0%   0%   0%   0%   0%   0%   0%   0%   0%   0%
  18    0%   0%   0%   0%   0%   0%   0%   0%   0%   0%   0%   0%   0%   0%   0%
  19    0%   0%   0%   0%   0%   0%   0%   0%   0%   0%   0%   0%   0%   0%   0%
  20    0%   0%   0%   0%   0%   0%   0%   0%   0%   0%   0%   0%   0%   0%   0%
  21    0%   0%   0%   0%   0%   0%   0%   0%   0%   0%   0%   0%   0%   0%   0%
  22    0%   0%   0%   0%   0%   0%   0%   0%   0%   0%   0%   0%   0%   0%   0%
  23    0%   0%   0%   0%   0%   0%   0%   0%   0%   0%   0%   0%   0%   0%   0%
  24    0%   0%   0%   0%   0%   0%   0%   0%   0%   0%   0%   0%   0%   0%   0%
  25    0%   0%   0%   0%   0%   0%   0%   0%   0%   0%   0%   0%   0%   0%   0%
  26    0%   0%   0%   0%   0%   0%   0%   0%   0%   0%   0%   0%   0%   0%   0%
  27    0%   0%   0%   0%   0%   0%   0%   0%   0%   0%   0%   0%   0%   0%   0%
  28    0%   0%   0%   0%   0%   0%   0%   0%   0%   0%   0%   0%   0%   0%   0%
  29    0%   0%   0%   0%   0%   0%   0%   0%   0%   0%   0%   0%   0%   0%   0%
  30    0%   0%   0%   0%   0%   0%   0%   0%   0%   0%   0%   0%   0%   0%   0%
TOTAL   0%   0%   0%   0%   0%   0%   0%   0%   0%   0%   0%   0%   0%   0%   0%

 ant   15   16   17   18   19   20   21   22   23   24   25   26   27   28   29
   0    0%   0%   0%   0%   0%   0%   0%   0%   0%   0%   0%   0%   0%   0%   0%
   1    0%   0%   0%   0%   0%   0%   0%   0%   0%   0%   0%   0%   0%   0%   0%
   2    0%   0%   0%   0%   0%   0%   0%   0%   0%   0%   0%   0%   0%   0%   0%
   3    0%   0%   0%   0%   0%   0%   0%   0%   0%   0%   0%   0%   0%   0%   0%
   4    0%   0%   0%   0%   0%   0%   0%   0%   0%   0%   0%   0%   0%   0%   0%
   5    0%   0%   0%   0%   0%   0%   0%   0%   0%   0%   0%   0%   0%   0%   0%
   6    0%   0%   0%   0%   0%   0%   0%   0%   0%   0%   0%   0%   0%   0%   0%
   7    0%   0%   0%   0%   0%   0%   0%   0%   0%   0%   0%   0%   0%   0%   0%
   8    0%   0%   0%   0%   0%   0%   0%   0%   0%   0%   0%   0%   0%   0%   0%
   9    0%   0%   0%   0%   0%   0%   0%   0%   0%   0%   0%   0%   0%   0%   0%
  10    0%   0%   0%   0%   0%   0%   0%   0%   0%   0%   0%   0%   0%   0%   0%
  11    0%   0%   0%   0%   0%   0%   0%   0%   0%   0%   0%   0%   0%   0%   0%
  12    0%   0%   0%   0%   0%   0%   0%   0%   0%   0%   0%   0%   0%   0%   0%
  13    0%   0%   0%   0%   0%   0%   0%   0%   0%   0%   0%   0%   0%   0%   0%
  14    0%   0%   0%   0%   0%   0%   0%   0%   0%   0%   0%   0%   0%   0%   0%
  15    0%   0%   0%   0%   0%   0%   0%   0%   0%   0%   0%   0%   0%   0%   0%
  16    0%   0%   0%   0%   0%   0%   0%   0%   0%   0%   0%   0%   0%   0%   0%
  17    0%   0%   0%   0%   0%   0%   0%   0%   0%   0%   0%   0%   0%   0%   0%
  18    0%   0%   0%   0%   0%   0%   0%   0%   0%   0%   0%   0%   0%   0%   0%
  19    0%   0%   0%   0%   0%   0%   0%   0%   0%   0%   0%   0%   0%   0%   0%
  20    0%   0%   0%   0%   0%   0%   0%   0%   0%   0%   0%   0%   0%   0%   0%
  21    0%   0%   0%   0%   0%   0%   0%   0%   0%   0%   0%   0%   0%   0%   0%
  22    0%   0%   0%   0%   0%   0%   0%   0%   0%   0%   0%   0%   0%   0%   0%
  23    0%   0%   0%   0%   0%   0%   0%   0%   0%   0%   0%   0%   0%   0%   0%
  24    0%   0%   0%   0%   0%   0%   0%   0%   0%   0%   0%   0%   0%   0%   0%
  25    0%   0%   0%   0%   0%   0%   0%   0%   0%   0%   0%   0%   0%   0%   0%
  26    0%   0%   0%   0%   0%   0%   0%   0%   0%   0%   0%   0%   0%   0%   0%
  27    0%   0%   0%   0%   0%   0%   0%   0%   0%   0%   0%   0%   0%   0%   0%
  28    0%   0%   0%   0%   0%   0%   0%   0%   0%   0%   0%   0%   0%   0%   0%
  29    0%   0%   0%   0%   0%   0%   0%   0%   0%   0%   0%   0%   0%   0%   0%
  30    0%   0%   0%   0%   0%   0%   0%   0%   0%   0%   0%   0%   0%   0%   0%
TOTAL   0%   0%   0%   0%   0%   0%   0%   0%   0%   0%   0%   0%   0%   0%   0%

 ant   30
   0    0%
   1    0%
   2    0%
   3    0%
   4    0%
   5    0%
   6    0%
   7    0%
   8    0%
   9    0%
  10    0%
  11    0%
  12    0%
  13    0%
  14    0%
  15    0%
  16    0%
  17    0%
  18    0%
  19    0%
  20    0%
  21    0%
  22    0%
  23    0%
  24    0%
  25    0%
  26    0%
  27    0%
  28    0%
  29    0%
  30    0%
TOTAL   0%

Percentage of visibilities flagged per channel:
 channels        0
   0-   0:       0%
Total flagged:     0.000%   (0 out of 177568 visibilities)

Total DP3 time       1.07 real        0.85 user        0.06 system
   11.3% (  121 ms) MSReader
   12.9% (  138 ms) OneApplyCal applycal.
   33.3% (  357 ms) ApplyBeam applybeam.
   15.1% (  162 ms) MSUpdater msout.
===================================================================================
Warning: you are using DPPP, the deprecated name for DP3, to start the program!
In March 2021, the main DP3 executable was renamed to 'DP3' to use one consistent
name. Your parameters are now forwarded to DP3, but this forwarding wrapper will be
removed in the future: update your commands/scripts and change 'DPPP' to 'DP3'!
===================================================================================
MSReader
  input MS:           /net/zernike/scratch3/hgan/processed/L2025886/SB000/CasA_SB060_Cycle0_avg.MS
  band                0
  startchan:          0  (0)
  nchan:              1  (0)
  ncorrelations:      4
  nbaselines:         496
  first time:         2023/09/21/12:34:00
  maximum time:       2023/09/21/12:35:00
  ntimes:             358
  time interval:      0.167772
  DATA column:        CORRECTED_DATA
  extra data columns: 
  WEIGHT column:      WEIGHT_SPECTRUM
  FLAG column:        FLAG
  autoweight:         false
MADFlagger flag.
  freqwindow:     1   (max = 1)
  timewindow:     600   (max = 357)
  threshold:      1.   (max = 1)
  correlations:   [0,2,3,1]
  applyautocorr:  0   (nautocorr = 31)
  blmin:          -1 m
  blmax:          1e+30 m
MSUpdater msout.
  MS:             /net/zernike/scratch3/hgan/processed/L2025886/SB000/CasA_SB060_Cycle0_avg.MS
  datacolumn:     CORRECTED_DATA
  flagcolumn:     FLAG
  weightcolumn    WEIGHT_SPECTRUM
  writing:        data flags
  Compressed:     no

  flush:          0
Processing 358 time slots ...

0%....10....20....30....40....50....60....70....80....90....100%
Finishing processing ...

NaN/infinite data flagged in reader
===================================

Percentage of flagged visibilities detected per correlation:
  [0,0,0,0] out of 177568 visibilities   [0%, 0%, 0%, 0%]
0 missing time slots were inserted

Flags set by MADFlagger flag.
=======================

Percentage of visibilities flagged per baseline (antenna pair):
 ant    0    1    2    3    4    5    6    7    8    9   10   11   12   13   14
   0   46%  42%  40%  33%  47%  43%  35%  34%  38%  34%  44%  44%  35%  39%  40%
   1   42%  35%  25%  34%  34%  40%  40%  37%  47%  40%  42%  41%  43%  36%  42%
   2   40%  25%  30%  31%  37%  38%  37%  32%  35%  40%  34%  34%  39%  29%  44%
   3   33%  34%  31%  41%  40%  37%  42%  34%  40%  35%  46%  36%  42%  34%  42%
   4   47%  34%  37%  40%  45%  43%  44%  40%  44%  46%  42%  44%  38%  38%  46%
   5   43%  40%  38%  37%  43%  46%  43%  44%  42%  39%  42%  39%  40%  43%  39%
   6   35%  40%  37%  42%  44%  43%  49%  41%  47%  45%  49%  44%  39%  37%  47%
   7   34%  37%  32%  34%  40%  44%  41%  46%  43%  39%  41%  35%  42%  32%  41%
   8   38%  47%  35%  40%  44%  42%  47%  43%  46%  35%  57%  39%  42%  38%  37%
   9   34%  40%  40%  35%  46%  39%  45%  39%  35%  50%  39%  40%  41%  39%  34%
  10   44%  42%  34%  46%  42%  42%  49%  41%  57%  39%  36%  51%  41%  37%  42%
  11   44%  41%  34%  36%  44%  39%  44%  35%  39%  40%  51%  46%  41%  36%  46%
  12   35%  43%  39%  42%  38%  40%  39%  42%  42%  41%  41%  41%  48%  40%  42%
  13   39%  36%  29%  34%  38%  43%  37%  32%  38%  39%  37%  36%  40%  48%  47%
  14   40%  42%  44%  42%  46%  39%  47%  41%  37%  34%  42%  46%  42%  47%  48%
  15   44%  41%  34%  39%  40%  42%  38%  42%  40%  42%  38%  48%  43%  39%  34%
  16   35%  40%  43%  41%  43%  41%  41%  37%  45%  36%  43%  41%  35%  34%  42%
  17   41%  42%  35%  36%  43%  37%  38%  44%  34%  41%  41%  35%  43%  38%  45%
  18   43%  39%  34%  41%  45%  41%  42%  47%  42%  40%  46%  40%  46%  41%  46%
  19   45%  41%  47%  33%  39%  41%  43%  43%  44%  46%  41%  36%  41%  38%  40%
  20   46%  41%  39%  36%  38%  42%  47%  43%  38%  37%  49%  45%  38%  38%  38%
  21   48%  42%  40%  42%  45%  43%  47%  49%  44%  49%  47%  44%  50%  46%  40%
  22   47%  45%  43%  49%  51%  48%  46%  49%  56%  57%  47%  50%  50%  46%  46%
  23   51%  48%  51%  49%  51%  51%  52%  47%  47%  48%  52%  49%  54%  46%  50%
  24   44%  42%  43%  46%  47%  40%  46%  46%  45%  41%  53%  42%  50%  41%  47%
  25   37%  33%  37%  33%  27%  35%  34%  41%  35%  32%  34%  32%  30%  37%  40%
  26   42%  45%  41%  44%  40%  42%  44%  42%  44%  47%  41%  41%  49%  44%  44%
  27   42%  37%  39%  39%  40%  38%  40%  35%  40%  35%  37%  39%  43%  40%  40%
  28   30%  30%  30%  33%  33%  32%  34%  33%  33%  33%  31%  32%  30%  31%  29%
  29   51%  51%  49%  49%  51%  49%  54%  46%  53%  47%  53%  48%  53%  46%  50%
  30   46%  53%  47%  49%  43%  51%  51%  47%  47%  51%  46%  45%  50%  47%  47%
TOTAL  42%  40%  38%  40%  42%  42%  43%  41%  42%  41%  43%  41%  43%  40%  43%

 ant   15   16   17   18   19   20   21   22   23   24   25   26   27   28   29
   0   44%  35%  41%  43%  45%  46%  48%  47%  51%  44%  37%  42%  42%  30%  51%
   1   41%  40%  42%  39%  41%  41%  42%  45%  48%  42%  33%  45%  37%  30%  51%
   2   34%  43%  35%  34%  47%  39%  40%  43%  51%  43%  37%  41%  39%  30%  49%
   3   39%  41%  36%  41%  33%  36%  42%  49%  49%  46%  33%  44%  39%  33%  49%
   4   40%  43%  43%  45%  39%  38%  45%  51%  51%  47%  27%  40%  40%  33%  51%
   5   42%  41%  37%  41%  41%  42%  43%  48%  51%  40%  35%  42%  38%  32%  49%
   6   38%  41%  38%  42%  43%  47%  47%  46%  52%  46%  34%  44%  40%  34%  54%
   7   42%  37%  44%  47%  43%  43%  49%  49%  47%  46%  41%  42%  35%  33%  46%
   8   40%  45%  34%  42%  44%  38%  44%  56%  47%  45%  35%  44%  40%  33%  53%
   9   42%  36%  41%  40%  46%  37%  49%  57%  48%  41%  32%  47%  35%  33%  47%
  10   38%  43%  41%  46%  41%  49%  47%  47%  52%  53%  34%  41%  37%  31%  53%
  11   48%  41%  35%  40%  36%  45%  44%  50%  49%  42%  32%  41%  39%  32%  48%
  12   43%  35%  43%  46%  41%  38%  50%  50%  54%  50%  30%  49%  43%  30%  53%
  13   39%  34%  38%  41%  38%  38%  46%  46%  46%  41%  37%  44%  40%  31%  46%
  14   34%  42%  45%  46%  40%  38%  40%  46%  50%  47%  40%  44%  40%  29%  50%
  15   45%  41%  38%  43%  42%  35%  47%  49%  47%  42%  34%  42%  39%  33%  49%
  16   41%  53%  49%  40%  44%  42%  51%  53%  53%  46%  36%  45%  37%  32%  49%
  17   38%  49%  41%  39%  38%  41%  43%  40%  49%  39%  35%  44%  36%  33%  47%
  18   43%  40%  39%  47%  39%  44%  45%  48%  53%  42%  36%  43%  39%  36%  49%
  19   42%  44%  38%  39%  43%  37%  45%  43%  49%  38%  35%  44%  39%  31%  46%
  20   35%  42%  41%  44%  37%  45%  45%  47%  48%  46%  29%  44%  39%  35%  47%
  21   47%  51%  43%  45%  45%  45%  47%  46%  56%  45%  34%  47%  39%  34%  51%
  22   49%  53%  40%  48%  43%  47%  46%  48%  51%  42%  29%  44%  37%  32%  44%
  23   47%  53%  49%  53%  49%  48%  56%  51%  41%  54%  36%  47%  45%  29%  51%
  24   42%  46%  39%  42%  38%  46%  45%  42%  54%  48%  38%  45%  33%  35%  47%
  25   34%  36%  35%  36%  35%  29%  34%  29%  36%  38%  27%  30%  24%  24%  35%
  26   42%  45%  44%  43%  44%  44%  47%  44%  47%  45%  30%  43%  39%  32%  52%
  27   39%  37%  36%  39%  39%  39%  39%  37%  45%  33%  24%  39%  28%  26%  36%
  28   33%  32%  33%  36%  31%  35%  34%  32%  29%  35%  24%  32%  26%  25%  33%
  29   49%  49%  47%  49%  46%  47%  51%  44%  51%  47%  35%  52%  36%  33%  49%
  30   47%  53%  43%  50%  46%  49%  53%  51%  53%  46%  32%  50%  35%  32%  47%
TOTAL  41%  43%  40%  43%  41%  42%  45%  46%  49%  44%  33%  43%  37%  32%  48%

 ant   30
   0   46%
   1   53%
   2   47%
   3   49%
   4   43%
   5   51%
   6   51%
   7   47%
   8   47%
   9   51%
  10   46%
  11   45%
  12   50%
  13   47%
  14   47%
  15   47%
  16   53%
  17   43%
  18   50%
  19   46%
  20   49%
  21   53%
  22   51%
  23   53%
  24   46%
  25   32%
  26   50%
  27   35%
  28   32%
  29   47%
  30   54%
TOTAL  47%

Percentage of visibilities flagged per channel:
 channels        0
   0-   0:      42%
Total flagged:    41.765%   (74162 out of 177568 visibilities)

Percentage of flagged visibilities detected per correlation:
  [34689,9437,19357,10679] out of 177568 visibilities   [20%, 5%, 11%, 6%]

Total DP3 time       4.28 real        3.73 user        0.03 system
    4.0% (  172 ms) MSReader
   89.2% ( 3818 ms) MADFlagger flag.
           27.3% ( 1043 ms) of it spent in shuffling data
           72.5% ( 2767 ms) of it spent in calculating medians
    6.3% (  268 ms) MSUpdater msout.
