===================================================================================
Warning: you are using DPPP, the deprecated name for DP3, to start the program!
In March 2021, the main DP3 executable was renamed to 'DP3' to use one consistent
name. Your parameters are now forwarded to DP3, but this forwarding wrapper will be
removed in the future: update your commands/scripts and change 'DPPP' to 'DP3'!
===================================================================================
 copying info and subtables ...
Finished preparing output MS
MsReader
  input MS:           /net/zernike/scratch3/hgan/data/raw_data/L2025886/L2025887_SAP001_SB060_uv.MS
  band                0
  startchan:          0  (0)
  nchan:              1  (0)
  ncorrelations:      4
  nbaselines:         496
  first time:         2023/09/21/12:49:00
  maximum time:       2023/09/21/12:50:00
  ntimes:             357
  time interval:      0.167772
  DATA column:        DATA
  extra data columns: 
  WEIGHT column:      WEIGHT_SPECTRUM
  FLAG column:        FLAG
  autoweight:         false
MSWriter msout.
  output MS:      /net/zernike/scratch3/hgan/processed/L2025886_exp2/case4/SB000/CasA_SB060_Cycle0_raw.MS
  nchan:          1
  ncorrelations:  4
  nbaselines:     496
  ntimes:         357
  time interval:  0.167772
  DATA column:    DATA
  FLAG column:    FLAG
  WEIGHT column:  WEIGHT_SPECTRUM
  Compressed:     no
  use thread:     true
Processing 357 time slots ...

0%....10....20....30....40....50....60....70....80....90....100%
Finishing processing ...

NaN/infinite data flagged in reader
===================================

Percentage of flagged visibilities detected per correlation:
  [0,0,0,0] out of 177072 visibilities   [0%, 0%, 0%, 0%]
0 missing time slots were inserted

Total DP3 time       4.45 real        0.92 user         0.1 system
   16.5% (  733 ms) MsReader
   83.3% ( 3709 ms) MSWriter msout.
     17.0% (  631 ms) Creating task
     19.6% (  726 ms) Writing (threaded)
===================================================================================
Warning: you are using DPPP, the deprecated name for DP3, to start the program!
In March 2021, the main DP3 executable was renamed to 'DP3' to use one consistent
name. Your parameters are now forwarded to DP3, but this forwarding wrapper will be
removed in the future: update your commands/scripts and change 'DPPP' to 'DP3'!
===================================================================================
 copying info and subtables ...
Finished preparing output MS
MsReader
  input MS:           /net/zernike/scratch3/hgan/data/raw_data/L2025886/L2025886_SAP000_SB000_uv.MS
  band                0
  startchan:          0  (0)
  nchan:              1  (0)
  ncorrelations:      4
  nbaselines:         496
  first time:         2023/09/21/12:49:00
  maximum time:       2023/09/21/12:50:00
  ntimes:             357
  time interval:      0.167772
  DATA column:        DATA
  extra data columns: 
  WEIGHT column:      WEIGHT_SPECTRUM
  FLAG column:        FLAG
  autoweight:         false
MSWriter msout.
  output MS:      /net/zernike/scratch3/hgan/processed/L2025886_exp2/case4/SB000/Sun_SB000_Cycle0_raw.MS
  nchan:          1
  ncorrelations:  4
  nbaselines:     496
  ntimes:         357
  time interval:  0.167772
  DATA column:    DATA
  FLAG column:    FLAG
  WEIGHT column:  WEIGHT_SPECTRUM
  Compressed:     no
  use thread:     true
Processing 357 time slots ...

0%....10....20....30....40....50....60....70....80....90....100%
Finishing processing ...

NaN/infinite data flagged in reader
===================================

Percentage of flagged visibilities detected per correlation:
  [0,0,0,0] out of 177072 visibilities   [0%, 0%, 0%, 0%]
0 missing time slots were inserted

Total DP3 time       5.02 real        1.32 user        0.15 system
   15.2% (  762 ms) MsReader
   84.5% ( 4239 ms) MSWriter msout.
     16.9% (  714 ms) Creating task
     21.1% (  892 ms) Writing (threaded)
===================================================================================
Warning: you are using DPPP, the deprecated name for DP3, to start the program!
In March 2021, the main DP3 executable was renamed to 'DP3' to use one consistent
name. Your parameters are now forwarded to DP3, but this forwarding wrapper will be
removed in the future: update your commands/scripts and change 'DPPP' to 'DP3'!
===================================================================================
 copying info and subtables ...
Finished preparing output MS
MsReader
  input MS:           /net/zernike/scratch3/hgan/data/raw_data/L2025886/L2025887_SAP001_SB061_uv.MS
  band                0
  startchan:          0  (0)
  nchan:              1  (0)
  ncorrelations:      4
  nbaselines:         496
  first time:         2023/09/21/12:49:00
  maximum time:       2023/09/21/12:50:00
  ntimes:             357
  time interval:      0.167772
  DATA column:        DATA
  extra data columns: 
  WEIGHT column:      WEIGHT_SPECTRUM
  FLAG column:        FLAG
  autoweight:         false
MSWriter msout.
  output MS:      /net/zernike/scratch3/hgan/processed/L2025886_exp2/case4/SB001/CasA_SB061_Cycle0_raw.MS
  nchan:          1
  ncorrelations:  4
  nbaselines:     496
  ntimes:         357
  time interval:  0.167772
  DATA column:    DATA
  FLAG column:    FLAG
  WEIGHT column:  WEIGHT_SPECTRUM
  Compressed:     no
  use thread:     true
Processing 357 time slots ...

0%....10....20....30....40....50....60....70....80....90....100%
Finishing processing ...

NaN/infinite data flagged in reader
===================================

Percentage of flagged visibilities detected per correlation:
  [0,0,0,0] out of 177072 visibilities   [0%, 0%, 0%, 0%]
0 missing time slots were inserted

Total DP3 time        4.7 real        1.25 user        0.23 system
   17.9% (  840 ms) MsReader
   81.8% ( 3838 ms) MSWriter msout.
     18.2% (  698 ms) Creating task
     23.1% (  885 ms) Writing (threaded)
===================================================================================
Warning: you are using DPPP, the deprecated name for DP3, to start the program!
In March 2021, the main DP3 executable was renamed to 'DP3' to use one consistent
name. Your parameters are now forwarded to DP3, but this forwarding wrapper will be
removed in the future: update your commands/scripts and change 'DPPP' to 'DP3'!
===================================================================================
 copying info and subtables ...
Finished preparing output MS
MsReader
  input MS:           /net/zernike/scratch3/hgan/data/raw_data/L2025886/L2025886_SAP000_SB001_uv.MS
  band                0
  startchan:          0  (0)
  nchan:              1  (0)
  ncorrelations:      4
  nbaselines:         496
  first time:         2023/09/21/12:49:00
  maximum time:       2023/09/21/12:50:00
  ntimes:             357
  time interval:      0.167772
  DATA column:        DATA
  extra data columns: 
  WEIGHT column:      WEIGHT_SPECTRUM
  FLAG column:        FLAG
  autoweight:         false
MSWriter msout.
  output MS:      /net/zernike/scratch3/hgan/processed/L2025886_exp2/case4/SB001/Sun_SB001_Cycle0_raw.MS
  nchan:          1
  ncorrelations:  4
  nbaselines:     496
  ntimes:         357
  time interval:  0.167772
  DATA column:    DATA
  FLAG column:    FLAG
  WEIGHT column:  WEIGHT_SPECTRUM
  Compressed:     no
  use thread:     true
Processing 357 time slots ...

0%....10....20....30....40....50....60....70....80....90....100%
Finishing processing ...

NaN/infinite data flagged in reader
===================================

Percentage of flagged visibilities detected per correlation:
  [0,0,0,0] out of 177072 visibilities   [0%, 0%, 0%, 0%]
0 missing time slots were inserted

Total DP3 time       4.54 real        0.94 user        0.13 system
   14.8% (  669 ms) MsReader
   85.0% ( 3854 ms) MSWriter msout.
     16.6% (  638 ms) Creating task
     18.9% (  727 ms) Writing (threaded)
===================================================================================
Warning: you are using DPPP, the deprecated name for DP3, to start the program!
In March 2021, the main DP3 executable was renamed to 'DP3' to use one consistent
name. Your parameters are now forwarded to DP3, but this forwarding wrapper will be
removed in the future: update your commands/scripts and change 'DPPP' to 'DP3'!
===================================================================================
 copying info and subtables ...
Finished preparing output MS
MsReader
  input MS:           /net/zernike/scratch3/hgan/data/raw_data/L2025886/L2025887_SAP001_SB062_uv.MS
  band                0
  startchan:          0  (0)
  nchan:              1  (0)
  ncorrelations:      4
  nbaselines:         496
  first time:         2023/09/21/12:49:00
  maximum time:       2023/09/21/12:50:00
  ntimes:             357
  time interval:      0.167772
  DATA column:        DATA
  extra data columns: 
  WEIGHT column:      WEIGHT_SPECTRUM
  FLAG column:        FLAG
  autoweight:         false
MSWriter msout.
  output MS:      /net/zernike/scratch3/hgan/processed/L2025886_exp2/case4/SB002/CasA_SB062_Cycle0_raw.MS
  nchan:          1
  ncorrelations:  4
  nbaselines:     496
  ntimes:         357
  time interval:  0.167772
  DATA column:    DATA
  FLAG column:    FLAG
  WEIGHT column:  WEIGHT_SPECTRUM
  Compressed:     no
  use thread:     true
Processing 357 time slots ...

0%....10....20....30....40....50....60....70....80....90....100%
Finishing processing ...

NaN/infinite data flagged in reader
===================================

Percentage of flagged visibilities detected per correlation:
  [0,0,0,0] out of 177072 visibilities   [0%, 0%, 0%, 0%]
0 missing time slots were inserted

Total DP3 time       4.41 real        0.93 user        0.09 system
   17.4% (  767 ms) MsReader
   82.4% ( 3639 ms) MSWriter msout.
     14.8% (  538 ms) Creating task
     17.5% (  635 ms) Writing (threaded)
===================================================================================
Warning: you are using DPPP, the deprecated name for DP3, to start the program!
In March 2021, the main DP3 executable was renamed to 'DP3' to use one consistent
name. Your parameters are now forwarded to DP3, but this forwarding wrapper will be
removed in the future: update your commands/scripts and change 'DPPP' to 'DP3'!
===================================================================================
 copying info and subtables ...
Finished preparing output MS
MsReader
  input MS:           /net/zernike/scratch3/hgan/data/raw_data/L2025886/L2025886_SAP000_SB002_uv.MS
  band                0
  startchan:          0  (0)
  nchan:              1  (0)
  ncorrelations:      4
  nbaselines:         496
  first time:         2023/09/21/12:49:00
  maximum time:       2023/09/21/12:50:00
  ntimes:             357
  time interval:      0.167772
  DATA column:        DATA
  extra data columns: 
  WEIGHT column:      WEIGHT_SPECTRUM
  FLAG column:        FLAG
  autoweight:         false
MSWriter msout.
  output MS:      /net/zernike/scratch3/hgan/processed/L2025886_exp2/case4/SB002/Sun_SB002_Cycle0_raw.MS
  nchan:          1
  ncorrelations:  4
  nbaselines:     496
  ntimes:         357
  time interval:  0.167772
  DATA column:    DATA
  FLAG column:    FLAG
  WEIGHT column:  WEIGHT_SPECTRUM
  Compressed:     no
  use thread:     true
Processing 357 time slots ...

0%....10....20....30....40....50....60....70....80....90....100%
Finishing processing ...

NaN/infinite data flagged in reader
===================================

Percentage of flagged visibilities detected per correlation:
  [0,0,0,0] out of 177072 visibilities   [0%, 0%, 0%, 0%]
0 missing time slots were inserted

Total DP3 time       4.75 real        0.92 user        0.09 system
   14.1% (  669 ms) MsReader
   85.7% ( 4069 ms) MSWriter msout.
     14.8% (  600 ms) Creating task
     16.9% (  688 ms) Writing (threaded)
===================================================================================
Warning: you are using DPPP, the deprecated name for DP3, to start the program!
In March 2021, the main DP3 executable was renamed to 'DP3' to use one consistent
name. Your parameters are now forwarded to DP3, but this forwarding wrapper will be
removed in the future: update your commands/scripts and change 'DPPP' to 'DP3'!
===================================================================================
 copying info and subtables ...
Finished preparing output MS
MsReader
  input MS:           /net/zernike/scratch3/hgan/data/raw_data/L2025886/L2025887_SAP001_SB063_uv.MS
  band                0
  startchan:          0  (0)
  nchan:              1  (0)
  ncorrelations:      4
  nbaselines:         496
  first time:         2023/09/21/12:49:00
  maximum time:       2023/09/21/12:50:00
  ntimes:             357
  time interval:      0.167772
  DATA column:        DATA
  extra data columns: 
  WEIGHT column:      WEIGHT_SPECTRUM
  FLAG column:        FLAG
  autoweight:         false
MSWriter msout.
  output MS:      /net/zernike/scratch3/hgan/processed/L2025886_exp2/case4/SB003/CasA_SB063_Cycle0_raw.MS
  nchan:          1
  ncorrelations:  4
  nbaselines:     496
  ntimes:         357
  time interval:  0.167772
  DATA column:    DATA
  FLAG column:    FLAG
  WEIGHT column:  WEIGHT_SPECTRUM
  Compressed:     no
  use thread:     true
Processing 357 time slots ...

0%....10....20....30....40....50....60....70....80....90....100%
Finishing processing ...

NaN/infinite data flagged in reader
===================================

Percentage of flagged visibilities detected per correlation:
  [0,0,0,0] out of 177072 visibilities   [0%, 0%, 0%, 0%]
0 missing time slots were inserted

Total DP3 time       4.62 real         1.1 user        0.11 system
   16.9% (  780 ms) MsReader
   82.9% ( 3830 ms) MSWriter msout.
     17.2% (  658 ms) Creating task
     20.8% (  796 ms) Writing (threaded)
===================================================================================
Warning: you are using DPPP, the deprecated name for DP3, to start the program!
In March 2021, the main DP3 executable was renamed to 'DP3' to use one consistent
name. Your parameters are now forwarded to DP3, but this forwarding wrapper will be
removed in the future: update your commands/scripts and change 'DPPP' to 'DP3'!
===================================================================================
 copying info and subtables ...
Finished preparing output MS
MsReader
  input MS:           /net/zernike/scratch3/hgan/data/raw_data/L2025886/L2025886_SAP000_SB003_uv.MS
  band                0
  startchan:          0  (0)
  nchan:              1  (0)
  ncorrelations:      4
  nbaselines:         496
  first time:         2023/09/21/12:49:00
  maximum time:       2023/09/21/12:50:00
  ntimes:             357
  time interval:      0.167772
  DATA column:        DATA
  extra data columns: 
  WEIGHT column:      WEIGHT_SPECTRUM
  FLAG column:        FLAG
  autoweight:         false
MSWriter msout.
  output MS:      /net/zernike/scratch3/hgan/processed/L2025886_exp2/case4/SB003/Sun_SB003_Cycle0_raw.MS
  nchan:          1
  ncorrelations:  4
  nbaselines:     496
  ntimes:         357
  time interval:  0.167772
  DATA column:    DATA
  FLAG column:    FLAG
  WEIGHT column:  WEIGHT_SPECTRUM
  Compressed:     no
  use thread:     true
Processing 357 time slots ...

0%....10....20....30....40....50....60....70....80....90....100%
Finishing processing ...

NaN/infinite data flagged in reader
===================================

Percentage of flagged visibilities detected per correlation:
  [0,0,0,0] out of 177072 visibilities   [0%, 0%, 0%, 0%]
0 missing time slots were inserted

Total DP3 time       5.42 real        1.31 user        0.18 system
   14.6% (  792 ms) MsReader
   85.2% ( 4616 ms) MSWriter msout.
     18.2% (  838 ms) Creating task
     22.0% ( 1015 ms) Writing (threaded)
===================================================================================
Warning: you are using DPPP, the deprecated name for DP3, to start the program!
In March 2021, the main DP3 executable was renamed to 'DP3' to use one consistent
name. Your parameters are now forwarded to DP3, but this forwarding wrapper will be
removed in the future: update your commands/scripts and change 'DPPP' to 'DP3'!
===================================================================================
 copying info and subtables ...
Finished preparing output MS
MsReader
  input MS:           /net/zernike/scratch3/hgan/data/raw_data/L2025886/L2025887_SAP001_SB064_uv.MS
  band                0
  startchan:          0  (0)
  nchan:              1  (0)
  ncorrelations:      4
  nbaselines:         496
  first time:         2023/09/21/12:49:00
  maximum time:       2023/09/21/12:50:00
  ntimes:             357
  time interval:      0.167772
  DATA column:        DATA
  extra data columns: 
  WEIGHT column:      WEIGHT_SPECTRUM
  FLAG column:        FLAG
  autoweight:         false
MSWriter msout.
  output MS:      /net/zernike/scratch3/hgan/processed/L2025886_exp2/case4/SB004/CasA_SB064_Cycle0_raw.MS
  nchan:          1
  ncorrelations:  4
  nbaselines:     496
  ntimes:         357
  time interval:  0.167772
  DATA column:    DATA
  FLAG column:    FLAG
  WEIGHT column:  WEIGHT_SPECTRUM
  Compressed:     no
  use thread:     true
Processing 357 time slots ...

0%....10....20....30....40....50....60....70....80....90....100%
Finishing processing ...

NaN/infinite data flagged in reader
===================================

Percentage of flagged visibilities detected per correlation:
  [0,0,0,0] out of 177072 visibilities   [0%, 0%, 0%, 0%]
0 missing time slots were inserted

Total DP3 time       4.91 real        1.26 user        0.19 system
   17.6% (  867 ms) MsReader
   82.1% ( 4035 ms) MSWriter msout.
     16.4% (  663 ms) Creating task
     21.0% (  845 ms) Writing (threaded)
===================================================================================
Warning: you are using DPPP, the deprecated name for DP3, to start the program!
In March 2021, the main DP3 executable was renamed to 'DP3' to use one consistent
name. Your parameters are now forwarded to DP3, but this forwarding wrapper will be
removed in the future: update your commands/scripts and change 'DPPP' to 'DP3'!
===================================================================================
 copying info and subtables ...
Finished preparing output MS
MsReader
  input MS:           /net/zernike/scratch3/hgan/data/raw_data/L2025886/L2025886_SAP000_SB004_uv.MS
  band                0
  startchan:          0  (0)
  nchan:              1  (0)
  ncorrelations:      4
  nbaselines:         496
  first time:         2023/09/21/12:49:00
  maximum time:       2023/09/21/12:50:00
  ntimes:             357
  time interval:      0.167772
  DATA column:        DATA
  extra data columns: 
  WEIGHT column:      WEIGHT_SPECTRUM
  FLAG column:        FLAG
  autoweight:         false
MSWriter msout.
  output MS:      /net/zernike/scratch3/hgan/processed/L2025886_exp2/case4/SB004/Sun_SB004_Cycle0_raw.MS
  nchan:          1
  ncorrelations:  4
  nbaselines:     496
  ntimes:         357
  time interval:  0.167772
  DATA column:    DATA
  FLAG column:    FLAG
  WEIGHT column:  WEIGHT_SPECTRUM
  Compressed:     no
  use thread:     true
Processing 357 time slots ...

0%....10....20....30....40....50....60....70....80....90....100%
Finishing processing ...

NaN/infinite data flagged in reader
===================================

Percentage of flagged visibilities detected per correlation:
  [0,0,0,0] out of 177072 visibilities   [0%, 0%, 0%, 0%]
0 missing time slots were inserted

Total DP3 time       4.93 real        1.31 user        0.19 system
   16.0% (  790 ms) MsReader
   83.7% ( 4127 ms) MSWriter msout.
     18.0% (  744 ms) Creating task
     22.4% (  923 ms) Writing (threaded)
===================================================================================
Warning: you are using DPPP, the deprecated name for DP3, to start the program!
In March 2021, the main DP3 executable was renamed to 'DP3' to use one consistent
name. Your parameters are now forwarded to DP3, but this forwarding wrapper will be
removed in the future: update your commands/scripts and change 'DPPP' to 'DP3'!
===================================================================================
 copying info and subtables ...
Finished preparing output MS
MsReader
  input MS:           /net/zernike/scratch3/hgan/data/raw_data/L2025886/L2025887_SAP001_SB065_uv.MS
  band                0
  startchan:          0  (0)
  nchan:              1  (0)
  ncorrelations:      4
  nbaselines:         496
  first time:         2023/09/21/12:49:00
  maximum time:       2023/09/21/12:50:00
  ntimes:             357
  time interval:      0.167772
  DATA column:        DATA
  extra data columns: 
  WEIGHT column:      WEIGHT_SPECTRUM
  FLAG column:        FLAG
  autoweight:         false
MSWriter msout.
  output MS:      /net/zernike/scratch3/hgan/processed/L2025886_exp2/case4/SB005/CasA_SB065_Cycle0_raw.MS
  nchan:          1
  ncorrelations:  4
  nbaselines:     496
  ntimes:         357
  time interval:  0.167772
  DATA column:    DATA
  FLAG column:    FLAG
  WEIGHT column:  WEIGHT_SPECTRUM
  Compressed:     no
  use thread:     true
Processing 357 time slots ...

0%....10....20....30....40....50....60....70....80....90....100%
Finishing processing ...

NaN/infinite data flagged in reader
===================================

Percentage of flagged visibilities detected per correlation:
  [0,0,0,0] out of 177072 visibilities   [0%, 0%, 0%, 0%]
0 missing time slots were inserted

Total DP3 time       4.99 real        1.29 user         0.2 system
   16.6% (  827 ms) MsReader
   83.2% ( 4146 ms) MSWriter msout.
     17.8% (  738 ms) Creating task
     22.6% (  935 ms) Writing (threaded)
===================================================================================
Warning: you are using DPPP, the deprecated name for DP3, to start the program!
In March 2021, the main DP3 executable was renamed to 'DP3' to use one consistent
name. Your parameters are now forwarded to DP3, but this forwarding wrapper will be
removed in the future: update your commands/scripts and change 'DPPP' to 'DP3'!
===================================================================================
 copying info and subtables ...
Finished preparing output MS
MsReader
  input MS:           /net/zernike/scratch3/hgan/data/raw_data/L2025886/L2025886_SAP000_SB005_uv.MS
  band                0
  startchan:          0  (0)
  nchan:              1  (0)
  ncorrelations:      4
  nbaselines:         496
  first time:         2023/09/21/12:49:00
  maximum time:       2023/09/21/12:50:00
  ntimes:             357
  time interval:      0.167772
  DATA column:        DATA
  extra data columns: 
  WEIGHT column:      WEIGHT_SPECTRUM
  FLAG column:        FLAG
  autoweight:         false
MSWriter msout.
  output MS:      /net/zernike/scratch3/hgan/processed/L2025886_exp2/case4/SB005/Sun_SB005_Cycle0_raw.MS
  nchan:          1
  ncorrelations:  4
  nbaselines:     496
  ntimes:         357
  time interval:  0.167772
  DATA column:    DATA
  FLAG column:    FLAG
  WEIGHT column:  WEIGHT_SPECTRUM
  Compressed:     no
  use thread:     true
Processing 357 time slots ...

0%....10....20....30....40....50....60....70....80....90....100%
Finishing processing ...

NaN/infinite data flagged in reader
===================================

Percentage of flagged visibilities detected per correlation:
  [0,0,0,0] out of 177072 visibilities   [0%, 0%, 0%, 0%]
0 missing time slots were inserted

Total DP3 time       4.86 real        1.18 user        0.19 system
   15.7% (  760 ms) MsReader
   84.1% ( 4084 ms) MSWriter msout.
     18.4% (  752 ms) Creating task
     22.1% (  901 ms) Writing (threaded)
===================================================================================
Warning: you are using DPPP, the deprecated name for DP3, to start the program!
In March 2021, the main DP3 executable was renamed to 'DP3' to use one consistent
name. Your parameters are now forwarded to DP3, but this forwarding wrapper will be
removed in the future: update your commands/scripts and change 'DPPP' to 'DP3'!
===================================================================================
 copying info and subtables ...
Finished preparing output MS
MsReader
  input MS:           /net/zernike/scratch3/hgan/data/raw_data/L2025886/L2025887_SAP001_SB066_uv.MS
  band                0
  startchan:          0  (0)
  nchan:              1  (0)
  ncorrelations:      4
  nbaselines:         496
  first time:         2023/09/21/12:49:00
  maximum time:       2023/09/21/12:50:00
  ntimes:             357
  time interval:      0.167772
  DATA column:        DATA
  extra data columns: 
  WEIGHT column:      WEIGHT_SPECTRUM
  FLAG column:        FLAG
  autoweight:         false
MSWriter msout.
  output MS:      /net/zernike/scratch3/hgan/processed/L2025886_exp2/case4/SB006/CasA_SB066_Cycle0_raw.MS
  nchan:          1
  ncorrelations:  4
  nbaselines:     496
  ntimes:         357
  time interval:  0.167772
  DATA column:    DATA
  FLAG column:    FLAG
  WEIGHT column:  WEIGHT_SPECTRUM
  Compressed:     no
  use thread:     true
Processing 357 time slots ...

0%....10....20....30....40....50....60....70....80....90....100%
Finishing processing ...

NaN/infinite data flagged in reader
===================================

Percentage of flagged visibilities detected per correlation:
  [0,0,0,0] out of 177072 visibilities   [0%, 0%, 0%, 0%]
0 missing time slots were inserted

Total DP3 time       5.18 real        1.22 user         0.2 system
   15.4% (  799 ms) MsReader
   84.3% ( 4370 ms) MSWriter msout.
     15.9% (  695 ms) Creating task
     19.9% (  870 ms) Writing (threaded)
===================================================================================
Warning: you are using DPPP, the deprecated name for DP3, to start the program!
In March 2021, the main DP3 executable was renamed to 'DP3' to use one consistent
name. Your parameters are now forwarded to DP3, but this forwarding wrapper will be
removed in the future: update your commands/scripts and change 'DPPP' to 'DP3'!
===================================================================================
 copying info and subtables ...
Finished preparing output MS
MsReader
  input MS:           /net/zernike/scratch3/hgan/data/raw_data/L2025886/L2025886_SAP000_SB006_uv.MS
  band                0
  startchan:          0  (0)
  nchan:              1  (0)
  ncorrelations:      4
  nbaselines:         496
  first time:         2023/09/21/12:49:00
  maximum time:       2023/09/21/12:50:00
  ntimes:             357
  time interval:      0.167772
  DATA column:        DATA
  extra data columns: 
  WEIGHT column:      WEIGHT_SPECTRUM
  FLAG column:        FLAG
  autoweight:         false
MSWriter msout.
  output MS:      /net/zernike/scratch3/hgan/processed/L2025886_exp2/case4/SB006/Sun_SB006_Cycle0_raw.MS
  nchan:          1
  ncorrelations:  4
  nbaselines:     496
  ntimes:         357
  time interval:  0.167772
  DATA column:    DATA
  FLAG column:    FLAG
  WEIGHT column:  WEIGHT_SPECTRUM
  Compressed:     no
  use thread:     true
Processing 357 time slots ...

0%....10....20....30....40....50....60....70....80....90....100%
Finishing processing ...

NaN/infinite data flagged in reader
===================================

Percentage of flagged visibilities detected per correlation:
  [0,0,0,0] out of 177072 visibilities   [0%, 0%, 0%, 0%]
0 missing time slots were inserted

Total DP3 time       5.35 real        1.21 user        0.22 system
   14.1% (  754 ms) MsReader
   85.7% ( 4580 ms) MSWriter msout.
     16.4% (  749 ms) Creating task
     19.9% (  912 ms) Writing (threaded)
===================================================================================
Warning: you are using DPPP, the deprecated name for DP3, to start the program!
In March 2021, the main DP3 executable was renamed to 'DP3' to use one consistent
name. Your parameters are now forwarded to DP3, but this forwarding wrapper will be
removed in the future: update your commands/scripts and change 'DPPP' to 'DP3'!
===================================================================================
 copying info and subtables ...
Finished preparing output MS
MsReader
  input MS:           /net/zernike/scratch3/hgan/data/raw_data/L2025886/L2025887_SAP001_SB067_uv.MS
  band                0
  startchan:          0  (0)
  nchan:              1  (0)
  ncorrelations:      4
  nbaselines:         496
  first time:         2023/09/21/12:49:00
  maximum time:       2023/09/21/12:50:00
  ntimes:             357
  time interval:      0.167772
  DATA column:        DATA
  extra data columns: 
  WEIGHT column:      WEIGHT_SPECTRUM
  FLAG column:        FLAG
  autoweight:         false
MSWriter msout.
  output MS:      /net/zernike/scratch3/hgan/processed/L2025886_exp2/case4/SB007/CasA_SB067_Cycle0_raw.MS
  nchan:          1
  ncorrelations:  4
  nbaselines:     496
  ntimes:         357
  time interval:  0.167772
  DATA column:    DATA
  FLAG column:    FLAG
  WEIGHT column:  WEIGHT_SPECTRUM
  Compressed:     no
  use thread:     true
Processing 357 time slots ...

0%....10....20....30....40....50....60....70....80....90....100%
Finishing processing ...

NaN/infinite data flagged in reader
===================================

Percentage of flagged visibilities detected per correlation:
  [0,0,0,0] out of 177072 visibilities   [0%, 0%, 0%, 0%]
0 missing time slots were inserted

Total DP3 time        5.1 real        1.25 user        0.21 system
   16.2% (  826 ms) MsReader
   83.5% ( 4255 ms) MSWriter msout.
     17.7% (  753 ms) Creating task
     22.2% (  944 ms) Writing (threaded)
===================================================================================
Warning: you are using DPPP, the deprecated name for DP3, to start the program!
In March 2021, the main DP3 executable was renamed to 'DP3' to use one consistent
name. Your parameters are now forwarded to DP3, but this forwarding wrapper will be
removed in the future: update your commands/scripts and change 'DPPP' to 'DP3'!
===================================================================================
 copying info and subtables ...
Finished preparing output MS
MsReader
  input MS:           /net/zernike/scratch3/hgan/data/raw_data/L2025886/L2025886_SAP000_SB007_uv.MS
  band                0
  startchan:          0  (0)
  nchan:              1  (0)
  ncorrelations:      4
  nbaselines:         496
  first time:         2023/09/21/12:49:00
  maximum time:       2023/09/21/12:50:00
  ntimes:             357
  time interval:      0.167772
  DATA column:        DATA
  extra data columns: 
  WEIGHT column:      WEIGHT_SPECTRUM
  FLAG column:        FLAG
  autoweight:         false
MSWriter msout.
  output MS:      /net/zernike/scratch3/hgan/processed/L2025886_exp2/case4/SB007/Sun_SB007_Cycle0_raw.MS
  nchan:          1
  ncorrelations:  4
  nbaselines:     496
  ntimes:         357
  time interval:  0.167772
  DATA column:    DATA
  FLAG column:    FLAG
  WEIGHT column:  WEIGHT_SPECTRUM
  Compressed:     no
  use thread:     true
Processing 357 time slots ...

0%....10....20....30....40....50....60....70....80....90....100%
Finishing processing ...

NaN/infinite data flagged in reader
===================================

Percentage of flagged visibilities detected per correlation:
  [0,0,0,0] out of 177072 visibilities   [0%, 0%, 0%, 0%]
0 missing time slots were inserted

Total DP3 time       5.37 real        1.31 user        0.18 system
   15.1% (  809 ms) MsReader
   84.7% ( 4547 ms) MSWriter msout.
     16.7% (  759 ms) Creating task
     20.4% (  927 ms) Writing (threaded)
===================================================================================
Warning: you are using DPPP, the deprecated name for DP3, to start the program!
In March 2021, the main DP3 executable was renamed to 'DP3' to use one consistent
name. Your parameters are now forwarded to DP3, but this forwarding wrapper will be
removed in the future: update your commands/scripts and change 'DPPP' to 'DP3'!
===================================================================================
 copying info and subtables ...
Finished preparing output MS
MsReader
  input MS:           /net/zernike/scratch3/hgan/data/raw_data/L2025886/L2025887_SAP001_SB068_uv.MS
  band                0
  startchan:          0  (0)
  nchan:              1  (0)
  ncorrelations:      4
  nbaselines:         496
  first time:         2023/09/21/12:49:00
  maximum time:       2023/09/21/12:50:00
  ntimes:             357
  time interval:      0.167772
  DATA column:        DATA
  extra data columns: 
  WEIGHT column:      WEIGHT_SPECTRUM
  FLAG column:        FLAG
  autoweight:         false
MSWriter msout.
  output MS:      /net/zernike/scratch3/hgan/processed/L2025886_exp2/case4/SB008/CasA_SB068_Cycle0_raw.MS
  nchan:          1
  ncorrelations:  4
  nbaselines:     496
  ntimes:         357
  time interval:  0.167772
  DATA column:    DATA
  FLAG column:    FLAG
  WEIGHT column:  WEIGHT_SPECTRUM
  Compressed:     no
  use thread:     true
Processing 357 time slots ...

0%....10....20....30....40....50....60....70....80....90....100%
Finishing processing ...

NaN/infinite data flagged in reader
===================================

Percentage of flagged visibilities detected per correlation:
  [0,0,0,0] out of 177072 visibilities   [0%, 0%, 0%, 0%]
0 missing time slots were inserted

Total DP3 time       5.05 real        1.22 user        0.22 system
   16.3% (  820 ms) MsReader
   83.5% ( 4212 ms) MSWriter msout.
     16.9% (  711 ms) Creating task
     20.9% (  881 ms) Writing (threaded)
===================================================================================
Warning: you are using DPPP, the deprecated name for DP3, to start the program!
In March 2021, the main DP3 executable was renamed to 'DP3' to use one consistent
name. Your parameters are now forwarded to DP3, but this forwarding wrapper will be
removed in the future: update your commands/scripts and change 'DPPP' to 'DP3'!
===================================================================================
 copying info and subtables ...
Finished preparing output MS
MsReader
  input MS:           /net/zernike/scratch3/hgan/data/raw_data/L2025886/L2025886_SAP000_SB008_uv.MS
  band                0
  startchan:          0  (0)
  nchan:              1  (0)
  ncorrelations:      4
  nbaselines:         496
  first time:         2023/09/21/12:49:00
  maximum time:       2023/09/21/12:50:00
  ntimes:             357
  time interval:      0.167772
  DATA column:        DATA
  extra data columns: 
  WEIGHT column:      WEIGHT_SPECTRUM
  FLAG column:        FLAG
  autoweight:         false
MSWriter msout.
  output MS:      /net/zernike/scratch3/hgan/processed/L2025886_exp2/case4/SB008/Sun_SB008_Cycle0_raw.MS
  nchan:          1
  ncorrelations:  4
  nbaselines:     496
  ntimes:         357
  time interval:  0.167772
  DATA column:    DATA
  FLAG column:    FLAG
  WEIGHT column:  WEIGHT_SPECTRUM
  Compressed:     no
  use thread:     true
Processing 357 time slots ...

0%....10....20....30....40....50....60....70....80....90....100%
Finishing processing ...

NaN/infinite data flagged in reader
===================================

Percentage of flagged visibilities detected per correlation:
  [0,0,0,0] out of 177072 visibilities   [0%, 0%, 0%, 0%]
0 missing time slots were inserted

Total DP3 time       4.91 real        1.31 user        0.17 system
   16.2% (  794 ms) MsReader
   83.2% ( 4089 ms) MSWriter msout.
     16.5% (  675 ms) Creating task
     20.9% (  853 ms) Writing (threaded)
===================================================================================
Warning: you are using DPPP, the deprecated name for DP3, to start the program!
In March 2021, the main DP3 executable was renamed to 'DP3' to use one consistent
name. Your parameters are now forwarded to DP3, but this forwarding wrapper will be
removed in the future: update your commands/scripts and change 'DPPP' to 'DP3'!
===================================================================================
 copying info and subtables ...
Finished preparing output MS
MsReader
  input MS:           /net/zernike/scratch3/hgan/data/raw_data/L2025886/L2025887_SAP001_SB069_uv.MS
  band                0
  startchan:          0  (0)
  nchan:              1  (0)
  ncorrelations:      4
  nbaselines:         496
  first time:         2023/09/21/12:49:00
  maximum time:       2023/09/21/12:50:00
  ntimes:             357
  time interval:      0.167772
  DATA column:        DATA
  extra data columns: 
  WEIGHT column:      WEIGHT_SPECTRUM
  FLAG column:        FLAG
  autoweight:         false
MSWriter msout.
  output MS:      /net/zernike/scratch3/hgan/processed/L2025886_exp2/case4/SB009/CasA_SB069_Cycle0_raw.MS
  nchan:          1
  ncorrelations:  4
  nbaselines:     496
  ntimes:         357
  time interval:  0.167772
  DATA column:    DATA
  FLAG column:    FLAG
  WEIGHT column:  WEIGHT_SPECTRUM
  Compressed:     no
  use thread:     true
Processing 357 time slots ...

0%....10....20....30....40....50....60....70....80....90....100%
Finishing processing ...

NaN/infinite data flagged in reader
===================================

Percentage of flagged visibilities detected per correlation:
  [0,0,0,0] out of 177072 visibilities   [0%, 0%, 0%, 0%]
0 missing time slots were inserted

Total DP3 time       5.16 real        1.23 user        0.21 system
   15.9% (  817 ms) MsReader
   83.9% ( 4325 ms) MSWriter msout.
     16.5% (  715 ms) Creating task
     20.0% (  865 ms) Writing (threaded)
===================================================================================
Warning: you are using DPPP, the deprecated name for DP3, to start the program!
In March 2021, the main DP3 executable was renamed to 'DP3' to use one consistent
name. Your parameters are now forwarded to DP3, but this forwarding wrapper will be
removed in the future: update your commands/scripts and change 'DPPP' to 'DP3'!
===================================================================================
 copying info and subtables ...
Finished preparing output MS
MsReader
  input MS:           /net/zernike/scratch3/hgan/data/raw_data/L2025886/L2025886_SAP000_SB009_uv.MS
  band                0
  startchan:          0  (0)
  nchan:              1  (0)
  ncorrelations:      4
  nbaselines:         496
  first time:         2023/09/21/12:49:00
  maximum time:       2023/09/21/12:50:00
  ntimes:             357
  time interval:      0.167772
  DATA column:        DATA
  extra data columns: 
  WEIGHT column:      WEIGHT_SPECTRUM
  FLAG column:        FLAG
  autoweight:         false
MSWriter msout.
  output MS:      /net/zernike/scratch3/hgan/processed/L2025886_exp2/case4/SB009/Sun_SB009_Cycle0_raw.MS
  nchan:          1
  ncorrelations:  4
  nbaselines:     496
  ntimes:         357
  time interval:  0.167772
  DATA column:    DATA
  FLAG column:    FLAG
  WEIGHT column:  WEIGHT_SPECTRUM
  Compressed:     no
  use thread:     true
Processing 357 time slots ...

0%....10....20....30....40....50....60....70....80....90....100%
Finishing processing ...

NaN/infinite data flagged in reader
===================================

Percentage of flagged visibilities detected per correlation:
  [0,0,0,0] out of 177072 visibilities   [0%, 0%, 0%, 0%]
0 missing time slots were inserted

Total DP3 time       5.35 real        1.24 user         0.2 system
   14.4% (  768 ms) MsReader
   85.4% ( 4567 ms) MSWriter msout.
     16.7% (  763 ms) Creating task
     20.5% (  935 ms) Writing (threaded)
