===================================================================================
Warning: you are using DPPP, the deprecated name for DP3, to start the program!
In March 2021, the main DP3 executable was renamed to 'DP3' to use one consistent
name. Your parameters are now forwarded to DP3, but this forwarding wrapper will be
removed in the future: update your commands/scripts and change 'DPPP' to 'DP3'!
===================================================================================
 copying info and subtables ...
Finished preparing output MS
MsReader
  input MS:           /net/zernike/scratch3/hgan/data/raw_data/L2025886/L2025887_SAP001_SB060_uv.MS
  band                0
  startchan:          0  (0)
  nchan:              1  (0)
  ncorrelations:      4
  nbaselines:         496
  first time:         2023/09/21/12:55:00
  maximum time:       2023/09/21/12:56:00
  ntimes:             357
  time interval:      0.167772
  DATA column:        DATA
  extra data columns: 
  WEIGHT column:      WEIGHT_SPECTRUM
  FLAG column:        FLAG
  autoweight:         false
MSWriter msout.
  output MS:      /net/zernike/scratch3/hgan/processed/L2025886_exp2/case5/SB000/CasA_SB060_Cycle0_raw.MS
  nchan:          1
  ncorrelations:  4
  nbaselines:     496
  ntimes:         357
  time interval:  0.167772
  DATA column:    DATA
  FLAG column:    FLAG
  WEIGHT column:  WEIGHT_SPECTRUM
  Compressed:     no
  use thread:     true
Processing 357 time slots ...

0%....10....20....30....40....50....60....70....80....90....100%
Finishing processing ...

NaN/infinite data flagged in reader
===================================

Percentage of flagged visibilities detected per correlation:
  [0,0,0,0] out of 177072 visibilities   [0%, 0%, 0%, 0%]
0 missing time slots were inserted

Total DP3 time       4.79 real        1.31 user        0.19 system
   17.7% (  846 ms) MsReader
   82.1% ( 3931 ms) MSWriter msout.
     19.6% (  771 ms) Creating task
     23.9% (  939 ms) Writing (threaded)
===================================================================================
Warning: you are using DPPP, the deprecated name for DP3, to start the program!
In March 2021, the main DP3 executable was renamed to 'DP3' to use one consistent
name. Your parameters are now forwarded to DP3, but this forwarding wrapper will be
removed in the future: update your commands/scripts and change 'DPPP' to 'DP3'!
===================================================================================
 copying info and subtables ...
Finished preparing output MS
MsReader
  input MS:           /net/zernike/scratch3/hgan/data/raw_data/L2025886/L2025886_SAP000_SB000_uv.MS
  band                0
  startchan:          0  (0)
  nchan:              1  (0)
  ncorrelations:      4
  nbaselines:         496
  first time:         2023/09/21/12:55:00
  maximum time:       2023/09/21/12:56:00
  ntimes:             357
  time interval:      0.167772
  DATA column:        DATA
  extra data columns: 
  WEIGHT column:      WEIGHT_SPECTRUM
  FLAG column:        FLAG
  autoweight:         false
MSWriter msout.
  output MS:      /net/zernike/scratch3/hgan/processed/L2025886_exp2/case5/SB000/Sun_SB000_Cycle0_raw.MS
  nchan:          1
  ncorrelations:  4
  nbaselines:     496
  ntimes:         357
  time interval:  0.167772
  DATA column:    DATA
  FLAG column:    FLAG
  WEIGHT column:  WEIGHT_SPECTRUM
  Compressed:     no
  use thread:     true
Processing 357 time slots ...

0%....10....20....30....40....50....60....70....80....90....100%
Finishing processing ...

NaN/infinite data flagged in reader
===================================

Percentage of flagged visibilities detected per correlation:
  [0,0,0,0] out of 177072 visibilities   [0%, 0%, 0%, 0%]
0 missing time slots were inserted

Total DP3 time       4.88 real        1.29 user         0.2 system
   17.2% (  837 ms) MsReader
   82.6% ( 4030 ms) MSWriter msout.
     18.3% (  738 ms) Creating task
     22.3% (  900 ms) Writing (threaded)
===================================================================================
Warning: you are using DPPP, the deprecated name for DP3, to start the program!
In March 2021, the main DP3 executable was renamed to 'DP3' to use one consistent
name. Your parameters are now forwarded to DP3, but this forwarding wrapper will be
removed in the future: update your commands/scripts and change 'DPPP' to 'DP3'!
===================================================================================
 copying info and subtables ...
Finished preparing output MS
MsReader
  input MS:           /net/zernike/scratch3/hgan/data/raw_data/L2025886/L2025887_SAP001_SB061_uv.MS
  band                0
  startchan:          0  (0)
  nchan:              1  (0)
  ncorrelations:      4
  nbaselines:         496
  first time:         2023/09/21/12:55:00
  maximum time:       2023/09/21/12:56:00
  ntimes:             357
  time interval:      0.167772
  DATA column:        DATA
  extra data columns: 
  WEIGHT column:      WEIGHT_SPECTRUM
  FLAG column:        FLAG
  autoweight:         false
MSWriter msout.
  output MS:      /net/zernike/scratch3/hgan/processed/L2025886_exp2/case5/SB001/CasA_SB061_Cycle0_raw.MS
  nchan:          1
  ncorrelations:  4
  nbaselines:     496
  ntimes:         357
  time interval:  0.167772
  DATA column:    DATA
  FLAG column:    FLAG
  WEIGHT column:  WEIGHT_SPECTRUM
  Compressed:     no
  use thread:     true
Processing 357 time slots ...

0%....10....20....30....40....50....60....70....80....90....100%
Finishing processing ...

NaN/infinite data flagged in reader
===================================

Percentage of flagged visibilities detected per correlation:
  [0,0,0,0] out of 177072 visibilities   [0%, 0%, 0%, 0%]
0 missing time slots were inserted

Total DP3 time       4.97 real        1.34 user        0.17 system
   16.7% (  829 ms) MsReader
   83.1% ( 4131 ms) MSWriter msout.
     18.7% (  773 ms) Creating task
     22.8% (  943 ms) Writing (threaded)
===================================================================================
Warning: you are using DPPP, the deprecated name for DP3, to start the program!
In March 2021, the main DP3 executable was renamed to 'DP3' to use one consistent
name. Your parameters are now forwarded to DP3, but this forwarding wrapper will be
removed in the future: update your commands/scripts and change 'DPPP' to 'DP3'!
===================================================================================
 copying info and subtables ...
Finished preparing output MS
MsReader
  input MS:           /net/zernike/scratch3/hgan/data/raw_data/L2025886/L2025886_SAP000_SB001_uv.MS
  band                0
  startchan:          0  (0)
  nchan:              1  (0)
  ncorrelations:      4
  nbaselines:         496
  first time:         2023/09/21/12:55:00
  maximum time:       2023/09/21/12:56:00
  ntimes:             357
  time interval:      0.167772
  DATA column:        DATA
  extra data columns: 
  WEIGHT column:      WEIGHT_SPECTRUM
  FLAG column:        FLAG
  autoweight:         false
MSWriter msout.
  output MS:      /net/zernike/scratch3/hgan/processed/L2025886_exp2/case5/SB001/Sun_SB001_Cycle0_raw.MS
  nchan:          1
  ncorrelations:  4
  nbaselines:     496
  ntimes:         357
  time interval:  0.167772
  DATA column:    DATA
  FLAG column:    FLAG
  WEIGHT column:  WEIGHT_SPECTRUM
  Compressed:     no
  use thread:     true
Processing 357 time slots ...

0%....10....20....30....40....50....60....70....80....90....100%
Finishing processing ...

NaN/infinite data flagged in reader
===================================

Percentage of flagged visibilities detected per correlation:
  [0,0,0,0] out of 177072 visibilities   [0%, 0%, 0%, 0%]
0 missing time slots were inserted

Total DP3 time       4.64 real        1.34 user        0.18 system
   17.9% (  833 ms) MsReader
   81.8% ( 3800 ms) MSWriter msout.
     18.3% (  695 ms) Creating task
     22.4% (  850 ms) Writing (threaded)
===================================================================================
Warning: you are using DPPP, the deprecated name for DP3, to start the program!
In March 2021, the main DP3 executable was renamed to 'DP3' to use one consistent
name. Your parameters are now forwarded to DP3, but this forwarding wrapper will be
removed in the future: update your commands/scripts and change 'DPPP' to 'DP3'!
===================================================================================
 copying info and subtables ...
Finished preparing output MS
MsReader
  input MS:           /net/zernike/scratch3/hgan/data/raw_data/L2025886/L2025887_SAP001_SB062_uv.MS
  band                0
  startchan:          0  (0)
  nchan:              1  (0)
  ncorrelations:      4
  nbaselines:         496
  first time:         2023/09/21/12:55:00
  maximum time:       2023/09/21/12:56:00
  ntimes:             357
  time interval:      0.167772
  DATA column:        DATA
  extra data columns: 
  WEIGHT column:      WEIGHT_SPECTRUM
  FLAG column:        FLAG
  autoweight:         false
MSWriter msout.
  output MS:      /net/zernike/scratch3/hgan/processed/L2025886_exp2/case5/SB002/CasA_SB062_Cycle0_raw.MS
  nchan:          1
  ncorrelations:  4
  nbaselines:     496
  ntimes:         357
  time interval:  0.167772
  DATA column:    DATA
  FLAG column:    FLAG
  WEIGHT column:  WEIGHT_SPECTRUM
  Compressed:     no
  use thread:     true
Processing 357 time slots ...

0%....10....20....30....40....50....60....70....80....90....100%
Finishing processing ...

NaN/infinite data flagged in reader
===================================

Percentage of flagged visibilities detected per correlation:
  [0,0,0,0] out of 177072 visibilities   [0%, 0%, 0%, 0%]
0 missing time slots were inserted

Total DP3 time       4.85 real        1.41 user        0.18 system
   18.0% (  874 ms) MsReader
   81.5% ( 3951 ms) MSWriter msout.
     18.7% (  740 ms) Creating task
     23.4% (  926 ms) Writing (threaded)
===================================================================================
Warning: you are using DPPP, the deprecated name for DP3, to start the program!
In March 2021, the main DP3 executable was renamed to 'DP3' to use one consistent
name. Your parameters are now forwarded to DP3, but this forwarding wrapper will be
removed in the future: update your commands/scripts and change 'DPPP' to 'DP3'!
===================================================================================
 copying info and subtables ...
Finished preparing output MS
MsReader
  input MS:           /net/zernike/scratch3/hgan/data/raw_data/L2025886/L2025886_SAP000_SB002_uv.MS
  band                0
  startchan:          0  (0)
  nchan:              1  (0)
  ncorrelations:      4
  nbaselines:         496
  first time:         2023/09/21/12:55:00
  maximum time:       2023/09/21/12:56:00
  ntimes:             357
  time interval:      0.167772
  DATA column:        DATA
  extra data columns: 
  WEIGHT column:      WEIGHT_SPECTRUM
  FLAG column:        FLAG
  autoweight:         false
MSWriter msout.
  output MS:      /net/zernike/scratch3/hgan/processed/L2025886_exp2/case5/SB002/Sun_SB002_Cycle0_raw.MS
  nchan:          1
  ncorrelations:  4
  nbaselines:     496
  ntimes:         357
  time interval:  0.167772
  DATA column:    DATA
  FLAG column:    FLAG
  WEIGHT column:  WEIGHT_SPECTRUM
  Compressed:     no
  use thread:     true
Processing 357 time slots ...

0%....10....20....30....40....50....60....70....80....90....100%
Finishing processing ...

NaN/infinite data flagged in reader
===================================

Percentage of flagged visibilities detected per correlation:
  [0,0,0,0] out of 177072 visibilities   [0%, 0%, 0%, 0%]
0 missing time slots were inserted

Total DP3 time       4.94 real        1.38 user        0.19 system
   17.4% (  860 ms) MsReader
   82.1% ( 4058 ms) MSWriter msout.
     18.4% (  747 ms) Creating task
     22.5% (  911 ms) Writing (threaded)
===================================================================================
Warning: you are using DPPP, the deprecated name for DP3, to start the program!
In March 2021, the main DP3 executable was renamed to 'DP3' to use one consistent
name. Your parameters are now forwarded to DP3, but this forwarding wrapper will be
removed in the future: update your commands/scripts and change 'DPPP' to 'DP3'!
===================================================================================
 copying info and subtables ...
Finished preparing output MS
MsReader
  input MS:           /net/zernike/scratch3/hgan/data/raw_data/L2025886/L2025887_SAP001_SB063_uv.MS
  band                0
  startchan:          0  (0)
  nchan:              1  (0)
  ncorrelations:      4
  nbaselines:         496
  first time:         2023/09/21/12:55:00
  maximum time:       2023/09/21/12:56:00
  ntimes:             357
  time interval:      0.167772
  DATA column:        DATA
  extra data columns: 
  WEIGHT column:      WEIGHT_SPECTRUM
  FLAG column:        FLAG
  autoweight:         false
MSWriter msout.
  output MS:      /net/zernike/scratch3/hgan/processed/L2025886_exp2/case5/SB003/CasA_SB063_Cycle0_raw.MS
  nchan:          1
  ncorrelations:  4
  nbaselines:     496
  ntimes:         357
  time interval:  0.167772
  DATA column:    DATA
  FLAG column:    FLAG
  WEIGHT column:  WEIGHT_SPECTRUM
  Compressed:     no
  use thread:     true
Processing 357 time slots ...

0%....10....20....30....40....50....60....70....80....90....100%
Finishing processing ...

NaN/infinite data flagged in reader
===================================

Percentage of flagged visibilities detected per correlation:
  [0,0,0,0] out of 177072 visibilities   [0%, 0%, 0%, 0%]
0 missing time slots were inserted

Total DP3 time       4.77 real        1.29 user        0.22 system
   17.6% (  838 ms) MsReader
   82.2% ( 3919 ms) MSWriter msout.
     17.9% (  702 ms) Creating task
     22.0% (  860 ms) Writing (threaded)
===================================================================================
Warning: you are using DPPP, the deprecated name for DP3, to start the program!
In March 2021, the main DP3 executable was renamed to 'DP3' to use one consistent
name. Your parameters are now forwarded to DP3, but this forwarding wrapper will be
removed in the future: update your commands/scripts and change 'DPPP' to 'DP3'!
===================================================================================
 copying info and subtables ...
Finished preparing output MS
MsReader
  input MS:           /net/zernike/scratch3/hgan/data/raw_data/L2025886/L2025886_SAP000_SB003_uv.MS
  band                0
  startchan:          0  (0)
  nchan:              1  (0)
  ncorrelations:      4
  nbaselines:         496
  first time:         2023/09/21/12:55:00
  maximum time:       2023/09/21/12:56:00
  ntimes:             357
  time interval:      0.167772
  DATA column:        DATA
  extra data columns: 
  WEIGHT column:      WEIGHT_SPECTRUM
  FLAG column:        FLAG
  autoweight:         false
MSWriter msout.
  output MS:      /net/zernike/scratch3/hgan/processed/L2025886_exp2/case5/SB003/Sun_SB003_Cycle0_raw.MS
  nchan:          1
  ncorrelations:  4
  nbaselines:     496
  ntimes:         357
  time interval:  0.167772
  DATA column:    DATA
  FLAG column:    FLAG
  WEIGHT column:  WEIGHT_SPECTRUM
  Compressed:     no
  use thread:     true
Processing 357 time slots ...

0%....10....20....30....40....50....60....70....80....90....100%
Finishing processing ...

NaN/infinite data flagged in reader
===================================

Percentage of flagged visibilities detected per correlation:
  [0,0,0,0] out of 177072 visibilities   [0%, 0%, 0%, 0%]
0 missing time slots were inserted

Total DP3 time       4.81 real         1.3 user        0.15 system
   16.9% (  813 ms) MsReader
   82.8% ( 3988 ms) MSWriter msout.
     16.9% (  675 ms) Creating task
     21.0% (  838 ms) Writing (threaded)
===================================================================================
Warning: you are using DPPP, the deprecated name for DP3, to start the program!
In March 2021, the main DP3 executable was renamed to 'DP3' to use one consistent
name. Your parameters are now forwarded to DP3, but this forwarding wrapper will be
removed in the future: update your commands/scripts and change 'DPPP' to 'DP3'!
===================================================================================
 copying info and subtables ...
Finished preparing output MS
MsReader
  input MS:           /net/zernike/scratch3/hgan/data/raw_data/L2025886/L2025887_SAP001_SB064_uv.MS
  band                0
  startchan:          0  (0)
  nchan:              1  (0)
  ncorrelations:      4
  nbaselines:         496
  first time:         2023/09/21/12:55:00
  maximum time:       2023/09/21/12:56:00
  ntimes:             357
  time interval:      0.167772
  DATA column:        DATA
  extra data columns: 
  WEIGHT column:      WEIGHT_SPECTRUM
  FLAG column:        FLAG
  autoweight:         false
MSWriter msout.
  output MS:      /net/zernike/scratch3/hgan/processed/L2025886_exp2/case5/SB004/CasA_SB064_Cycle0_raw.MS
  nchan:          1
  ncorrelations:  4
  nbaselines:     496
  ntimes:         357
  time interval:  0.167772
  DATA column:    DATA
  FLAG column:    FLAG
  WEIGHT column:  WEIGHT_SPECTRUM
  Compressed:     no
  use thread:     true
Processing 357 time slots ...

0%....10....20....30....40....50....60....70....80....90....100%
Finishing processing ...

NaN/infinite data flagged in reader
===================================

Percentage of flagged visibilities detected per correlation:
  [0,0,0,0] out of 177072 visibilities   [0%, 0%, 0%, 0%]
0 missing time slots were inserted

Total DP3 time       4.99 real         1.3 user        0.17 system
   16.3% (  814 ms) MsReader
   83.4% ( 4156 ms) MSWriter msout.
     17.7% (  736 ms) Creating task
     21.6% (  896 ms) Writing (threaded)
===================================================================================
Warning: you are using DPPP, the deprecated name for DP3, to start the program!
In March 2021, the main DP3 executable was renamed to 'DP3' to use one consistent
name. Your parameters are now forwarded to DP3, but this forwarding wrapper will be
removed in the future: update your commands/scripts and change 'DPPP' to 'DP3'!
===================================================================================
 copying info and subtables ...
Finished preparing output MS
MsReader
  input MS:           /net/zernike/scratch3/hgan/data/raw_data/L2025886/L2025886_SAP000_SB004_uv.MS
  band                0
  startchan:          0  (0)
  nchan:              1  (0)
  ncorrelations:      4
  nbaselines:         496
  first time:         2023/09/21/12:55:00
  maximum time:       2023/09/21/12:56:00
  ntimes:             357
  time interval:      0.167772
  DATA column:        DATA
  extra data columns: 
  WEIGHT column:      WEIGHT_SPECTRUM
  FLAG column:        FLAG
  autoweight:         false
MSWriter msout.
  output MS:      /net/zernike/scratch3/hgan/processed/L2025886_exp2/case5/SB004/Sun_SB004_Cycle0_raw.MS
  nchan:          1
  ncorrelations:  4
  nbaselines:     496
  ntimes:         357
  time interval:  0.167772
  DATA column:    DATA
  FLAG column:    FLAG
  WEIGHT column:  WEIGHT_SPECTRUM
  Compressed:     no
  use thread:     true
Processing 357 time slots ...

0%....10....20....30....40....50....60....70....80....90....100%
Finishing processing ...

NaN/infinite data flagged in reader
===================================

Percentage of flagged visibilities detected per correlation:
  [0,0,0,0] out of 177072 visibilities   [0%, 0%, 0%, 0%]
0 missing time slots were inserted

Total DP3 time       5.13 real        1.35 user        0.17 system
   16.7% (  856 ms) MsReader
   83.1% ( 4269 ms) MSWriter msout.
     17.5% (  746 ms) Creating task
     21.6% (  920 ms) Writing (threaded)
===================================================================================
Warning: you are using DPPP, the deprecated name for DP3, to start the program!
In March 2021, the main DP3 executable was renamed to 'DP3' to use one consistent
name. Your parameters are now forwarded to DP3, but this forwarding wrapper will be
removed in the future: update your commands/scripts and change 'DPPP' to 'DP3'!
===================================================================================
 copying info and subtables ...
Finished preparing output MS
MsReader
  input MS:           /net/zernike/scratch3/hgan/data/raw_data/L2025886/L2025887_SAP001_SB065_uv.MS
  band                0
  startchan:          0  (0)
  nchan:              1  (0)
  ncorrelations:      4
  nbaselines:         496
  first time:         2023/09/21/12:55:00
  maximum time:       2023/09/21/12:56:00
  ntimes:             357
  time interval:      0.167772
  DATA column:        DATA
  extra data columns: 
  WEIGHT column:      WEIGHT_SPECTRUM
  FLAG column:        FLAG
  autoweight:         false
MSWriter msout.
  output MS:      /net/zernike/scratch3/hgan/processed/L2025886_exp2/case5/SB005/CasA_SB065_Cycle0_raw.MS
  nchan:          1
  ncorrelations:  4
  nbaselines:     496
  ntimes:         357
  time interval:  0.167772
  DATA column:    DATA
  FLAG column:    FLAG
  WEIGHT column:  WEIGHT_SPECTRUM
  Compressed:     no
  use thread:     true
Processing 357 time slots ...

0%....10....20....30....40....50....60....70....80....90....100%
Finishing processing ...

NaN/infinite data flagged in reader
===================================

Percentage of flagged visibilities detected per correlation:
  [0,0,0,0] out of 177072 visibilities   [0%, 0%, 0%, 0%]
0 missing time slots were inserted

Total DP3 time       5.17 real        1.37 user         0.2 system
   16.3% (  843 ms) MsReader
   83.5% ( 4316 ms) MSWriter msout.
     18.8% (  813 ms) Creating task
     23.0% (  992 ms) Writing (threaded)
===================================================================================
Warning: you are using DPPP, the deprecated name for DP3, to start the program!
In March 2021, the main DP3 executable was renamed to 'DP3' to use one consistent
name. Your parameters are now forwarded to DP3, but this forwarding wrapper will be
removed in the future: update your commands/scripts and change 'DPPP' to 'DP3'!
===================================================================================
 copying info and subtables ...
Finished preparing output MS
MsReader
  input MS:           /net/zernike/scratch3/hgan/data/raw_data/L2025886/L2025886_SAP000_SB005_uv.MS
  band                0
  startchan:          0  (0)
  nchan:              1  (0)
  ncorrelations:      4
  nbaselines:         496
  first time:         2023/09/21/12:55:00
  maximum time:       2023/09/21/12:56:00
  ntimes:             357
  time interval:      0.167772
  DATA column:        DATA
  extra data columns: 
  WEIGHT column:      WEIGHT_SPECTRUM
  FLAG column:        FLAG
  autoweight:         false
MSWriter msout.
  output MS:      /net/zernike/scratch3/hgan/processed/L2025886_exp2/case5/SB005/Sun_SB005_Cycle0_raw.MS
  nchan:          1
  ncorrelations:  4
  nbaselines:     496
  ntimes:         357
  time interval:  0.167772
  DATA column:    DATA
  FLAG column:    FLAG
  WEIGHT column:  WEIGHT_SPECTRUM
  Compressed:     no
  use thread:     true
Processing 357 time slots ...

0%....10....20....30....40....50....60....70....80....90....100%
Finishing processing ...

NaN/infinite data flagged in reader
===================================

Percentage of flagged visibilities detected per correlation:
  [0,0,0,0] out of 177072 visibilities   [0%, 0%, 0%, 0%]
0 missing time slots were inserted

Total DP3 time       4.87 real        1.25 user        0.19 system
   17.1% (  830 ms) MsReader
   82.7% ( 4029 ms) MSWriter msout.
     17.4% (  702 ms) Creating task
     21.1% (  848 ms) Writing (threaded)
===================================================================================
Warning: you are using DPPP, the deprecated name for DP3, to start the program!
In March 2021, the main DP3 executable was renamed to 'DP3' to use one consistent
name. Your parameters are now forwarded to DP3, but this forwarding wrapper will be
removed in the future: update your commands/scripts and change 'DPPP' to 'DP3'!
===================================================================================
 copying info and subtables ...
Finished preparing output MS
MsReader
  input MS:           /net/zernike/scratch3/hgan/data/raw_data/L2025886/L2025887_SAP001_SB066_uv.MS
  band                0
  startchan:          0  (0)
  nchan:              1  (0)
  ncorrelations:      4
  nbaselines:         496
  first time:         2023/09/21/12:55:00
  maximum time:       2023/09/21/12:56:00
  ntimes:             357
  time interval:      0.167772
  DATA column:        DATA
  extra data columns: 
  WEIGHT column:      WEIGHT_SPECTRUM
  FLAG column:        FLAG
  autoweight:         false
MSWriter msout.
  output MS:      /net/zernike/scratch3/hgan/processed/L2025886_exp2/case5/SB006/CasA_SB066_Cycle0_raw.MS
  nchan:          1
  ncorrelations:  4
  nbaselines:     496
  ntimes:         357
  time interval:  0.167772
  DATA column:    DATA
  FLAG column:    FLAG
  WEIGHT column:  WEIGHT_SPECTRUM
  Compressed:     no
  use thread:     true
Processing 357 time slots ...

0%....10....20....30....40....50....60....70....80....90....100%
Finishing processing ...

NaN/infinite data flagged in reader
===================================

Percentage of flagged visibilities detected per correlation:
  [0,0,0,0] out of 177072 visibilities   [0%, 0%, 0%, 0%]
0 missing time slots were inserted

Total DP3 time       4.83 real        1.29 user        0.21 system
   17.3% (  837 ms) MsReader
   82.4% ( 3981 ms) MSWriter msout.
     18.9% (  753 ms) Creating task
     22.8% (  909 ms) Writing (threaded)
===================================================================================
Warning: you are using DPPP, the deprecated name for DP3, to start the program!
In March 2021, the main DP3 executable was renamed to 'DP3' to use one consistent
name. Your parameters are now forwarded to DP3, but this forwarding wrapper will be
removed in the future: update your commands/scripts and change 'DPPP' to 'DP3'!
===================================================================================
 copying info and subtables ...
Finished preparing output MS
MsReader
  input MS:           /net/zernike/scratch3/hgan/data/raw_data/L2025886/L2025886_SAP000_SB006_uv.MS
  band                0
  startchan:          0  (0)
  nchan:              1  (0)
  ncorrelations:      4
  nbaselines:         496
  first time:         2023/09/21/12:55:00
  maximum time:       2023/09/21/12:56:00
  ntimes:             357
  time interval:      0.167772
  DATA column:        DATA
  extra data columns: 
  WEIGHT column:      WEIGHT_SPECTRUM
  FLAG column:        FLAG
  autoweight:         false
MSWriter msout.
  output MS:      /net/zernike/scratch3/hgan/processed/L2025886_exp2/case5/SB006/Sun_SB006_Cycle0_raw.MS
  nchan:          1
  ncorrelations:  4
  nbaselines:     496
  ntimes:         357
  time interval:  0.167772
  DATA column:    DATA
  FLAG column:    FLAG
  WEIGHT column:  WEIGHT_SPECTRUM
  Compressed:     no
  use thread:     true
Processing 357 time slots ...

0%....10....20....30....40....50....60....70....80....90....100%
Finishing processing ...

NaN/infinite data flagged in reader
===================================

Percentage of flagged visibilities detected per correlation:
  [0,0,0,0] out of 177072 visibilities   [0%, 0%, 0%, 0%]
0 missing time slots were inserted

Total DP3 time       4.82 real        1.38 user        0.17 system
   17.9% (  866 ms) MsReader
   81.8% ( 3946 ms) MSWriter msout.
     18.5% (  728 ms) Creating task
     22.7% (  896 ms) Writing (threaded)
===================================================================================
Warning: you are using DPPP, the deprecated name for DP3, to start the program!
In March 2021, the main DP3 executable was renamed to 'DP3' to use one consistent
name. Your parameters are now forwarded to DP3, but this forwarding wrapper will be
removed in the future: update your commands/scripts and change 'DPPP' to 'DP3'!
===================================================================================
 copying info and subtables ...
Finished preparing output MS
MsReader
  input MS:           /net/zernike/scratch3/hgan/data/raw_data/L2025886/L2025887_SAP001_SB067_uv.MS
  band                0
  startchan:          0  (0)
  nchan:              1  (0)
  ncorrelations:      4
  nbaselines:         496
  first time:         2023/09/21/12:55:00
  maximum time:       2023/09/21/12:56:00
  ntimes:             357
  time interval:      0.167772
  DATA column:        DATA
  extra data columns: 
  WEIGHT column:      WEIGHT_SPECTRUM
  FLAG column:        FLAG
  autoweight:         false
MSWriter msout.
  output MS:      /net/zernike/scratch3/hgan/processed/L2025886_exp2/case5/SB007/CasA_SB067_Cycle0_raw.MS
  nchan:          1
  ncorrelations:  4
  nbaselines:     496
  ntimes:         357
  time interval:  0.167772
  DATA column:    DATA
  FLAG column:    FLAG
  WEIGHT column:  WEIGHT_SPECTRUM
  Compressed:     no
  use thread:     true
Processing 357 time slots ...

0%....10....20....30....40....50....60....70....80....90....100%
Finishing processing ...

NaN/infinite data flagged in reader
===================================

Percentage of flagged visibilities detected per correlation:
  [0,0,0,0] out of 177072 visibilities   [0%, 0%, 0%, 0%]
0 missing time slots were inserted

Total DP3 time       5.01 real        1.42 user        0.18 system
   17.3% (  865 ms) MsReader
   82.5% ( 4135 ms) MSWriter msout.
     20.4% (  844 ms) Creating task
     24.8% ( 1025 ms) Writing (threaded)
===================================================================================
Warning: you are using DPPP, the deprecated name for DP3, to start the program!
In March 2021, the main DP3 executable was renamed to 'DP3' to use one consistent
name. Your parameters are now forwarded to DP3, but this forwarding wrapper will be
removed in the future: update your commands/scripts and change 'DPPP' to 'DP3'!
===================================================================================
 copying info and subtables ...
Finished preparing output MS
MsReader
  input MS:           /net/zernike/scratch3/hgan/data/raw_data/L2025886/L2025886_SAP000_SB007_uv.MS
  band                0
  startchan:          0  (0)
  nchan:              1  (0)
  ncorrelations:      4
  nbaselines:         496
  first time:         2023/09/21/12:55:00
  maximum time:       2023/09/21/12:56:00
  ntimes:             357
  time interval:      0.167772
  DATA column:        DATA
  extra data columns: 
  WEIGHT column:      WEIGHT_SPECTRUM
  FLAG column:        FLAG
  autoweight:         false
MSWriter msout.
  output MS:      /net/zernike/scratch3/hgan/processed/L2025886_exp2/case5/SB007/Sun_SB007_Cycle0_raw.MS
  nchan:          1
  ncorrelations:  4
  nbaselines:     496
  ntimes:         357
  time interval:  0.167772
  DATA column:    DATA
  FLAG column:    FLAG
  WEIGHT column:  WEIGHT_SPECTRUM
  Compressed:     no
  use thread:     true
Processing 357 time slots ...

0%....10....20....30....40....50....60....70....80....90....100%
Finishing processing ...

NaN/infinite data flagged in reader
===================================

Percentage of flagged visibilities detected per correlation:
  [0,0,0,0] out of 177072 visibilities   [0%, 0%, 0%, 0%]
0 missing time slots were inserted

Total DP3 time       5.27 real        1.35 user        0.19 system
   16.2% (  851 ms) MsReader
   83.6% ( 4403 ms) MSWriter msout.
     16.1% (  708 ms) Creating task
     20.0% (  881 ms) Writing (threaded)
===================================================================================
Warning: you are using DPPP, the deprecated name for DP3, to start the program!
In March 2021, the main DP3 executable was renamed to 'DP3' to use one consistent
name. Your parameters are now forwarded to DP3, but this forwarding wrapper will be
removed in the future: update your commands/scripts and change 'DPPP' to 'DP3'!
===================================================================================
 copying info and subtables ...
Finished preparing output MS
MsReader
  input MS:           /net/zernike/scratch3/hgan/data/raw_data/L2025886/L2025887_SAP001_SB068_uv.MS
  band                0
  startchan:          0  (0)
  nchan:              1  (0)
  ncorrelations:      4
  nbaselines:         496
  first time:         2023/09/21/12:55:00
  maximum time:       2023/09/21/12:56:00
  ntimes:             357
  time interval:      0.167772
  DATA column:        DATA
  extra data columns: 
  WEIGHT column:      WEIGHT_SPECTRUM
  FLAG column:        FLAG
  autoweight:         false
MSWriter msout.
  output MS:      /net/zernike/scratch3/hgan/processed/L2025886_exp2/case5/SB008/CasA_SB068_Cycle0_raw.MS
  nchan:          1
  ncorrelations:  4
  nbaselines:     496
  ntimes:         357
  time interval:  0.167772
  DATA column:    DATA
  FLAG column:    FLAG
  WEIGHT column:  WEIGHT_SPECTRUM
  Compressed:     no
  use thread:     true
Processing 357 time slots ...

0%....10....20....30....40....50....60....70....80....90....100%
Finishing processing ...

NaN/infinite data flagged in reader
===================================

Percentage of flagged visibilities detected per correlation:
  [0,0,0,0] out of 177072 visibilities   [0%, 0%, 0%, 0%]
0 missing time slots were inserted

Total DP3 time       4.92 real        1.39 user        0.14 system
   17.3% (  851 ms) MsReader
   82.4% ( 4051 ms) MSWriter msout.
     18.9% (  764 ms) Creating task
     23.1% (  936 ms) Writing (threaded)
===================================================================================
Warning: you are using DPPP, the deprecated name for DP3, to start the program!
In March 2021, the main DP3 executable was renamed to 'DP3' to use one consistent
name. Your parameters are now forwarded to DP3, but this forwarding wrapper will be
removed in the future: update your commands/scripts and change 'DPPP' to 'DP3'!
===================================================================================
 copying info and subtables ...
Finished preparing output MS
MsReader
  input MS:           /net/zernike/scratch3/hgan/data/raw_data/L2025886/L2025886_SAP000_SB008_uv.MS
  band                0
  startchan:          0  (0)
  nchan:              1  (0)
  ncorrelations:      4
  nbaselines:         496
  first time:         2023/09/21/12:55:00
  maximum time:       2023/09/21/12:56:00
  ntimes:             357
  time interval:      0.167772
  DATA column:        DATA
  extra data columns: 
  WEIGHT column:      WEIGHT_SPECTRUM
  FLAG column:        FLAG
  autoweight:         false
MSWriter msout.
  output MS:      /net/zernike/scratch3/hgan/processed/L2025886_exp2/case5/SB008/Sun_SB008_Cycle0_raw.MS
  nchan:          1
  ncorrelations:  4
  nbaselines:     496
  ntimes:         357
  time interval:  0.167772
  DATA column:    DATA
  FLAG column:    FLAG
  WEIGHT column:  WEIGHT_SPECTRUM
  Compressed:     no
  use thread:     true
Processing 357 time slots ...

0%....10....20....30....40....50....60....70....80....90....100%
Finishing processing ...

NaN/infinite data flagged in reader
===================================

Percentage of flagged visibilities detected per correlation:
  [0,0,0,0] out of 177072 visibilities   [0%, 0%, 0%, 0%]
0 missing time slots were inserted

Total DP3 time       4.89 real        1.27 user        0.17 system
   17.1% (  833 ms) MsReader
   82.7% ( 4044 ms) MSWriter msout.
     16.8% (  680 ms) Creating task
     20.5% (  830 ms) Writing (threaded)
===================================================================================
Warning: you are using DPPP, the deprecated name for DP3, to start the program!
In March 2021, the main DP3 executable was renamed to 'DP3' to use one consistent
name. Your parameters are now forwarded to DP3, but this forwarding wrapper will be
removed in the future: update your commands/scripts and change 'DPPP' to 'DP3'!
===================================================================================
 copying info and subtables ...
Finished preparing output MS
MsReader
  input MS:           /net/zernike/scratch3/hgan/data/raw_data/L2025886/L2025887_SAP001_SB069_uv.MS
  band                0
  startchan:          0  (0)
  nchan:              1  (0)
  ncorrelations:      4
  nbaselines:         496
  first time:         2023/09/21/12:55:00
  maximum time:       2023/09/21/12:56:00
  ntimes:             357
  time interval:      0.167772
  DATA column:        DATA
  extra data columns: 
  WEIGHT column:      WEIGHT_SPECTRUM
  FLAG column:        FLAG
  autoweight:         false
MSWriter msout.
  output MS:      /net/zernike/scratch3/hgan/processed/L2025886_exp2/case5/SB009/CasA_SB069_Cycle0_raw.MS
  nchan:          1
  ncorrelations:  4
  nbaselines:     496
  ntimes:         357
  time interval:  0.167772
  DATA column:    DATA
  FLAG column:    FLAG
  WEIGHT column:  WEIGHT_SPECTRUM
  Compressed:     no
  use thread:     true
Processing 357 time slots ...

0%....10....20....30....40....50....60....70....80....90....100%
Finishing processing ...

NaN/infinite data flagged in reader
===================================

Percentage of flagged visibilities detected per correlation:
  [0,0,0,0] out of 177072 visibilities   [0%, 0%, 0%, 0%]
0 missing time slots were inserted

Total DP3 time       5.17 real        1.26 user        0.18 system
   16.0% (  827 ms) MsReader
   83.8% ( 4330 ms) MSWriter msout.
     18.0% (  779 ms) Creating task
     21.1% (  912 ms) Writing (threaded)
===================================================================================
Warning: you are using DPPP, the deprecated name for DP3, to start the program!
In March 2021, the main DP3 executable was renamed to 'DP3' to use one consistent
name. Your parameters are now forwarded to DP3, but this forwarding wrapper will be
removed in the future: update your commands/scripts and change 'DPPP' to 'DP3'!
===================================================================================
 copying info and subtables ...
Finished preparing output MS
MsReader
  input MS:           /net/zernike/scratch3/hgan/data/raw_data/L2025886/L2025886_SAP000_SB009_uv.MS
  band                0
  startchan:          0  (0)
  nchan:              1  (0)
  ncorrelations:      4
  nbaselines:         496
  first time:         2023/09/21/12:55:00
  maximum time:       2023/09/21/12:56:00
  ntimes:             357
  time interval:      0.167772
  DATA column:        DATA
  extra data columns: 
  WEIGHT column:      WEIGHT_SPECTRUM
  FLAG column:        FLAG
  autoweight:         false
MSWriter msout.
  output MS:      /net/zernike/scratch3/hgan/processed/L2025886_exp2/case5/SB009/Sun_SB009_Cycle0_raw.MS
  nchan:          1
  ncorrelations:  4
  nbaselines:     496
  ntimes:         357
  time interval:  0.167772
  DATA column:    DATA
  FLAG column:    FLAG
  WEIGHT column:  WEIGHT_SPECTRUM
  Compressed:     no
  use thread:     true
Processing 357 time slots ...

0%....10....20....30....40....50....60....70....80....90....100%
Finishing processing ...

NaN/infinite data flagged in reader
===================================

Percentage of flagged visibilities detected per correlation:
  [0,0,0,0] out of 177072 visibilities   [0%, 0%, 0%, 0%]
0 missing time slots were inserted

Total DP3 time       5.03 real        1.32 user        0.18 system
   16.4% (  825 ms) MsReader
   83.4% ( 4194 ms) MSWriter msout.
     18.6% (  780 ms) Creating task
     22.5% (  943 ms) Writing (threaded)
