===================================================================================
Warning: you are using DPPP, the deprecated name for DP3, to start the program!
In March 2021, the main DP3 executable was renamed to 'DP3' to use one consistent
name. Your parameters are now forwarded to DP3, but this forwarding wrapper will be
removed in the future: update your commands/scripts and change 'DPPP' to 'DP3'!
===================================================================================
 copying info and subtables ...
Finished preparing output MS
MsReader
  input MS:           /net/zernike/scratch3/hgan/data/raw_data/L2025886/L2025887_SAP001_SB060_uv.MS
  band                0
  startchan:          0  (0)
  nchan:              1  (0)
  ncorrelations:      4
  nbaselines:         496
  first time:         2023/09/21/12:34:00
  maximum time:       2023/09/21/12:35:00
  ntimes:             358
  time interval:      0.167772
  DATA column:        DATA
  extra data columns: 
  WEIGHT column:      WEIGHT_SPECTRUM
  FLAG column:        FLAG
  autoweight:         false
MSWriter msout.
  output MS:      /net/zernike/scratch3/hgan/processed/L2025886_exp1/case3/SB000/CasA_SB060_Cycle0_raw.MS
  nchan:          1
  ncorrelations:  4
  nbaselines:     496
  ntimes:         358
  time interval:  0.167772
  DATA column:    DATA
  FLAG column:    FLAG
  WEIGHT column:  WEIGHT_SPECTRUM
  Compressed:     no
  use thread:     true
Processing 358 time slots ...

0%....10....20....30....40....50....60....70....80....90....100%
Finishing processing ...

NaN/infinite data flagged in reader
===================================

Percentage of flagged visibilities detected per correlation:
  [0,0,0,0] out of 177568 visibilities   [0%, 0%, 0%, 0%]
0 missing time slots were inserted

Total DP3 time       4.64 real        1.05 user         0.2 system
   12.8% (  593 ms) MsReader
   86.9% ( 4032 ms) MSWriter msout.
     17.8% (  716 ms) Creating task
     21.4% (  861 ms) Writing (threaded)
===================================================================================
Warning: you are using DPPP, the deprecated name for DP3, to start the program!
In March 2021, the main DP3 executable was renamed to 'DP3' to use one consistent
name. Your parameters are now forwarded to DP3, but this forwarding wrapper will be
removed in the future: update your commands/scripts and change 'DPPP' to 'DP3'!
===================================================================================
 copying info and subtables ...
Finished preparing output MS
MsReader
  input MS:           /net/zernike/scratch3/hgan/data/raw_data/L2025886/L2025886_SAP000_SB000_uv.MS
  band                0
  startchan:          0  (0)
  nchan:              1  (0)
  ncorrelations:      4
  nbaselines:         496
  first time:         2023/09/21/12:34:00
  maximum time:       2023/09/21/12:35:00
  ntimes:             358
  time interval:      0.167772
  DATA column:        DATA
  extra data columns: 
  WEIGHT column:      WEIGHT_SPECTRUM
  FLAG column:        FLAG
  autoweight:         false
MSWriter msout.
  output MS:      /net/zernike/scratch3/hgan/processed/L2025886_exp1/case3/SB000/Sun_SB000_Cycle0_raw.MS
  nchan:          1
  ncorrelations:  4
  nbaselines:     496
  ntimes:         358
  time interval:  0.167772
  DATA column:    DATA
  FLAG column:    FLAG
  WEIGHT column:  WEIGHT_SPECTRUM
  Compressed:     no
  use thread:     true
Processing 358 time slots ...

0%....10....20....30....40....50....60....70....80....90....100%
Finishing processing ...

NaN/infinite data flagged in reader
===================================

Percentage of flagged visibilities detected per correlation:
  [0,0,0,0] out of 177568 visibilities   [0%, 0%, 0%, 0%]
0 missing time slots were inserted

Total DP3 time       4.57 real        1.14 user         0.2 system
   13.5% (  617 ms) MsReader
   86.2% ( 3934 ms) MSWriter msout.
     18.4% (  725 ms) Creating task
     23.1% (  908 ms) Writing (threaded)
===================================================================================
Warning: you are using DPPP, the deprecated name for DP3, to start the program!
In March 2021, the main DP3 executable was renamed to 'DP3' to use one consistent
name. Your parameters are now forwarded to DP3, but this forwarding wrapper will be
removed in the future: update your commands/scripts and change 'DPPP' to 'DP3'!
===================================================================================
 copying info and subtables ...
Finished preparing output MS
MsReader
  input MS:           /net/zernike/scratch3/hgan/data/raw_data/L2025886/L2025887_SAP001_SB061_uv.MS
  band                0
  startchan:          0  (0)
  nchan:              1  (0)
  ncorrelations:      4
  nbaselines:         496
  first time:         2023/09/21/12:34:00
  maximum time:       2023/09/21/12:35:00
  ntimes:             358
  time interval:      0.167772
  DATA column:        DATA
  extra data columns: 
  WEIGHT column:      WEIGHT_SPECTRUM
  FLAG column:        FLAG
  autoweight:         false
MSWriter msout.
  output MS:      /net/zernike/scratch3/hgan/processed/L2025886_exp1/case3/SB001/CasA_SB061_Cycle0_raw.MS
  nchan:          1
  ncorrelations:  4
  nbaselines:     496
  ntimes:         358
  time interval:  0.167772
  DATA column:    DATA
  FLAG column:    FLAG
  WEIGHT column:  WEIGHT_SPECTRUM
  Compressed:     no
  use thread:     true
Processing 358 time slots ...

0%....10....20....30....40....50....60....70....80....90....100%
Finishing processing ...

NaN/infinite data flagged in reader
===================================

Percentage of flagged visibilities detected per correlation:
  [0,0,0,0] out of 177568 visibilities   [0%, 0%, 0%, 0%]
0 missing time slots were inserted

Total DP3 time       4.52 real        1.05 user         0.2 system
   13.1% (  593 ms) MsReader
   86.6% ( 3923 ms) MSWriter msout.
     17.8% (  700 ms) Creating task
     22.0% (  863 ms) Writing (threaded)
===================================================================================
Warning: you are using DPPP, the deprecated name for DP3, to start the program!
In March 2021, the main DP3 executable was renamed to 'DP3' to use one consistent
name. Your parameters are now forwarded to DP3, but this forwarding wrapper will be
removed in the future: update your commands/scripts and change 'DPPP' to 'DP3'!
===================================================================================
 copying info and subtables ...
Finished preparing output MS
MsReader
  input MS:           /net/zernike/scratch3/hgan/data/raw_data/L2025886/L2025886_SAP000_SB001_uv.MS
  band                0
  startchan:          0  (0)
  nchan:              1  (0)
  ncorrelations:      4
  nbaselines:         496
  first time:         2023/09/21/12:34:00
  maximum time:       2023/09/21/12:35:00
  ntimes:             358
  time interval:      0.167772
  DATA column:        DATA
  extra data columns: 
  WEIGHT column:      WEIGHT_SPECTRUM
  FLAG column:        FLAG
  autoweight:         false
MSWriter msout.
  output MS:      /net/zernike/scratch3/hgan/processed/L2025886_exp1/case3/SB001/Sun_SB001_Cycle0_raw.MS
  nchan:          1
  ncorrelations:  4
  nbaselines:     496
  ntimes:         358
  time interval:  0.167772
  DATA column:    DATA
  FLAG column:    FLAG
  WEIGHT column:  WEIGHT_SPECTRUM
  Compressed:     no
  use thread:     true
Processing 358 time slots ...

0%....10....20....30....40....50....60....70....80....90....100%
Finishing processing ...

NaN/infinite data flagged in reader
===================================

Percentage of flagged visibilities detected per correlation:
  [0,0,0,0] out of 177568 visibilities   [0%, 0%, 0%, 0%]
0 missing time slots were inserted

Total DP3 time       4.74 real        1.15 user         0.2 system
   13.1% (  621 ms) MsReader
   86.6% ( 4101 ms) MSWriter msout.
     20.2% (  829 ms) Creating task
     24.7% ( 1012 ms) Writing (threaded)
===================================================================================
Warning: you are using DPPP, the deprecated name for DP3, to start the program!
In March 2021, the main DP3 executable was renamed to 'DP3' to use one consistent
name. Your parameters are now forwarded to DP3, but this forwarding wrapper will be
removed in the future: update your commands/scripts and change 'DPPP' to 'DP3'!
===================================================================================
 copying info and subtables ...
Finished preparing output MS
MsReader
  input MS:           /net/zernike/scratch3/hgan/data/raw_data/L2025886/L2025887_SAP001_SB062_uv.MS
  band                0
  startchan:          0  (0)
  nchan:              1  (0)
  ncorrelations:      4
  nbaselines:         496
  first time:         2023/09/21/12:34:00
  maximum time:       2023/09/21/12:35:00
  ntimes:             358
  time interval:      0.167772
  DATA column:        DATA
  extra data columns: 
  WEIGHT column:      WEIGHT_SPECTRUM
  FLAG column:        FLAG
  autoweight:         false
MSWriter msout.
  output MS:      /net/zernike/scratch3/hgan/processed/L2025886_exp1/case3/SB002/CasA_SB062_Cycle0_raw.MS
  nchan:          1
  ncorrelations:  4
  nbaselines:     496
  ntimes:         358
  time interval:  0.167772
  DATA column:    DATA
  FLAG column:    FLAG
  WEIGHT column:  WEIGHT_SPECTRUM
  Compressed:     no
  use thread:     true
Processing 358 time slots ...

0%....10....20....30....40....50....60....70....80....90....100%
Finishing processing ...

NaN/infinite data flagged in reader
===================================

Percentage of flagged visibilities detected per correlation:
  [0,0,0,0] out of 177568 visibilities   [0%, 0%, 0%, 0%]
0 missing time slots were inserted

Total DP3 time       4.62 real        0.99 user        0.15 system
   12.2% (  565 ms) MsReader
   87.5% ( 4047 ms) MSWriter msout.
     17.7% (  716 ms) Creating task
     21.0% (  851 ms) Writing (threaded)
===================================================================================
Warning: you are using DPPP, the deprecated name for DP3, to start the program!
In March 2021, the main DP3 executable was renamed to 'DP3' to use one consistent
name. Your parameters are now forwarded to DP3, but this forwarding wrapper will be
removed in the future: update your commands/scripts and change 'DPPP' to 'DP3'!
===================================================================================
 copying info and subtables ...
Finished preparing output MS
MsReader
  input MS:           /net/zernike/scratch3/hgan/data/raw_data/L2025886/L2025886_SAP000_SB002_uv.MS
  band                0
  startchan:          0  (0)
  nchan:              1  (0)
  ncorrelations:      4
  nbaselines:         496
  first time:         2023/09/21/12:34:00
  maximum time:       2023/09/21/12:35:00
  ntimes:             358
  time interval:      0.167772
  DATA column:        DATA
  extra data columns: 
  WEIGHT column:      WEIGHT_SPECTRUM
  FLAG column:        FLAG
  autoweight:         false
MSWriter msout.
  output MS:      /net/zernike/scratch3/hgan/processed/L2025886_exp1/case3/SB002/Sun_SB002_Cycle0_raw.MS
  nchan:          1
  ncorrelations:  4
  nbaselines:     496
  ntimes:         358
  time interval:  0.167772
  DATA column:    DATA
  FLAG column:    FLAG
  WEIGHT column:  WEIGHT_SPECTRUM
  Compressed:     no
  use thread:     true
Processing 358 time slots ...

0%....10....20....30....40....50....60....70....80....90....100%
Finishing processing ...

NaN/infinite data flagged in reader
===================================

Percentage of flagged visibilities detected per correlation:
  [0,0,0,0] out of 177568 visibilities   [0%, 0%, 0%, 0%]
0 missing time slots were inserted

Total DP3 time       4.93 real           1 user        0.21 system
   12.1% (  596 ms) MsReader
   87.7% ( 4323 ms) MSWriter msout.
     16.5% (  712 ms) Creating task
     20.0% (  863 ms) Writing (threaded)
===================================================================================
Warning: you are using DPPP, the deprecated name for DP3, to start the program!
In March 2021, the main DP3 executable was renamed to 'DP3' to use one consistent
name. Your parameters are now forwarded to DP3, but this forwarding wrapper will be
removed in the future: update your commands/scripts and change 'DPPP' to 'DP3'!
===================================================================================
 copying info and subtables ...
Finished preparing output MS
MsReader
  input MS:           /net/zernike/scratch3/hgan/data/raw_data/L2025886/L2025887_SAP001_SB063_uv.MS
  band                0
  startchan:          0  (0)
  nchan:              1  (0)
  ncorrelations:      4
  nbaselines:         496
  first time:         2023/09/21/12:34:00
  maximum time:       2023/09/21/12:35:00
  ntimes:             358
  time interval:      0.167772
  DATA column:        DATA
  extra data columns: 
  WEIGHT column:      WEIGHT_SPECTRUM
  FLAG column:        FLAG
  autoweight:         false
MSWriter msout.
  output MS:      /net/zernike/scratch3/hgan/processed/L2025886_exp1/case3/SB003/CasA_SB063_Cycle0_raw.MS
  nchan:          1
  ncorrelations:  4
  nbaselines:     496
  ntimes:         358
  time interval:  0.167772
  DATA column:    DATA
  FLAG column:    FLAG
  WEIGHT column:  WEIGHT_SPECTRUM
  Compressed:     no
  use thread:     true
Processing 358 time slots ...

0%....10....20....30....40....50....60....70....80....90....100%
Finishing processing ...

NaN/infinite data flagged in reader
===================================

Percentage of flagged visibilities detected per correlation:
  [0,0,0,0] out of 177568 visibilities   [0%, 0%, 0%, 0%]
0 missing time slots were inserted

Total DP3 time       4.58 real        1.04 user        0.16 system
   12.7% (  583 ms) MsReader
   87.0% ( 3985 ms) MSWriter msout.
     18.0% (  717 ms) Creating task
     21.7% (  865 ms) Writing (threaded)
===================================================================================
Warning: you are using DPPP, the deprecated name for DP3, to start the program!
In March 2021, the main DP3 executable was renamed to 'DP3' to use one consistent
name. Your parameters are now forwarded to DP3, but this forwarding wrapper will be
removed in the future: update your commands/scripts and change 'DPPP' to 'DP3'!
===================================================================================
 copying info and subtables ...
Finished preparing output MS
MsReader
  input MS:           /net/zernike/scratch3/hgan/data/raw_data/L2025886/L2025886_SAP000_SB003_uv.MS
  band                0
  startchan:          0  (0)
  nchan:              1  (0)
  ncorrelations:      4
  nbaselines:         496
  first time:         2023/09/21/12:34:00
  maximum time:       2023/09/21/12:35:00
  ntimes:             358
  time interval:      0.167772
  DATA column:        DATA
  extra data columns: 
  WEIGHT column:      WEIGHT_SPECTRUM
  FLAG column:        FLAG
  autoweight:         false
MSWriter msout.
  output MS:      /net/zernike/scratch3/hgan/processed/L2025886_exp1/case3/SB003/Sun_SB003_Cycle0_raw.MS
  nchan:          1
  ncorrelations:  4
  nbaselines:     496
  ntimes:         358
  time interval:  0.167772
  DATA column:    DATA
  FLAG column:    FLAG
  WEIGHT column:  WEIGHT_SPECTRUM
  Compressed:     no
  use thread:     true
Processing 358 time slots ...

0%....10....20....30....40....50....60....70....80....90....100%
Finishing processing ...

NaN/infinite data flagged in reader
===================================

Percentage of flagged visibilities detected per correlation:
  [0,0,0,0] out of 177568 visibilities   [0%, 0%, 0%, 0%]
0 missing time slots were inserted

Total DP3 time       4.69 real        1.06 user        0.17 system
   13.1% (  614 ms) MsReader
   86.6% ( 4068 ms) MSWriter msout.
     18.1% (  737 ms) Creating task
     22.1% (  898 ms) Writing (threaded)
===================================================================================
Warning: you are using DPPP, the deprecated name for DP3, to start the program!
In March 2021, the main DP3 executable was renamed to 'DP3' to use one consistent
name. Your parameters are now forwarded to DP3, but this forwarding wrapper will be
removed in the future: update your commands/scripts and change 'DPPP' to 'DP3'!
===================================================================================
 copying info and subtables ...
Finished preparing output MS
MsReader
  input MS:           /net/zernike/scratch3/hgan/data/raw_data/L2025886/L2025887_SAP001_SB064_uv.MS
  band                0
  startchan:          0  (0)
  nchan:              1  (0)
  ncorrelations:      4
  nbaselines:         496
  first time:         2023/09/21/12:34:00
  maximum time:       2023/09/21/12:35:00
  ntimes:             358
  time interval:      0.167772
  DATA column:        DATA
  extra data columns: 
  WEIGHT column:      WEIGHT_SPECTRUM
  FLAG column:        FLAG
  autoweight:         false
MSWriter msout.
  output MS:      /net/zernike/scratch3/hgan/processed/L2025886_exp1/case3/SB004/CasA_SB064_Cycle0_raw.MS
  nchan:          1
  ncorrelations:  4
  nbaselines:     496
  ntimes:         358
  time interval:  0.167772
  DATA column:    DATA
  FLAG column:    FLAG
  WEIGHT column:  WEIGHT_SPECTRUM
  Compressed:     no
  use thread:     true
Processing 358 time slots ...

0%....10....20....30....40....50....60....70....80....90....100%
Finishing processing ...

NaN/infinite data flagged in reader
===================================

Percentage of flagged visibilities detected per correlation:
  [0,0,0,0] out of 177568 visibilities   [0%, 0%, 0%, 0%]
0 missing time slots were inserted

Total DP3 time       4.69 real        1.04 user         0.2 system
   12.3% (  578 ms) MsReader
   87.4% ( 4094 ms) MSWriter msout.
     17.6% (  721 ms) Creating task
     21.8% (  892 ms) Writing (threaded)
===================================================================================
Warning: you are using DPPP, the deprecated name for DP3, to start the program!
In March 2021, the main DP3 executable was renamed to 'DP3' to use one consistent
name. Your parameters are now forwarded to DP3, but this forwarding wrapper will be
removed in the future: update your commands/scripts and change 'DPPP' to 'DP3'!
===================================================================================
 copying info and subtables ...
Finished preparing output MS
MsReader
  input MS:           /net/zernike/scratch3/hgan/data/raw_data/L2025886/L2025886_SAP000_SB004_uv.MS
  band                0
  startchan:          0  (0)
  nchan:              1  (0)
  ncorrelations:      4
  nbaselines:         496
  first time:         2023/09/21/12:34:00
  maximum time:       2023/09/21/12:35:00
  ntimes:             358
  time interval:      0.167772
  DATA column:        DATA
  extra data columns: 
  WEIGHT column:      WEIGHT_SPECTRUM
  FLAG column:        FLAG
  autoweight:         false
MSWriter msout.
  output MS:      /net/zernike/scratch3/hgan/processed/L2025886_exp1/case3/SB004/Sun_SB004_Cycle0_raw.MS
  nchan:          1
  ncorrelations:  4
  nbaselines:     496
  ntimes:         358
  time interval:  0.167772
  DATA column:    DATA
  FLAG column:    FLAG
  WEIGHT column:  WEIGHT_SPECTRUM
  Compressed:     no
  use thread:     true
Processing 358 time slots ...

0%....10....20....30....40....50....60....70....80....90....100%
Finishing processing ...

NaN/infinite data flagged in reader
===================================

Percentage of flagged visibilities detected per correlation:
  [0,0,0,0] out of 177568 visibilities   [0%, 0%, 0%, 0%]
0 missing time slots were inserted

Total DP3 time       4.52 real        1.06 user        0.16 system
   12.9% (  583 ms) MsReader
   86.8% ( 3933 ms) MSWriter msout.
     19.2% (  753 ms) Creating task
     23.5% (  924 ms) Writing (threaded)
===================================================================================
Warning: you are using DPPP, the deprecated name for DP3, to start the program!
In March 2021, the main DP3 executable was renamed to 'DP3' to use one consistent
name. Your parameters are now forwarded to DP3, but this forwarding wrapper will be
removed in the future: update your commands/scripts and change 'DPPP' to 'DP3'!
===================================================================================
 copying info and subtables ...
Finished preparing output MS
MsReader
  input MS:           /net/zernike/scratch3/hgan/data/raw_data/L2025886/L2025887_SAP001_SB065_uv.MS
  band                0
  startchan:          0  (0)
  nchan:              1  (0)
  ncorrelations:      4
  nbaselines:         496
  first time:         2023/09/21/12:34:00
  maximum time:       2023/09/21/12:35:00
  ntimes:             358
  time interval:      0.167772
  DATA column:        DATA
  extra data columns: 
  WEIGHT column:      WEIGHT_SPECTRUM
  FLAG column:        FLAG
  autoweight:         false
MSWriter msout.
  output MS:      /net/zernike/scratch3/hgan/processed/L2025886_exp1/case3/SB005/CasA_SB065_Cycle0_raw.MS
  nchan:          1
  ncorrelations:  4
  nbaselines:     496
  ntimes:         358
  time interval:  0.167772
  DATA column:    DATA
  FLAG column:    FLAG
  WEIGHT column:  WEIGHT_SPECTRUM
  Compressed:     no
  use thread:     true
Processing 358 time slots ...

0%....10....20....30....40....50....60....70....80....90....100%
Finishing processing ...

NaN/infinite data flagged in reader
===================================

Percentage of flagged visibilities detected per correlation:
  [0,0,0,0] out of 177568 visibilities   [0%, 0%, 0%, 0%]
0 missing time slots were inserted

Total DP3 time       4.95 real        1.13 user        0.18 system
   12.9% (  640 ms) MsReader
   86.8% ( 4294 ms) MSWriter msout.
     16.9% (  723 ms) Creating task
     21.0% (  900 ms) Writing (threaded)
===================================================================================
Warning: you are using DPPP, the deprecated name for DP3, to start the program!
In March 2021, the main DP3 executable was renamed to 'DP3' to use one consistent
name. Your parameters are now forwarded to DP3, but this forwarding wrapper will be
removed in the future: update your commands/scripts and change 'DPPP' to 'DP3'!
===================================================================================
 copying info and subtables ...
Finished preparing output MS
MsReader
  input MS:           /net/zernike/scratch3/hgan/data/raw_data/L2025886/L2025886_SAP000_SB005_uv.MS
  band                0
  startchan:          0  (0)
  nchan:              1  (0)
  ncorrelations:      4
  nbaselines:         496
  first time:         2023/09/21/12:34:00
  maximum time:       2023/09/21/12:35:00
  ntimes:             358
  time interval:      0.167772
  DATA column:        DATA
  extra data columns: 
  WEIGHT column:      WEIGHT_SPECTRUM
  FLAG column:        FLAG
  autoweight:         false
MSWriter msout.
  output MS:      /net/zernike/scratch3/hgan/processed/L2025886_exp1/case3/SB005/Sun_SB005_Cycle0_raw.MS
  nchan:          1
  ncorrelations:  4
  nbaselines:     496
  ntimes:         358
  time interval:  0.167772
  DATA column:    DATA
  FLAG column:    FLAG
  WEIGHT column:  WEIGHT_SPECTRUM
  Compressed:     no
  use thread:     true
Processing 358 time slots ...

0%....10....20....30....40....50....60....70....80....90....100%
Finishing processing ...

NaN/infinite data flagged in reader
===================================

Percentage of flagged visibilities detected per correlation:
  [0,0,0,0] out of 177568 visibilities   [0%, 0%, 0%, 0%]
0 missing time slots were inserted

Total DP3 time        5.1 real        1.13 user        0.19 system
   11.9% (  607 ms) MsReader
   87.8% ( 4472 ms) MSWriter msout.
     16.6% (  743 ms) Creating task
     20.4% (  912 ms) Writing (threaded)
===================================================================================
Warning: you are using DPPP, the deprecated name for DP3, to start the program!
In March 2021, the main DP3 executable was renamed to 'DP3' to use one consistent
name. Your parameters are now forwarded to DP3, but this forwarding wrapper will be
removed in the future: update your commands/scripts and change 'DPPP' to 'DP3'!
===================================================================================
 copying info and subtables ...
Finished preparing output MS
MsReader
  input MS:           /net/zernike/scratch3/hgan/data/raw_data/L2025886/L2025887_SAP001_SB066_uv.MS
  band                0
  startchan:          0  (0)
  nchan:              1  (0)
  ncorrelations:      4
  nbaselines:         496
  first time:         2023/09/21/12:34:00
  maximum time:       2023/09/21/12:35:00
  ntimes:             358
  time interval:      0.167772
  DATA column:        DATA
  extra data columns: 
  WEIGHT column:      WEIGHT_SPECTRUM
  FLAG column:        FLAG
  autoweight:         false
MSWriter msout.
  output MS:      /net/zernike/scratch3/hgan/processed/L2025886_exp1/case3/SB006/CasA_SB066_Cycle0_raw.MS
  nchan:          1
  ncorrelations:  4
  nbaselines:     496
  ntimes:         358
  time interval:  0.167772
  DATA column:    DATA
  FLAG column:    FLAG
  WEIGHT column:  WEIGHT_SPECTRUM
  Compressed:     no
  use thread:     true
Processing 358 time slots ...

0%....10....20....30....40....50....60....70....80....90....100%
Finishing processing ...

NaN/infinite data flagged in reader
===================================

Percentage of flagged visibilities detected per correlation:
  [0,0,0,0] out of 177568 visibilities   [0%, 0%, 0%, 0%]
0 missing time slots were inserted

Total DP3 time       4.95 real        1.11 user        0.21 system
   12.7% (  630 ms) MsReader
   87.0% ( 4306 ms) MSWriter msout.
     17.2% (  740 ms) Creating task
     21.2% (  912 ms) Writing (threaded)
===================================================================================
Warning: you are using DPPP, the deprecated name for DP3, to start the program!
In March 2021, the main DP3 executable was renamed to 'DP3' to use one consistent
name. Your parameters are now forwarded to DP3, but this forwarding wrapper will be
removed in the future: update your commands/scripts and change 'DPPP' to 'DP3'!
===================================================================================
 copying info and subtables ...
Finished preparing output MS
MsReader
  input MS:           /net/zernike/scratch3/hgan/data/raw_data/L2025886/L2025886_SAP000_SB006_uv.MS
  band                0
  startchan:          0  (0)
  nchan:              1  (0)
  ncorrelations:      4
  nbaselines:         496
  first time:         2023/09/21/12:34:00
  maximum time:       2023/09/21/12:35:00
  ntimes:             358
  time interval:      0.167772
  DATA column:        DATA
  extra data columns: 
  WEIGHT column:      WEIGHT_SPECTRUM
  FLAG column:        FLAG
  autoweight:         false
MSWriter msout.
  output MS:      /net/zernike/scratch3/hgan/processed/L2025886_exp1/case3/SB006/Sun_SB006_Cycle0_raw.MS
  nchan:          1
  ncorrelations:  4
  nbaselines:     496
  ntimes:         358
  time interval:  0.167772
  DATA column:    DATA
  FLAG column:    FLAG
  WEIGHT column:  WEIGHT_SPECTRUM
  Compressed:     no
  use thread:     true
Processing 358 time slots ...

0%....10....20....30....40....50....60....70....80....90....100%
Finishing processing ...

NaN/infinite data flagged in reader
===================================

Percentage of flagged visibilities detected per correlation:
  [0,0,0,0] out of 177568 visibilities   [0%, 0%, 0%, 0%]
0 missing time slots were inserted

Total DP3 time       4.52 real        1.02 user        0.18 system
   13.1% (  592 ms) MsReader
   86.4% ( 3905 ms) MSWriter msout.
     18.1% (  706 ms) Creating task
     22.0% (  859 ms) Writing (threaded)
===================================================================================
Warning: you are using DPPP, the deprecated name for DP3, to start the program!
In March 2021, the main DP3 executable was renamed to 'DP3' to use one consistent
name. Your parameters are now forwarded to DP3, but this forwarding wrapper will be
removed in the future: update your commands/scripts and change 'DPPP' to 'DP3'!
===================================================================================
 copying info and subtables ...
Finished preparing output MS
MsReader
  input MS:           /net/zernike/scratch3/hgan/data/raw_data/L2025886/L2025887_SAP001_SB067_uv.MS
  band                0
  startchan:          0  (0)
  nchan:              1  (0)
  ncorrelations:      4
  nbaselines:         496
  first time:         2023/09/21/12:34:00
  maximum time:       2023/09/21/12:35:00
  ntimes:             358
  time interval:      0.167772
  DATA column:        DATA
  extra data columns: 
  WEIGHT column:      WEIGHT_SPECTRUM
  FLAG column:        FLAG
  autoweight:         false
MSWriter msout.
  output MS:      /net/zernike/scratch3/hgan/processed/L2025886_exp1/case3/SB007/CasA_SB067_Cycle0_raw.MS
  nchan:          1
  ncorrelations:  4
  nbaselines:     496
  ntimes:         358
  time interval:  0.167772
  DATA column:    DATA
  FLAG column:    FLAG
  WEIGHT column:  WEIGHT_SPECTRUM
  Compressed:     no
  use thread:     true
Processing 358 time slots ...

0%....10....20....30....40....50....60....70....80....90....100%
Finishing processing ...

NaN/infinite data flagged in reader
===================================

Percentage of flagged visibilities detected per correlation:
  [0,0,0,0] out of 177568 visibilities   [0%, 0%, 0%, 0%]
0 missing time slots were inserted

Total DP3 time       4.61 real        1.06 user        0.24 system
   13.1% (  603 ms) MsReader
   86.6% ( 3987 ms) MSWriter msout.
     18.5% (  739 ms) Creating task
     22.7% (  905 ms) Writing (threaded)
===================================================================================
Warning: you are using DPPP, the deprecated name for DP3, to start the program!
In March 2021, the main DP3 executable was renamed to 'DP3' to use one consistent
name. Your parameters are now forwarded to DP3, but this forwarding wrapper will be
removed in the future: update your commands/scripts and change 'DPPP' to 'DP3'!
===================================================================================
 copying info and subtables ...
Finished preparing output MS
MsReader
  input MS:           /net/zernike/scratch3/hgan/data/raw_data/L2025886/L2025886_SAP000_SB007_uv.MS
  band                0
  startchan:          0  (0)
  nchan:              1  (0)
  ncorrelations:      4
  nbaselines:         496
  first time:         2023/09/21/12:34:00
  maximum time:       2023/09/21/12:35:00
  ntimes:             358
  time interval:      0.167772
  DATA column:        DATA
  extra data columns: 
  WEIGHT column:      WEIGHT_SPECTRUM
  FLAG column:        FLAG
  autoweight:         false
MSWriter msout.
  output MS:      /net/zernike/scratch3/hgan/processed/L2025886_exp1/case3/SB007/Sun_SB007_Cycle0_raw.MS
  nchan:          1
  ncorrelations:  4
  nbaselines:     496
  ntimes:         358
  time interval:  0.167772
  DATA column:    DATA
  FLAG column:    FLAG
  WEIGHT column:  WEIGHT_SPECTRUM
  Compressed:     no
  use thread:     true
Processing 358 time slots ...

0%....10....20....30....40....50....60....70....80....90....100%
Finishing processing ...

NaN/infinite data flagged in reader
===================================

Percentage of flagged visibilities detected per correlation:
  [0,0,0,0] out of 177568 visibilities   [0%, 0%, 0%, 0%]
0 missing time slots were inserted

Total DP3 time       4.76 real        1.02 user        0.19 system
   12.4% (  592 ms) MsReader
   87.3% ( 4162 ms) MSWriter msout.
     17.1% (  710 ms) Creating task
     20.6% (  859 ms) Writing (threaded)
===================================================================================
Warning: you are using DPPP, the deprecated name for DP3, to start the program!
In March 2021, the main DP3 executable was renamed to 'DP3' to use one consistent
name. Your parameters are now forwarded to DP3, but this forwarding wrapper will be
removed in the future: update your commands/scripts and change 'DPPP' to 'DP3'!
===================================================================================
 copying info and subtables ...
Finished preparing output MS
MsReader
  input MS:           /net/zernike/scratch3/hgan/data/raw_data/L2025886/L2025887_SAP001_SB068_uv.MS
  band                0
  startchan:          0  (0)
  nchan:              1  (0)
  ncorrelations:      4
  nbaselines:         496
  first time:         2023/09/21/12:34:00
  maximum time:       2023/09/21/12:35:00
  ntimes:             358
  time interval:      0.167772
  DATA column:        DATA
  extra data columns: 
  WEIGHT column:      WEIGHT_SPECTRUM
  FLAG column:        FLAG
  autoweight:         false
MSWriter msout.
  output MS:      /net/zernike/scratch3/hgan/processed/L2025886_exp1/case3/SB008/CasA_SB068_Cycle0_raw.MS
  nchan:          1
  ncorrelations:  4
  nbaselines:     496
  ntimes:         358
  time interval:  0.167772
  DATA column:    DATA
  FLAG column:    FLAG
  WEIGHT column:  WEIGHT_SPECTRUM
  Compressed:     no
  use thread:     true
Processing 358 time slots ...

0%....10....20....30....40....50....60....70....80....90....100%
Finishing processing ...

NaN/infinite data flagged in reader
===================================

Percentage of flagged visibilities detected per correlation:
  [0,0,0,0] out of 177568 visibilities   [0%, 0%, 0%, 0%]
0 missing time slots were inserted

Total DP3 time       4.85 real        1.08 user        0.18 system
   12.6% (  612 ms) MsReader
   87.1% ( 4224 ms) MSWriter msout.
     19.4% (  818 ms) Creating task
     23.3% (  986 ms) Writing (threaded)
===================================================================================
Warning: you are using DPPP, the deprecated name for DP3, to start the program!
In March 2021, the main DP3 executable was renamed to 'DP3' to use one consistent
name. Your parameters are now forwarded to DP3, but this forwarding wrapper will be
removed in the future: update your commands/scripts and change 'DPPP' to 'DP3'!
===================================================================================
 copying info and subtables ...
Finished preparing output MS
MsReader
  input MS:           /net/zernike/scratch3/hgan/data/raw_data/L2025886/L2025886_SAP000_SB008_uv.MS
  band                0
  startchan:          0  (0)
  nchan:              1  (0)
  ncorrelations:      4
  nbaselines:         496
  first time:         2023/09/21/12:34:00
  maximum time:       2023/09/21/12:35:00
  ntimes:             358
  time interval:      0.167772
  DATA column:        DATA
  extra data columns: 
  WEIGHT column:      WEIGHT_SPECTRUM
  FLAG column:        FLAG
  autoweight:         false
MSWriter msout.
  output MS:      /net/zernike/scratch3/hgan/processed/L2025886_exp1/case3/SB008/Sun_SB008_Cycle0_raw.MS
  nchan:          1
  ncorrelations:  4
  nbaselines:     496
  ntimes:         358
  time interval:  0.167772
  DATA column:    DATA
  FLAG column:    FLAG
  WEIGHT column:  WEIGHT_SPECTRUM
  Compressed:     no
  use thread:     true
Processing 358 time slots ...

0%....10....20....30....40....50....60....70....80....90....100%
Finishing processing ...

NaN/infinite data flagged in reader
===================================

Percentage of flagged visibilities detected per correlation:
  [0,0,0,0] out of 177568 visibilities   [0%, 0%, 0%, 0%]
0 missing time slots were inserted

Total DP3 time        4.7 real        1.11 user         0.2 system
   13.1% (  614 ms) MsReader
   86.6% ( 4066 ms) MSWriter msout.
     18.2% (  738 ms) Creating task
     22.2% (  901 ms) Writing (threaded)
===================================================================================
Warning: you are using DPPP, the deprecated name for DP3, to start the program!
In March 2021, the main DP3 executable was renamed to 'DP3' to use one consistent
name. Your parameters are now forwarded to DP3, but this forwarding wrapper will be
removed in the future: update your commands/scripts and change 'DPPP' to 'DP3'!
===================================================================================
 copying info and subtables ...
Finished preparing output MS
MsReader
  input MS:           /net/zernike/scratch3/hgan/data/raw_data/L2025886/L2025887_SAP001_SB069_uv.MS
  band                0
  startchan:          0  (0)
  nchan:              1  (0)
  ncorrelations:      4
  nbaselines:         496
  first time:         2023/09/21/12:34:00
  maximum time:       2023/09/21/12:35:00
  ntimes:             358
  time interval:      0.167772
  DATA column:        DATA
  extra data columns: 
  WEIGHT column:      WEIGHT_SPECTRUM
  FLAG column:        FLAG
  autoweight:         false
MSWriter msout.
  output MS:      /net/zernike/scratch3/hgan/processed/L2025886_exp1/case3/SB009/CasA_SB069_Cycle0_raw.MS
  nchan:          1
  ncorrelations:  4
  nbaselines:     496
  ntimes:         358
  time interval:  0.167772
  DATA column:    DATA
  FLAG column:    FLAG
  WEIGHT column:  WEIGHT_SPECTRUM
  Compressed:     no
  use thread:     true
Processing 358 time slots ...

0%....10....20....30....40....50....60....70....80....90....100%
Finishing processing ...

NaN/infinite data flagged in reader
===================================

Percentage of flagged visibilities detected per correlation:
  [0,0,0,0] out of 177568 visibilities   [0%, 0%, 0%, 0%]
0 missing time slots were inserted

Total DP3 time       5.13 real        1.11 user        0.21 system
   12.4% (  636 ms) MsReader
   87.3% ( 4477 ms) MSWriter msout.
     16.8% (  752 ms) Creating task
     20.8% (  932 ms) Writing (threaded)
===================================================================================
Warning: you are using DPPP, the deprecated name for DP3, to start the program!
In March 2021, the main DP3 executable was renamed to 'DP3' to use one consistent
name. Your parameters are now forwarded to DP3, but this forwarding wrapper will be
removed in the future: update your commands/scripts and change 'DPPP' to 'DP3'!
===================================================================================
 copying info and subtables ...
Finished preparing output MS
MsReader
  input MS:           /net/zernike/scratch3/hgan/data/raw_data/L2025886/L2025886_SAP000_SB009_uv.MS
  band                0
  startchan:          0  (0)
  nchan:              1  (0)
  ncorrelations:      4
  nbaselines:         496
  first time:         2023/09/21/12:34:00
  maximum time:       2023/09/21/12:35:00
  ntimes:             358
  time interval:      0.167772
  DATA column:        DATA
  extra data columns: 
  WEIGHT column:      WEIGHT_SPECTRUM
  FLAG column:        FLAG
  autoweight:         false
MSWriter msout.
  output MS:      /net/zernike/scratch3/hgan/processed/L2025886_exp1/case3/SB009/Sun_SB009_Cycle0_raw.MS
  nchan:          1
  ncorrelations:  4
  nbaselines:     496
  ntimes:         358
  time interval:  0.167772
  DATA column:    DATA
  FLAG column:    FLAG
  WEIGHT column:  WEIGHT_SPECTRUM
  Compressed:     no
  use thread:     true
Processing 358 time slots ...

0%....10....20....30....40....50....60....70....80....90....100%
Finishing processing ...

NaN/infinite data flagged in reader
===================================

Percentage of flagged visibilities detected per correlation:
  [0,0,0,0] out of 177568 visibilities   [0%, 0%, 0%, 0%]
0 missing time slots were inserted

Total DP3 time       5.14 real         1.1 user        0.19 system
   12.0% (  619 ms) MsReader
   87.7% ( 4518 ms) MSWriter msout.
     17.2% (  779 ms) Creating task
     21.0% (  948 ms) Writing (threaded)
