Command: open tablename='/net/zernike/scratch3/hgan/processed/L2025886_exp1/case3/SB000/CasA_SB060_Cycle0_avg.MS/instrument'
Command: export Gain* tablename='/net/zernike/scratch3/hgan/processed/L2025886_exp1/case3/SB000//CasA_cycle0.table'
Exported default scalar record for parameter Gain:0:0:Imag:CS002LBA
Exported default scalar record for parameter Gain:0:0:Imag:CS003LBA
Exported default scalar record for parameter Gain:0:0:Imag:CS004LBA
Exported default scalar record for parameter Gain:0:0:Imag:CS005LBA
Exported default scalar record for parameter Gain:0:0:Imag:CS006LBA
Exported default scalar record for parameter Gain:0:0:Imag:CS007LBA
Exported default scalar record for parameter Gain:0:0:Imag:CS011LBA
Exported default scalar record for parameter Gain:0:0:Imag:CS013LBA
Exported default scalar record for parameter Gain:0:0:Imag:CS017LBA
Exported default scalar record for parameter Gain:0:0:Imag:CS021LBA
Exported default scalar record for parameter Gain:0:0:Imag:CS024LBA
Exported default scalar record for parameter Gain:0:0:Imag:CS026LBA
Exported default scalar record for parameter Gain:0:0:Imag:CS028LBA
Exported default scalar record for parameter Gain:0:0:Imag:CS031LBA
Exported default scalar record for parameter Gain:0:0:Imag:CS101LBA
Exported default scalar record for parameter Gain:0:0:Imag:CS103LBA
Exported default scalar record for parameter Gain:0:0:Imag:CS201LBA
Exported default scalar record for parameter Gain:0:0:Imag:CS301LBA
Exported default scalar record for parameter Gain:0:0:Imag:CS302LBA
Exported default scalar record for parameter Gain:0:0:Imag:CS401LBA
Exported default scalar record for parameter Gain:0:0:Imag:CS501LBA
Exported default scalar record for parameter Gain:0:0:Imag:RS106LBA
Exported default scalar record for parameter Gain:0:0:Imag:RS205LBA
Exported default scalar record for parameter Gain:0:0:Imag:RS305LBA
Exported default scalar record for parameter Gain:0:0:Imag:RS306LBA
Exported default scalar record for parameter Gain:0:0:Imag:RS307LBA
Exported default scalar record for parameter Gain:0:0:Imag:RS406LBA
Exported default scalar record for parameter Gain:0:0:Imag:RS407LBA
Exported default scalar record for parameter Gain:0:0:Imag:RS503LBA
Exported default scalar record for parameter Gain:0:0:Real:CS002LBA
Exported default scalar record for parameter Gain:0:0:Real:CS003LBA
Exported default scalar record for parameter Gain:0:0:Real:CS004LBA
Exported default scalar record for parameter Gain:0:0:Real:CS005LBA
Exported default scalar record for parameter Gain:0:0:Real:CS006LBA
Exported default scalar record for parameter Gain:0:0:Real:CS007LBA
Exported default scalar record for parameter Gain:0:0:Real:CS011LBA
Exported default scalar record for parameter Gain:0:0:Real:CS013LBA
Exported default scalar record for parameter Gain:0:0:Real:CS017LBA
Exported default scalar record for parameter Gain:0:0:Real:CS021LBA
Exported default scalar record for parameter Gain:0:0:Real:CS024LBA
Exported default scalar record for parameter Gain:0:0:Real:CS026LBA
Exported default scalar record for parameter Gain:0:0:Real:CS028LBA
Exported default scalar record for parameter Gain:0:0:Real:CS031LBA
Exported default scalar record for parameter Gain:0:0:Real:CS101LBA
Exported default scalar record for parameter Gain:0:0:Real:CS103LBA
Exported default scalar record for parameter Gain:0:0:Real:CS201LBA
Exported default scalar record for parameter Gain:0:0:Real:CS301LBA
Exported default scalar record for parameter Gain:0:0:Real:CS302LBA
Exported default scalar record for parameter Gain:0:0:Real:CS401LBA
Exported default scalar record for parameter Gain:0:0:Real:CS501LBA
Exported default scalar record for parameter Gain:0:0:Real:RS106LBA
Exported default scalar record for parameter Gain:0:0:Real:RS205LBA
Exported default scalar record for parameter Gain:0:0:Real:RS305LBA
Exported default scalar record for parameter Gain:0:0:Real:RS306LBA
Exported default scalar record for parameter Gain:0:0:Real:RS307LBA
Exported default scalar record for parameter Gain:0:0:Real:RS406LBA
Exported default scalar record for parameter Gain:0:0:Real:RS407LBA
Exported default scalar record for parameter Gain:0:0:Real:RS503LBA
Exported default scalar record for parameter Gain:1:1:Imag:CS002LBA
Exported default scalar record for parameter Gain:1:1:Imag:CS003LBA
Exported default scalar record for parameter Gain:1:1:Imag:CS004LBA
Exported default scalar record for parameter Gain:1:1:Imag:CS005LBA
Exported default scalar record for parameter Gain:1:1:Imag:CS006LBA
Exported default scalar record for parameter Gain:1:1:Imag:CS007LBA
Exported default scalar record for parameter Gain:1:1:Imag:CS011LBA
Exported default scalar record for parameter Gain:1:1:Imag:CS013LBA
Exported default scalar record for parameter Gain:1:1:Imag:CS017LBA
Exported default scalar record for parameter Gain:1:1:Imag:CS021LBA
Exported default scalar record for parameter Gain:1:1:Imag:CS024LBA
Exported default scalar record for parameter Gain:1:1:Imag:CS026LBA
Exported default scalar record for parameter Gain:1:1:Imag:CS028LBA
Exported default scalar record for parameter Gain:1:1:Imag:CS031LBA
Exported default scalar record for parameter Gain:1:1:Imag:CS101LBA
Exported default scalar record for parameter Gain:1:1:Imag:CS103LBA
Exported default scalar record for parameter Gain:1:1:Imag:CS201LBA
Exported default scalar record for parameter Gain:1:1:Imag:CS301LBA
Exported default scalar record for parameter Gain:1:1:Imag:CS302LBA
Exported default scalar record for parameter Gain:1:1:Imag:CS401LBA
Exported default scalar record for parameter Gain:1:1:Imag:CS501LBA
Exported default scalar record for parameter Gain:1:1:Imag:RS106LBA
Exported default scalar record for parameter Gain:1:1:Imag:RS205LBA
Exported default scalar record for parameter Gain:1:1:Imag:RS305LBA
Exported default scalar record for parameter Gain:1:1:Imag:RS306LBA
Exported default scalar record for parameter Gain:1:1:Imag:RS307LBA
Exported default scalar record for parameter Gain:1:1:Imag:RS406LBA
Exported default scalar record for parameter Gain:1:1:Imag:RS407LBA
Exported default scalar record for parameter Gain:1:1:Imag:RS503LBA
Exported default scalar record for parameter Gain:1:1:Real:CS002LBA
Exported default scalar record for parameter Gain:1:1:Real:CS003LBA
Exported default scalar record for parameter Gain:1:1:Real:CS004LBA
Exported default scalar record for parameter Gain:1:1:Real:CS005LBA
Exported default scalar record for parameter Gain:1:1:Real:CS006LBA
Exported default scalar record for parameter Gain:1:1:Real:CS007LBA
Exported default scalar record for parameter Gain:1:1:Real:CS011LBA
Exported default scalar record for parameter Gain:1:1:Real:CS013LBA
Exported default scalar record for parameter Gain:1:1:Real:CS017LBA
Exported default scalar record for parameter Gain:1:1:Real:CS021LBA
Exported default scalar record for parameter Gain:1:1:Real:CS024LBA
Exported default scalar record for parameter Gain:1:1:Real:CS026LBA
Exported default scalar record for parameter Gain:1:1:Real:CS028LBA
Exported default scalar record for parameter Gain:1:1:Real:CS031LBA
Exported default scalar record for parameter Gain:1:1:Real:CS101LBA
Exported default scalar record for parameter Gain:1:1:Real:CS103LBA
Exported default scalar record for parameter Gain:1:1:Real:CS201LBA
Exported default scalar record for parameter Gain:1:1:Real:CS301LBA
Exported default scalar record for parameter Gain:1:1:Real:CS302LBA
Exported default scalar record for parameter Gain:1:1:Real:CS401LBA
Exported default scalar record for parameter Gain:1:1:Real:CS501LBA
Exported default scalar record for parameter Gain:1:1:Real:RS106LBA
Exported default scalar record for parameter Gain:1:1:Real:RS205LBA
Exported default scalar record for parameter Gain:1:1:Real:RS305LBA
Exported default scalar record for parameter Gain:1:1:Real:RS306LBA
Exported default scalar record for parameter Gain:1:1:Real:RS307LBA
Exported default scalar record for parameter Gain:1:1:Real:RS406LBA
Exported default scalar record for parameter Gain:1:1:Real:RS407LBA
Exported default scalar record for parameter Gain:1:1:Real:RS503LBA
Exported 116 parms to /net/zernike/scratch3/hgan/processed/L2025886_exp1/case3/SB000//CasA_cycle0.table
Command: exit

Command: open tablename='/net/zernike/scratch3/hgan/processed/L2025886_exp1/case3/SB001/CasA_SB061_Cycle0_avg.MS/instrument'
Command: export Gain* tablename='/net/zernike/scratch3/hgan/processed/L2025886_exp1/case3/SB001//CasA_cycle0.table'
Exported default scalar record for parameter Gain:0:0:Imag:CS002LBA
Exported default scalar record for parameter Gain:0:0:Imag:CS003LBA
Exported default scalar record for parameter Gain:0:0:Imag:CS004LBA
Exported default scalar record for parameter Gain:0:0:Imag:CS005LBA
Exported default scalar record for parameter Gain:0:0:Imag:CS006LBA
Exported default scalar record for parameter Gain:0:0:Imag:CS007LBA
Exported default scalar record for parameter Gain:0:0:Imag:CS011LBA
Exported default scalar record for parameter Gain:0:0:Imag:CS013LBA
Exported default scalar record for parameter Gain:0:0:Imag:CS017LBA
Exported default scalar record for parameter Gain:0:0:Imag:CS021LBA
Exported default scalar record for parameter Gain:0:0:Imag:CS024LBA
Exported default scalar record for parameter Gain:0:0:Imag:CS026LBA
Exported default scalar record for parameter Gain:0:0:Imag:CS028LBA
Exported default scalar record for parameter Gain:0:0:Imag:CS031LBA
Exported default scalar record for parameter Gain:0:0:Imag:CS101LBA
Exported default scalar record for parameter Gain:0:0:Imag:CS103LBA
Exported default scalar record for parameter Gain:0:0:Imag:CS201LBA
Exported default scalar record for parameter Gain:0:0:Imag:CS301LBA
Exported default scalar record for parameter Gain:0:0:Imag:CS302LBA
Exported default scalar record for parameter Gain:0:0:Imag:CS401LBA
Exported default scalar record for parameter Gain:0:0:Imag:CS501LBA
Exported default scalar record for parameter Gain:0:0:Imag:RS106LBA
Exported default scalar record for parameter Gain:0:0:Imag:RS205LBA
Exported default scalar record for parameter Gain:0:0:Imag:RS305LBA
Exported default scalar record for parameter Gain:0:0:Imag:RS306LBA
Exported default scalar record for parameter Gain:0:0:Imag:RS307LBA
Exported default scalar record for parameter Gain:0:0:Imag:RS406LBA
Exported default scalar record for parameter Gain:0:0:Imag:RS407LBA
Exported default scalar record for parameter Gain:0:0:Imag:RS503LBA
Exported default scalar record for parameter Gain:0:0:Real:CS002LBA
Exported default scalar record for parameter Gain:0:0:Real:CS003LBA
Exported default scalar record for parameter Gain:0:0:Real:CS004LBA
Exported default scalar record for parameter Gain:0:0:Real:CS005LBA
Exported default scalar record for parameter Gain:0:0:Real:CS006LBA
Exported default scalar record for parameter Gain:0:0:Real:CS007LBA
Exported default scalar record for parameter Gain:0:0:Real:CS011LBA
Exported default scalar record for parameter Gain:0:0:Real:CS013LBA
Exported default scalar record for parameter Gain:0:0:Real:CS017LBA
Exported default scalar record for parameter Gain:0:0:Real:CS021LBA
Exported default scalar record for parameter Gain:0:0:Real:CS024LBA
Exported default scalar record for parameter Gain:0:0:Real:CS026LBA
Exported default scalar record for parameter Gain:0:0:Real:CS028LBA
Exported default scalar record for parameter Gain:0:0:Real:CS031LBA
Exported default scalar record for parameter Gain:0:0:Real:CS101LBA
Exported default scalar record for parameter Gain:0:0:Real:CS103LBA
Exported default scalar record for parameter Gain:0:0:Real:CS201LBA
Exported default scalar record for parameter Gain:0:0:Real:CS301LBA
Exported default scalar record for parameter Gain:0:0:Real:CS302LBA
Exported default scalar record for parameter Gain:0:0:Real:CS401LBA
Exported default scalar record for parameter Gain:0:0:Real:CS501LBA
Exported default scalar record for parameter Gain:0:0:Real:RS106LBA
Exported default scalar record for parameter Gain:0:0:Real:RS205LBA
Exported default scalar record for parameter Gain:0:0:Real:RS305LBA
Exported default scalar record for parameter Gain:0:0:Real:RS306LBA
Exported default scalar record for parameter Gain:0:0:Real:RS307LBA
Exported default scalar record for parameter Gain:0:0:Real:RS406LBA
Exported default scalar record for parameter Gain:0:0:Real:RS407LBA
Exported default scalar record for parameter Gain:0:0:Real:RS503LBA
Exported default scalar record for parameter Gain:1:1:Imag:CS002LBA
Exported default scalar record for parameter Gain:1:1:Imag:CS003LBA
Exported default scalar record for parameter Gain:1:1:Imag:CS004LBA
Exported default scalar record for parameter Gain:1:1:Imag:CS005LBA
Exported default scalar record for parameter Gain:1:1:Imag:CS006LBA
Exported default scalar record for parameter Gain:1:1:Imag:CS007LBA
Exported default scalar record for parameter Gain:1:1:Imag:CS011LBA
Exported default scalar record for parameter Gain:1:1:Imag:CS013LBA
Exported default scalar record for parameter Gain:1:1:Imag:CS017LBA
Exported default scalar record for parameter Gain:1:1:Imag:CS021LBA
Exported default scalar record for parameter Gain:1:1:Imag:CS024LBA
Exported default scalar record for parameter Gain:1:1:Imag:CS026LBA
Exported default scalar record for parameter Gain:1:1:Imag:CS028LBA
Exported default scalar record for parameter Gain:1:1:Imag:CS031LBA
Exported default scalar record for parameter Gain:1:1:Imag:CS101LBA
Exported default scalar record for parameter Gain:1:1:Imag:CS103LBA
Exported default scalar record for parameter Gain:1:1:Imag:CS201LBA
Exported default scalar record for parameter Gain:1:1:Imag:CS301LBA
Exported default scalar record for parameter Gain:1:1:Imag:CS302LBA
Exported default scalar record for parameter Gain:1:1:Imag:CS401LBA
Exported default scalar record for parameter Gain:1:1:Imag:CS501LBA
Exported default scalar record for parameter Gain:1:1:Imag:RS106LBA
Exported default scalar record for parameter Gain:1:1:Imag:RS205LBA
Exported default scalar record for parameter Gain:1:1:Imag:RS305LBA
Exported default scalar record for parameter Gain:1:1:Imag:RS306LBA
Exported default scalar record for parameter Gain:1:1:Imag:RS307LBA
Exported default scalar record for parameter Gain:1:1:Imag:RS406LBA
Exported default scalar record for parameter Gain:1:1:Imag:RS407LBA
Exported default scalar record for parameter Gain:1:1:Imag:RS503LBA
Exported default scalar record for parameter Gain:1:1:Real:CS002LBA
Exported default scalar record for parameter Gain:1:1:Real:CS003LBA
Exported default scalar record for parameter Gain:1:1:Real:CS004LBA
Exported default scalar record for parameter Gain:1:1:Real:CS005LBA
Exported default scalar record for parameter Gain:1:1:Real:CS006LBA
Exported default scalar record for parameter Gain:1:1:Real:CS007LBA
Exported default scalar record for parameter Gain:1:1:Real:CS011LBA
Exported default scalar record for parameter Gain:1:1:Real:CS013LBA
Exported default scalar record for parameter Gain:1:1:Real:CS017LBA
Exported default scalar record for parameter Gain:1:1:Real:CS021LBA
Exported default scalar record for parameter Gain:1:1:Real:CS024LBA
Exported default scalar record for parameter Gain:1:1:Real:CS026LBA
Exported default scalar record for parameter Gain:1:1:Real:CS028LBA
Exported default scalar record for parameter Gain:1:1:Real:CS031LBA
Exported default scalar record for parameter Gain:1:1:Real:CS101LBA
Exported default scalar record for parameter Gain:1:1:Real:CS103LBA
Exported default scalar record for parameter Gain:1:1:Real:CS201LBA
Exported default scalar record for parameter Gain:1:1:Real:CS301LBA
Exported default scalar record for parameter Gain:1:1:Real:CS302LBA
Exported default scalar record for parameter Gain:1:1:Real:CS401LBA
Exported default scalar record for parameter Gain:1:1:Real:CS501LBA
Exported default scalar record for parameter Gain:1:1:Real:RS106LBA
Exported default scalar record for parameter Gain:1:1:Real:RS205LBA
Exported default scalar record for parameter Gain:1:1:Real:RS305LBA
Exported default scalar record for parameter Gain:1:1:Real:RS306LBA
Exported default scalar record for parameter Gain:1:1:Real:RS307LBA
Exported default scalar record for parameter Gain:1:1:Real:RS406LBA
Exported default scalar record for parameter Gain:1:1:Real:RS407LBA
Exported default scalar record for parameter Gain:1:1:Real:RS503LBA
Exported 116 parms to /net/zernike/scratch3/hgan/processed/L2025886_exp1/case3/SB001//CasA_cycle0.table
Command: exit

Command: open tablename='/net/zernike/scratch3/hgan/processed/L2025886_exp1/case3/SB002/CasA_SB062_Cycle0_avg.MS/instrument'
Command: export Gain* tablename='/net/zernike/scratch3/hgan/processed/L2025886_exp1/case3/SB002//CasA_cycle0.table'
Exported default scalar record for parameter Gain:0:0:Imag:CS002LBA
Exported default scalar record for parameter Gain:0:0:Imag:CS003LBA
Exported default scalar record for parameter Gain:0:0:Imag:CS004LBA
Exported default scalar record for parameter Gain:0:0:Imag:CS005LBA
Exported default scalar record for parameter Gain:0:0:Imag:CS006LBA
Exported default scalar record for parameter Gain:0:0:Imag:CS007LBA
Exported default scalar record for parameter Gain:0:0:Imag:CS011LBA
Exported default scalar record for parameter Gain:0:0:Imag:CS013LBA
Exported default scalar record for parameter Gain:0:0:Imag:CS017LBA
Exported default scalar record for parameter Gain:0:0:Imag:CS021LBA
Exported default scalar record for parameter Gain:0:0:Imag:CS024LBA
Exported default scalar record for parameter Gain:0:0:Imag:CS026LBA
Exported default scalar record for parameter Gain:0:0:Imag:CS028LBA
Exported default scalar record for parameter Gain:0:0:Imag:CS031LBA
Exported default scalar record for parameter Gain:0:0:Imag:CS101LBA
Exported default scalar record for parameter Gain:0:0:Imag:CS103LBA
Exported default scalar record for parameter Gain:0:0:Imag:CS201LBA
Exported default scalar record for parameter Gain:0:0:Imag:CS301LBA
Exported default scalar record for parameter Gain:0:0:Imag:CS302LBA
Exported default scalar record for parameter Gain:0:0:Imag:CS401LBA
Exported default scalar record for parameter Gain:0:0:Imag:CS501LBA
Exported default scalar record for parameter Gain:0:0:Imag:RS106LBA
Exported default scalar record for parameter Gain:0:0:Imag:RS205LBA
Exported default scalar record for parameter Gain:0:0:Imag:RS305LBA
Exported default scalar record for parameter Gain:0:0:Imag:RS306LBA
Exported default scalar record for parameter Gain:0:0:Imag:RS307LBA
Exported default scalar record for parameter Gain:0:0:Imag:RS406LBA
Exported default scalar record for parameter Gain:0:0:Imag:RS407LBA
Exported default scalar record for parameter Gain:0:0:Imag:RS503LBA
Exported default scalar record for parameter Gain:0:0:Real:CS002LBA
Exported default scalar record for parameter Gain:0:0:Real:CS003LBA
Exported default scalar record for parameter Gain:0:0:Real:CS004LBA
Exported default scalar record for parameter Gain:0:0:Real:CS005LBA
Exported default scalar record for parameter Gain:0:0:Real:CS006LBA
Exported default scalar record for parameter Gain:0:0:Real:CS007LBA
Exported default scalar record for parameter Gain:0:0:Real:CS011LBA
Exported default scalar record for parameter Gain:0:0:Real:CS013LBA
Exported default scalar record for parameter Gain:0:0:Real:CS017LBA
Exported default scalar record for parameter Gain:0:0:Real:CS021LBA
Exported default scalar record for parameter Gain:0:0:Real:CS024LBA
Exported default scalar record for parameter Gain:0:0:Real:CS026LBA
Exported default scalar record for parameter Gain:0:0:Real:CS028LBA
Exported default scalar record for parameter Gain:0:0:Real:CS031LBA
Exported default scalar record for parameter Gain:0:0:Real:CS101LBA
Exported default scalar record for parameter Gain:0:0:Real:CS103LBA
Exported default scalar record for parameter Gain:0:0:Real:CS201LBA
Exported default scalar record for parameter Gain:0:0:Real:CS301LBA
Exported default scalar record for parameter Gain:0:0:Real:CS302LBA
Exported default scalar record for parameter Gain:0:0:Real:CS401LBA
Exported default scalar record for parameter Gain:0:0:Real:CS501LBA
Exported default scalar record for parameter Gain:0:0:Real:RS106LBA
Exported default scalar record for parameter Gain:0:0:Real:RS205LBA
Exported default scalar record for parameter Gain:0:0:Real:RS305LBA
Exported default scalar record for parameter Gain:0:0:Real:RS306LBA
Exported default scalar record for parameter Gain:0:0:Real:RS307LBA
Exported default scalar record for parameter Gain:0:0:Real:RS406LBA
Exported default scalar record for parameter Gain:0:0:Real:RS407LBA
Exported default scalar record for parameter Gain:0:0:Real:RS503LBA
Exported default scalar record for parameter Gain:1:1:Imag:CS002LBA
Exported default scalar record for parameter Gain:1:1:Imag:CS003LBA
Exported default scalar record for parameter Gain:1:1:Imag:CS004LBA
Exported default scalar record for parameter Gain:1:1:Imag:CS005LBA
Exported default scalar record for parameter Gain:1:1:Imag:CS006LBA
Exported default scalar record for parameter Gain:1:1:Imag:CS007LBA
Exported default scalar record for parameter Gain:1:1:Imag:CS011LBA
Exported default scalar record for parameter Gain:1:1:Imag:CS013LBA
Exported default scalar record for parameter Gain:1:1:Imag:CS017LBA
Exported default scalar record for parameter Gain:1:1:Imag:CS021LBA
Exported default scalar record for parameter Gain:1:1:Imag:CS024LBA
Exported default scalar record for parameter Gain:1:1:Imag:CS026LBA
Exported default scalar record for parameter Gain:1:1:Imag:CS028LBA
Exported default scalar record for parameter Gain:1:1:Imag:CS031LBA
Exported default scalar record for parameter Gain:1:1:Imag:CS101LBA
Exported default scalar record for parameter Gain:1:1:Imag:CS103LBA
Exported default scalar record for parameter Gain:1:1:Imag:CS201LBA
Exported default scalar record for parameter Gain:1:1:Imag:CS301LBA
Exported default scalar record for parameter Gain:1:1:Imag:CS302LBA
Exported default scalar record for parameter Gain:1:1:Imag:CS401LBA
Exported default scalar record for parameter Gain:1:1:Imag:CS501LBA
Exported default scalar record for parameter Gain:1:1:Imag:RS106LBA
Exported default scalar record for parameter Gain:1:1:Imag:RS205LBA
Exported default scalar record for parameter Gain:1:1:Imag:RS305LBA
Exported default scalar record for parameter Gain:1:1:Imag:RS306LBA
Exported default scalar record for parameter Gain:1:1:Imag:RS307LBA
Exported default scalar record for parameter Gain:1:1:Imag:RS406LBA
Exported default scalar record for parameter Gain:1:1:Imag:RS407LBA
Exported default scalar record for parameter Gain:1:1:Imag:RS503LBA
Exported default scalar record for parameter Gain:1:1:Real:CS002LBA
Exported default scalar record for parameter Gain:1:1:Real:CS003LBA
Exported default scalar record for parameter Gain:1:1:Real:CS004LBA
Exported default scalar record for parameter Gain:1:1:Real:CS005LBA
Exported default scalar record for parameter Gain:1:1:Real:CS006LBA
Exported default scalar record for parameter Gain:1:1:Real:CS007LBA
Exported default scalar record for parameter Gain:1:1:Real:CS011LBA
Exported default scalar record for parameter Gain:1:1:Real:CS013LBA
Exported default scalar record for parameter Gain:1:1:Real:CS017LBA
Exported default scalar record for parameter Gain:1:1:Real:CS021LBA
Exported default scalar record for parameter Gain:1:1:Real:CS024LBA
Exported default scalar record for parameter Gain:1:1:Real:CS026LBA
Exported default scalar record for parameter Gain:1:1:Real:CS028LBA
Exported default scalar record for parameter Gain:1:1:Real:CS031LBA
Exported default scalar record for parameter Gain:1:1:Real:CS101LBA
Exported default scalar record for parameter Gain:1:1:Real:CS103LBA
Exported default scalar record for parameter Gain:1:1:Real:CS201LBA
Exported default scalar record for parameter Gain:1:1:Real:CS301LBA
Exported default scalar record for parameter Gain:1:1:Real:CS302LBA
Exported default scalar record for parameter Gain:1:1:Real:CS401LBA
Exported default scalar record for parameter Gain:1:1:Real:CS501LBA
Exported default scalar record for parameter Gain:1:1:Real:RS106LBA
Exported default scalar record for parameter Gain:1:1:Real:RS205LBA
Exported default scalar record for parameter Gain:1:1:Real:RS305LBA
Exported default scalar record for parameter Gain:1:1:Real:RS306LBA
Exported default scalar record for parameter Gain:1:1:Real:RS307LBA
Exported default scalar record for parameter Gain:1:1:Real:RS406LBA
Exported default scalar record for parameter Gain:1:1:Real:RS407LBA
Exported default scalar record for parameter Gain:1:1:Real:RS503LBA
Exported 116 parms to /net/zernike/scratch3/hgan/processed/L2025886_exp1/case3/SB002//CasA_cycle0.table
Command: exit

Command: open tablename='/net/zernike/scratch3/hgan/processed/L2025886_exp1/case3/SB003/CasA_SB063_Cycle0_avg.MS/instrument'
Command: export Gain* tablename='/net/zernike/scratch3/hgan/processed/L2025886_exp1/case3/SB003//CasA_cycle0.table'
Exported default scalar record for parameter Gain:0:0:Imag:CS002LBA
Exported default scalar record for parameter Gain:0:0:Imag:CS003LBA
Exported default scalar record for parameter Gain:0:0:Imag:CS004LBA
Exported default scalar record for parameter Gain:0:0:Imag:CS005LBA
Exported default scalar record for parameter Gain:0:0:Imag:CS006LBA
Exported default scalar record for parameter Gain:0:0:Imag:CS007LBA
Exported default scalar record for parameter Gain:0:0:Imag:CS011LBA
Exported default scalar record for parameter Gain:0:0:Imag:CS013LBA
Exported default scalar record for parameter Gain:0:0:Imag:CS017LBA
Exported default scalar record for parameter Gain:0:0:Imag:CS021LBA
Exported default scalar record for parameter Gain:0:0:Imag:CS024LBA
Exported default scalar record for parameter Gain:0:0:Imag:CS026LBA
Exported default scalar record for parameter Gain:0:0:Imag:CS028LBA
Exported default scalar record for parameter Gain:0:0:Imag:CS031LBA
Exported default scalar record for parameter Gain:0:0:Imag:CS101LBA
Exported default scalar record for parameter Gain:0:0:Imag:CS103LBA
Exported default scalar record for parameter Gain:0:0:Imag:CS201LBA
Exported default scalar record for parameter Gain:0:0:Imag:CS301LBA
Exported default scalar record for parameter Gain:0:0:Imag:CS302LBA
Exported default scalar record for parameter Gain:0:0:Imag:CS401LBA
Exported default scalar record for parameter Gain:0:0:Imag:CS501LBA
Exported default scalar record for parameter Gain:0:0:Imag:RS106LBA
Exported default scalar record for parameter Gain:0:0:Imag:RS205LBA
Exported default scalar record for parameter Gain:0:0:Imag:RS305LBA
Exported default scalar record for parameter Gain:0:0:Imag:RS306LBA
Exported default scalar record for parameter Gain:0:0:Imag:RS307LBA
Exported default scalar record for parameter Gain:0:0:Imag:RS406LBA
Exported default scalar record for parameter Gain:0:0:Imag:RS407LBA
Exported default scalar record for parameter Gain:0:0:Imag:RS503LBA
Exported default scalar record for parameter Gain:0:0:Real:CS002LBA
Exported default scalar record for parameter Gain:0:0:Real:CS003LBA
Exported default scalar record for parameter Gain:0:0:Real:CS004LBA
Exported default scalar record for parameter Gain:0:0:Real:CS005LBA
Exported default scalar record for parameter Gain:0:0:Real:CS006LBA
Exported default scalar record for parameter Gain:0:0:Real:CS007LBA
Exported default scalar record for parameter Gain:0:0:Real:CS011LBA
Exported default scalar record for parameter Gain:0:0:Real:CS013LBA
Exported default scalar record for parameter Gain:0:0:Real:CS017LBA
Exported default scalar record for parameter Gain:0:0:Real:CS021LBA
Exported default scalar record for parameter Gain:0:0:Real:CS024LBA
Exported default scalar record for parameter Gain:0:0:Real:CS026LBA
Exported default scalar record for parameter Gain:0:0:Real:CS028LBA
Exported default scalar record for parameter Gain:0:0:Real:CS031LBA
Exported default scalar record for parameter Gain:0:0:Real:CS101LBA
Exported default scalar record for parameter Gain:0:0:Real:CS103LBA
Exported default scalar record for parameter Gain:0:0:Real:CS201LBA
Exported default scalar record for parameter Gain:0:0:Real:CS301LBA
Exported default scalar record for parameter Gain:0:0:Real:CS302LBA
Exported default scalar record for parameter Gain:0:0:Real:CS401LBA
Exported default scalar record for parameter Gain:0:0:Real:CS501LBA
Exported default scalar record for parameter Gain:0:0:Real:RS106LBA
Exported default scalar record for parameter Gain:0:0:Real:RS205LBA
Exported default scalar record for parameter Gain:0:0:Real:RS305LBA
Exported default scalar record for parameter Gain:0:0:Real:RS306LBA
Exported default scalar record for parameter Gain:0:0:Real:RS307LBA
Exported default scalar record for parameter Gain:0:0:Real:RS406LBA
Exported default scalar record for parameter Gain:0:0:Real:RS407LBA
Exported default scalar record for parameter Gain:0:0:Real:RS503LBA
Exported default scalar record for parameter Gain:1:1:Imag:CS002LBA
Exported default scalar record for parameter Gain:1:1:Imag:CS003LBA
Exported default scalar record for parameter Gain:1:1:Imag:CS004LBA
Exported default scalar record for parameter Gain:1:1:Imag:CS005LBA
Exported default scalar record for parameter Gain:1:1:Imag:CS006LBA
Exported default scalar record for parameter Gain:1:1:Imag:CS007LBA
Exported default scalar record for parameter Gain:1:1:Imag:CS011LBA
Exported default scalar record for parameter Gain:1:1:Imag:CS013LBA
Exported default scalar record for parameter Gain:1:1:Imag:CS017LBA
Exported default scalar record for parameter Gain:1:1:Imag:CS021LBA
Exported default scalar record for parameter Gain:1:1:Imag:CS024LBA
Exported default scalar record for parameter Gain:1:1:Imag:CS026LBA
Exported default scalar record for parameter Gain:1:1:Imag:CS028LBA
Exported default scalar record for parameter Gain:1:1:Imag:CS031LBA
Exported default scalar record for parameter Gain:1:1:Imag:CS101LBA
Exported default scalar record for parameter Gain:1:1:Imag:CS103LBA
Exported default scalar record for parameter Gain:1:1:Imag:CS201LBA
Exported default scalar record for parameter Gain:1:1:Imag:CS301LBA
Exported default scalar record for parameter Gain:1:1:Imag:CS302LBA
Exported default scalar record for parameter Gain:1:1:Imag:CS401LBA
Exported default scalar record for parameter Gain:1:1:Imag:CS501LBA
Exported default scalar record for parameter Gain:1:1:Imag:RS106LBA
Exported default scalar record for parameter Gain:1:1:Imag:RS205LBA
Exported default scalar record for parameter Gain:1:1:Imag:RS305LBA
Exported default scalar record for parameter Gain:1:1:Imag:RS306LBA
Exported default scalar record for parameter Gain:1:1:Imag:RS307LBA
Exported default scalar record for parameter Gain:1:1:Imag:RS406LBA
Exported default scalar record for parameter Gain:1:1:Imag:RS407LBA
Exported default scalar record for parameter Gain:1:1:Imag:RS503LBA
Exported default scalar record for parameter Gain:1:1:Real:CS002LBA
Exported default scalar record for parameter Gain:1:1:Real:CS003LBA
Exported default scalar record for parameter Gain:1:1:Real:CS004LBA
Exported default scalar record for parameter Gain:1:1:Real:CS005LBA
Exported default scalar record for parameter Gain:1:1:Real:CS006LBA
Exported default scalar record for parameter Gain:1:1:Real:CS007LBA
Exported default scalar record for parameter Gain:1:1:Real:CS011LBA
Exported default scalar record for parameter Gain:1:1:Real:CS013LBA
Exported default scalar record for parameter Gain:1:1:Real:CS017LBA
Exported default scalar record for parameter Gain:1:1:Real:CS021LBA
Exported default scalar record for parameter Gain:1:1:Real:CS024LBA
Exported default scalar record for parameter Gain:1:1:Real:CS026LBA
Exported default scalar record for parameter Gain:1:1:Real:CS028LBA
Exported default scalar record for parameter Gain:1:1:Real:CS031LBA
Exported default scalar record for parameter Gain:1:1:Real:CS101LBA
Exported default scalar record for parameter Gain:1:1:Real:CS103LBA
Exported default scalar record for parameter Gain:1:1:Real:CS201LBA
Exported default scalar record for parameter Gain:1:1:Real:CS301LBA
Exported default scalar record for parameter Gain:1:1:Real:CS302LBA
Exported default scalar record for parameter Gain:1:1:Real:CS401LBA
Exported default scalar record for parameter Gain:1:1:Real:CS501LBA
Exported default scalar record for parameter Gain:1:1:Real:RS106LBA
Exported default scalar record for parameter Gain:1:1:Real:RS205LBA
Exported default scalar record for parameter Gain:1:1:Real:RS305LBA
Exported default scalar record for parameter Gain:1:1:Real:RS306LBA
Exported default scalar record for parameter Gain:1:1:Real:RS307LBA
Exported default scalar record for parameter Gain:1:1:Real:RS406LBA
Exported default scalar record for parameter Gain:1:1:Real:RS407LBA
Exported default scalar record for parameter Gain:1:1:Real:RS503LBA
Exported 116 parms to /net/zernike/scratch3/hgan/processed/L2025886_exp1/case3/SB003//CasA_cycle0.table
Command: exit

Command: open tablename='/net/zernike/scratch3/hgan/processed/L2025886_exp1/case3/SB004/CasA_SB064_Cycle0_avg.MS/instrument'
Command: export Gain* tablename='/net/zernike/scratch3/hgan/processed/L2025886_exp1/case3/SB004//CasA_cycle0.table'
Exported default scalar record for parameter Gain:0:0:Imag:CS002LBA
Exported default scalar record for parameter Gain:0:0:Imag:CS003LBA
Exported default scalar record for parameter Gain:0:0:Imag:CS004LBA
Exported default scalar record for parameter Gain:0:0:Imag:CS005LBA
Exported default scalar record for parameter Gain:0:0:Imag:CS006LBA
Exported default scalar record for parameter Gain:0:0:Imag:CS007LBA
Exported default scalar record for parameter Gain:0:0:Imag:CS011LBA
Exported default scalar record for parameter Gain:0:0:Imag:CS013LBA
Exported default scalar record for parameter Gain:0:0:Imag:CS017LBA
Exported default scalar record for parameter Gain:0:0:Imag:CS021LBA
Exported default scalar record for parameter Gain:0:0:Imag:CS024LBA
Exported default scalar record for parameter Gain:0:0:Imag:CS026LBA
Exported default scalar record for parameter Gain:0:0:Imag:CS028LBA
Exported default scalar record for parameter Gain:0:0:Imag:CS031LBA
Exported default scalar record for parameter Gain:0:0:Imag:CS101LBA
Exported default scalar record for parameter Gain:0:0:Imag:CS103LBA
Exported default scalar record for parameter Gain:0:0:Imag:CS201LBA
Exported default scalar record for parameter Gain:0:0:Imag:CS301LBA
Exported default scalar record for parameter Gain:0:0:Imag:CS302LBA
Exported default scalar record for parameter Gain:0:0:Imag:CS401LBA
Exported default scalar record for parameter Gain:0:0:Imag:CS501LBA
Exported default scalar record for parameter Gain:0:0:Imag:RS106LBA
Exported default scalar record for parameter Gain:0:0:Imag:RS205LBA
Exported default scalar record for parameter Gain:0:0:Imag:RS305LBA
Exported default scalar record for parameter Gain:0:0:Imag:RS306LBA
Exported default scalar record for parameter Gain:0:0:Imag:RS307LBA
Exported default scalar record for parameter Gain:0:0:Imag:RS406LBA
Exported default scalar record for parameter Gain:0:0:Imag:RS407LBA
Exported default scalar record for parameter Gain:0:0:Imag:RS503LBA
Exported default scalar record for parameter Gain:0:0:Real:CS002LBA
Exported default scalar record for parameter Gain:0:0:Real:CS003LBA
Exported default scalar record for parameter Gain:0:0:Real:CS004LBA
Exported default scalar record for parameter Gain:0:0:Real:CS005LBA
Exported default scalar record for parameter Gain:0:0:Real:CS006LBA
Exported default scalar record for parameter Gain:0:0:Real:CS007LBA
Exported default scalar record for parameter Gain:0:0:Real:CS011LBA
Exported default scalar record for parameter Gain:0:0:Real:CS013LBA
Exported default scalar record for parameter Gain:0:0:Real:CS017LBA
Exported default scalar record for parameter Gain:0:0:Real:CS021LBA
Exported default scalar record for parameter Gain:0:0:Real:CS024LBA
Exported default scalar record for parameter Gain:0:0:Real:CS026LBA
Exported default scalar record for parameter Gain:0:0:Real:CS028LBA
Exported default scalar record for parameter Gain:0:0:Real:CS031LBA
Exported default scalar record for parameter Gain:0:0:Real:CS101LBA
Exported default scalar record for parameter Gain:0:0:Real:CS103LBA
Exported default scalar record for parameter Gain:0:0:Real:CS201LBA
Exported default scalar record for parameter Gain:0:0:Real:CS301LBA
Exported default scalar record for parameter Gain:0:0:Real:CS302LBA
Exported default scalar record for parameter Gain:0:0:Real:CS401LBA
Exported default scalar record for parameter Gain:0:0:Real:CS501LBA
Exported default scalar record for parameter Gain:0:0:Real:RS106LBA
Exported default scalar record for parameter Gain:0:0:Real:RS205LBA
Exported default scalar record for parameter Gain:0:0:Real:RS305LBA
Exported default scalar record for parameter Gain:0:0:Real:RS306LBA
Exported default scalar record for parameter Gain:0:0:Real:RS307LBA
Exported default scalar record for parameter Gain:0:0:Real:RS406LBA
Exported default scalar record for parameter Gain:0:0:Real:RS407LBA
Exported default scalar record for parameter Gain:0:0:Real:RS503LBA
Exported default scalar record for parameter Gain:1:1:Imag:CS002LBA
Exported default scalar record for parameter Gain:1:1:Imag:CS003LBA
Exported default scalar record for parameter Gain:1:1:Imag:CS004LBA
Exported default scalar record for parameter Gain:1:1:Imag:CS005LBA
Exported default scalar record for parameter Gain:1:1:Imag:CS006LBA
Exported default scalar record for parameter Gain:1:1:Imag:CS007LBA
Exported default scalar record for parameter Gain:1:1:Imag:CS011LBA
Exported default scalar record for parameter Gain:1:1:Imag:CS013LBA
Exported default scalar record for parameter Gain:1:1:Imag:CS017LBA
Exported default scalar record for parameter Gain:1:1:Imag:CS021LBA
Exported default scalar record for parameter Gain:1:1:Imag:CS024LBA
Exported default scalar record for parameter Gain:1:1:Imag:CS026LBA
Exported default scalar record for parameter Gain:1:1:Imag:CS028LBA
Exported default scalar record for parameter Gain:1:1:Imag:CS031LBA
Exported default scalar record for parameter Gain:1:1:Imag:CS101LBA
Exported default scalar record for parameter Gain:1:1:Imag:CS103LBA
Exported default scalar record for parameter Gain:1:1:Imag:CS201LBA
Exported default scalar record for parameter Gain:1:1:Imag:CS301LBA
Exported default scalar record for parameter Gain:1:1:Imag:CS302LBA
Exported default scalar record for parameter Gain:1:1:Imag:CS401LBA
Exported default scalar record for parameter Gain:1:1:Imag:CS501LBA
Exported default scalar record for parameter Gain:1:1:Imag:RS106LBA
Exported default scalar record for parameter Gain:1:1:Imag:RS205LBA
Exported default scalar record for parameter Gain:1:1:Imag:RS305LBA
Exported default scalar record for parameter Gain:1:1:Imag:RS306LBA
Exported default scalar record for parameter Gain:1:1:Imag:RS307LBA
Exported default scalar record for parameter Gain:1:1:Imag:RS406LBA
Exported default scalar record for parameter Gain:1:1:Imag:RS407LBA
Exported default scalar record for parameter Gain:1:1:Imag:RS503LBA
Exported default scalar record for parameter Gain:1:1:Real:CS002LBA
Exported default scalar record for parameter Gain:1:1:Real:CS003LBA
Exported default scalar record for parameter Gain:1:1:Real:CS004LBA
Exported default scalar record for parameter Gain:1:1:Real:CS005LBA
Exported default scalar record for parameter Gain:1:1:Real:CS006LBA
Exported default scalar record for parameter Gain:1:1:Real:CS007LBA
Exported default scalar record for parameter Gain:1:1:Real:CS011LBA
Exported default scalar record for parameter Gain:1:1:Real:CS013LBA
Exported default scalar record for parameter Gain:1:1:Real:CS017LBA
Exported default scalar record for parameter Gain:1:1:Real:CS021LBA
Exported default scalar record for parameter Gain:1:1:Real:CS024LBA
Exported default scalar record for parameter Gain:1:1:Real:CS026LBA
Exported default scalar record for parameter Gain:1:1:Real:CS028LBA
Exported default scalar record for parameter Gain:1:1:Real:CS031LBA
Exported default scalar record for parameter Gain:1:1:Real:CS101LBA
Exported default scalar record for parameter Gain:1:1:Real:CS103LBA
Exported default scalar record for parameter Gain:1:1:Real:CS201LBA
Exported default scalar record for parameter Gain:1:1:Real:CS301LBA
Exported default scalar record for parameter Gain:1:1:Real:CS302LBA
Exported default scalar record for parameter Gain:1:1:Real:CS401LBA
Exported default scalar record for parameter Gain:1:1:Real:CS501LBA
Exported default scalar record for parameter Gain:1:1:Real:RS106LBA
Exported default scalar record for parameter Gain:1:1:Real:RS205LBA
Exported default scalar record for parameter Gain:1:1:Real:RS305LBA
Exported default scalar record for parameter Gain:1:1:Real:RS306LBA
Exported default scalar record for parameter Gain:1:1:Real:RS307LBA
Exported default scalar record for parameter Gain:1:1:Real:RS406LBA
Exported default scalar record for parameter Gain:1:1:Real:RS407LBA
Exported default scalar record for parameter Gain:1:1:Real:RS503LBA
Exported 116 parms to /net/zernike/scratch3/hgan/processed/L2025886_exp1/case3/SB004//CasA_cycle0.table
Command: exit

Command: open tablename='/net/zernike/scratch3/hgan/processed/L2025886_exp1/case3/SB005/CasA_SB065_Cycle0_avg.MS/instrument'
Command: export Gain* tablename='/net/zernike/scratch3/hgan/processed/L2025886_exp1/case3/SB005//CasA_cycle0.table'
Exported default scalar record for parameter Gain:0:0:Imag:CS002LBA
Exported default scalar record for parameter Gain:0:0:Imag:CS003LBA
Exported default scalar record for parameter Gain:0:0:Imag:CS004LBA
Exported default scalar record for parameter Gain:0:0:Imag:CS005LBA
Exported default scalar record for parameter Gain:0:0:Imag:CS006LBA
Exported default scalar record for parameter Gain:0:0:Imag:CS007LBA
Exported default scalar record for parameter Gain:0:0:Imag:CS011LBA
Exported default scalar record for parameter Gain:0:0:Imag:CS013LBA
Exported default scalar record for parameter Gain:0:0:Imag:CS017LBA
Exported default scalar record for parameter Gain:0:0:Imag:CS021LBA
Exported default scalar record for parameter Gain:0:0:Imag:CS024LBA
Exported default scalar record for parameter Gain:0:0:Imag:CS026LBA
Exported default scalar record for parameter Gain:0:0:Imag:CS028LBA
Exported default scalar record for parameter Gain:0:0:Imag:CS031LBA
Exported default scalar record for parameter Gain:0:0:Imag:CS101LBA
Exported default scalar record for parameter Gain:0:0:Imag:CS103LBA
Exported default scalar record for parameter Gain:0:0:Imag:CS201LBA
Exported default scalar record for parameter Gain:0:0:Imag:CS301LBA
Exported default scalar record for parameter Gain:0:0:Imag:CS302LBA
Exported default scalar record for parameter Gain:0:0:Imag:CS401LBA
Exported default scalar record for parameter Gain:0:0:Imag:CS501LBA
Exported default scalar record for parameter Gain:0:0:Imag:RS106LBA
Exported default scalar record for parameter Gain:0:0:Imag:RS205LBA
Exported default scalar record for parameter Gain:0:0:Imag:RS305LBA
Exported default scalar record for parameter Gain:0:0:Imag:RS306LBA
Exported default scalar record for parameter Gain:0:0:Imag:RS307LBA
Exported default scalar record for parameter Gain:0:0:Imag:RS406LBA
Exported default scalar record for parameter Gain:0:0:Imag:RS407LBA
Exported default scalar record for parameter Gain:0:0:Imag:RS503LBA
Exported default scalar record for parameter Gain:0:0:Real:CS002LBA
Exported default scalar record for parameter Gain:0:0:Real:CS003LBA
Exported default scalar record for parameter Gain:0:0:Real:CS004LBA
Exported default scalar record for parameter Gain:0:0:Real:CS005LBA
Exported default scalar record for parameter Gain:0:0:Real:CS006LBA
Exported default scalar record for parameter Gain:0:0:Real:CS007LBA
Exported default scalar record for parameter Gain:0:0:Real:CS011LBA
Exported default scalar record for parameter Gain:0:0:Real:CS013LBA
Exported default scalar record for parameter Gain:0:0:Real:CS017LBA
Exported default scalar record for parameter Gain:0:0:Real:CS021LBA
Exported default scalar record for parameter Gain:0:0:Real:CS024LBA
Exported default scalar record for parameter Gain:0:0:Real:CS026LBA
Exported default scalar record for parameter Gain:0:0:Real:CS028LBA
Exported default scalar record for parameter Gain:0:0:Real:CS031LBA
Exported default scalar record for parameter Gain:0:0:Real:CS101LBA
Exported default scalar record for parameter Gain:0:0:Real:CS103LBA
Exported default scalar record for parameter Gain:0:0:Real:CS201LBA
Exported default scalar record for parameter Gain:0:0:Real:CS301LBA
Exported default scalar record for parameter Gain:0:0:Real:CS302LBA
Exported default scalar record for parameter Gain:0:0:Real:CS401LBA
Exported default scalar record for parameter Gain:0:0:Real:CS501LBA
Exported default scalar record for parameter Gain:0:0:Real:RS106LBA
Exported default scalar record for parameter Gain:0:0:Real:RS205LBA
Exported default scalar record for parameter Gain:0:0:Real:RS305LBA
Exported default scalar record for parameter Gain:0:0:Real:RS306LBA
Exported default scalar record for parameter Gain:0:0:Real:RS307LBA
Exported default scalar record for parameter Gain:0:0:Real:RS406LBA
Exported default scalar record for parameter Gain:0:0:Real:RS407LBA
Exported default scalar record for parameter Gain:0:0:Real:RS503LBA
Exported default scalar record for parameter Gain:1:1:Imag:CS002LBA
Exported default scalar record for parameter Gain:1:1:Imag:CS003LBA
Exported default scalar record for parameter Gain:1:1:Imag:CS004LBA
Exported default scalar record for parameter Gain:1:1:Imag:CS005LBA
Exported default scalar record for parameter Gain:1:1:Imag:CS006LBA
Exported default scalar record for parameter Gain:1:1:Imag:CS007LBA
Exported default scalar record for parameter Gain:1:1:Imag:CS011LBA
Exported default scalar record for parameter Gain:1:1:Imag:CS013LBA
Exported default scalar record for parameter Gain:1:1:Imag:CS017LBA
Exported default scalar record for parameter Gain:1:1:Imag:CS021LBA
Exported default scalar record for parameter Gain:1:1:Imag:CS024LBA
Exported default scalar record for parameter Gain:1:1:Imag:CS026LBA
Exported default scalar record for parameter Gain:1:1:Imag:CS028LBA
Exported default scalar record for parameter Gain:1:1:Imag:CS031LBA
Exported default scalar record for parameter Gain:1:1:Imag:CS101LBA
Exported default scalar record for parameter Gain:1:1:Imag:CS103LBA
Exported default scalar record for parameter Gain:1:1:Imag:CS201LBA
Exported default scalar record for parameter Gain:1:1:Imag:CS301LBA
Exported default scalar record for parameter Gain:1:1:Imag:CS302LBA
Exported default scalar record for parameter Gain:1:1:Imag:CS401LBA
Exported default scalar record for parameter Gain:1:1:Imag:CS501LBA
Exported default scalar record for parameter Gain:1:1:Imag:RS106LBA
Exported default scalar record for parameter Gain:1:1:Imag:RS205LBA
Exported default scalar record for parameter Gain:1:1:Imag:RS305LBA
Exported default scalar record for parameter Gain:1:1:Imag:RS306LBA
Exported default scalar record for parameter Gain:1:1:Imag:RS307LBA
Exported default scalar record for parameter Gain:1:1:Imag:RS406LBA
Exported default scalar record for parameter Gain:1:1:Imag:RS407LBA
Exported default scalar record for parameter Gain:1:1:Imag:RS503LBA
Exported default scalar record for parameter Gain:1:1:Real:CS002LBA
Exported default scalar record for parameter Gain:1:1:Real:CS003LBA
Exported default scalar record for parameter Gain:1:1:Real:CS004LBA
Exported default scalar record for parameter Gain:1:1:Real:CS005LBA
Exported default scalar record for parameter Gain:1:1:Real:CS006LBA
Exported default scalar record for parameter Gain:1:1:Real:CS007LBA
Exported default scalar record for parameter Gain:1:1:Real:CS011LBA
Exported default scalar record for parameter Gain:1:1:Real:CS013LBA
Exported default scalar record for parameter Gain:1:1:Real:CS017LBA
Exported default scalar record for parameter Gain:1:1:Real:CS021LBA
Exported default scalar record for parameter Gain:1:1:Real:CS024LBA
Exported default scalar record for parameter Gain:1:1:Real:CS026LBA
Exported default scalar record for parameter Gain:1:1:Real:CS028LBA
Exported default scalar record for parameter Gain:1:1:Real:CS031LBA
Exported default scalar record for parameter Gain:1:1:Real:CS101LBA
Exported default scalar record for parameter Gain:1:1:Real:CS103LBA
Exported default scalar record for parameter Gain:1:1:Real:CS201LBA
Exported default scalar record for parameter Gain:1:1:Real:CS301LBA
Exported default scalar record for parameter Gain:1:1:Real:CS302LBA
Exported default scalar record for parameter Gain:1:1:Real:CS401LBA
Exported default scalar record for parameter Gain:1:1:Real:CS501LBA
Exported default scalar record for parameter Gain:1:1:Real:RS106LBA
Exported default scalar record for parameter Gain:1:1:Real:RS205LBA
Exported default scalar record for parameter Gain:1:1:Real:RS305LBA
Exported default scalar record for parameter Gain:1:1:Real:RS306LBA
Exported default scalar record for parameter Gain:1:1:Real:RS307LBA
Exported default scalar record for parameter Gain:1:1:Real:RS406LBA
Exported default scalar record for parameter Gain:1:1:Real:RS407LBA
Exported default scalar record for parameter Gain:1:1:Real:RS503LBA
Exported 116 parms to /net/zernike/scratch3/hgan/processed/L2025886_exp1/case3/SB005//CasA_cycle0.table
Command: exit

Command: open tablename='/net/zernike/scratch3/hgan/processed/L2025886_exp1/case3/SB006/CasA_SB066_Cycle0_avg.MS/instrument'
Command: export Gain* tablename='/net/zernike/scratch3/hgan/processed/L2025886_exp1/case3/SB006//CasA_cycle0.table'
Exported default scalar record for parameter Gain:0:0:Imag:CS002LBA
Exported default scalar record for parameter Gain:0:0:Imag:CS003LBA
Exported default scalar record for parameter Gain:0:0:Imag:CS004LBA
Exported default scalar record for parameter Gain:0:0:Imag:CS005LBA
Exported default scalar record for parameter Gain:0:0:Imag:CS006LBA
Exported default scalar record for parameter Gain:0:0:Imag:CS007LBA
Exported default scalar record for parameter Gain:0:0:Imag:CS011LBA
Exported default scalar record for parameter Gain:0:0:Imag:CS013LBA
Exported default scalar record for parameter Gain:0:0:Imag:CS017LBA
Exported default scalar record for parameter Gain:0:0:Imag:CS021LBA
Exported default scalar record for parameter Gain:0:0:Imag:CS024LBA
Exported default scalar record for parameter Gain:0:0:Imag:CS026LBA
Exported default scalar record for parameter Gain:0:0:Imag:CS028LBA
Exported default scalar record for parameter Gain:0:0:Imag:CS031LBA
Exported default scalar record for parameter Gain:0:0:Imag:CS101LBA
Exported default scalar record for parameter Gain:0:0:Imag:CS103LBA
Exported default scalar record for parameter Gain:0:0:Imag:CS201LBA
Exported default scalar record for parameter Gain:0:0:Imag:CS301LBA
Exported default scalar record for parameter Gain:0:0:Imag:CS302LBA
Exported default scalar record for parameter Gain:0:0:Imag:CS401LBA
Exported default scalar record for parameter Gain:0:0:Imag:CS501LBA
Exported default scalar record for parameter Gain:0:0:Imag:RS106LBA
Exported default scalar record for parameter Gain:0:0:Imag:RS205LBA
Exported default scalar record for parameter Gain:0:0:Imag:RS305LBA
Exported default scalar record for parameter Gain:0:0:Imag:RS306LBA
Exported default scalar record for parameter Gain:0:0:Imag:RS307LBA
Exported default scalar record for parameter Gain:0:0:Imag:RS406LBA
Exported default scalar record for parameter Gain:0:0:Imag:RS407LBA
Exported default scalar record for parameter Gain:0:0:Imag:RS503LBA
Exported default scalar record for parameter Gain:0:0:Real:CS002LBA
Exported default scalar record for parameter Gain:0:0:Real:CS003LBA
Exported default scalar record for parameter Gain:0:0:Real:CS004LBA
Exported default scalar record for parameter Gain:0:0:Real:CS005LBA
Exported default scalar record for parameter Gain:0:0:Real:CS006LBA
Exported default scalar record for parameter Gain:0:0:Real:CS007LBA
Exported default scalar record for parameter Gain:0:0:Real:CS011LBA
Exported default scalar record for parameter Gain:0:0:Real:CS013LBA
Exported default scalar record for parameter Gain:0:0:Real:CS017LBA
Exported default scalar record for parameter Gain:0:0:Real:CS021LBA
Exported default scalar record for parameter Gain:0:0:Real:CS024LBA
Exported default scalar record for parameter Gain:0:0:Real:CS026LBA
Exported default scalar record for parameter Gain:0:0:Real:CS028LBA
Exported default scalar record for parameter Gain:0:0:Real:CS031LBA
Exported default scalar record for parameter Gain:0:0:Real:CS101LBA
Exported default scalar record for parameter Gain:0:0:Real:CS103LBA
Exported default scalar record for parameter Gain:0:0:Real:CS201LBA
Exported default scalar record for parameter Gain:0:0:Real:CS301LBA
Exported default scalar record for parameter Gain:0:0:Real:CS302LBA
Exported default scalar record for parameter Gain:0:0:Real:CS401LBA
Exported default scalar record for parameter Gain:0:0:Real:CS501LBA
Exported default scalar record for parameter Gain:0:0:Real:RS106LBA
Exported default scalar record for parameter Gain:0:0:Real:RS205LBA
Exported default scalar record for parameter Gain:0:0:Real:RS305LBA
Exported default scalar record for parameter Gain:0:0:Real:RS306LBA
Exported default scalar record for parameter Gain:0:0:Real:RS307LBA
Exported default scalar record for parameter Gain:0:0:Real:RS406LBA
Exported default scalar record for parameter Gain:0:0:Real:RS407LBA
Exported default scalar record for parameter Gain:0:0:Real:RS503LBA
Exported default scalar record for parameter Gain:1:1:Imag:CS002LBA
Exported default scalar record for parameter Gain:1:1:Imag:CS003LBA
Exported default scalar record for parameter Gain:1:1:Imag:CS004LBA
Exported default scalar record for parameter Gain:1:1:Imag:CS005LBA
Exported default scalar record for parameter Gain:1:1:Imag:CS006LBA
Exported default scalar record for parameter Gain:1:1:Imag:CS007LBA
Exported default scalar record for parameter Gain:1:1:Imag:CS011LBA
Exported default scalar record for parameter Gain:1:1:Imag:CS013LBA
Exported default scalar record for parameter Gain:1:1:Imag:CS017LBA
Exported default scalar record for parameter Gain:1:1:Imag:CS021LBA
Exported default scalar record for parameter Gain:1:1:Imag:CS024LBA
Exported default scalar record for parameter Gain:1:1:Imag:CS026LBA
Exported default scalar record for parameter Gain:1:1:Imag:CS028LBA
Exported default scalar record for parameter Gain:1:1:Imag:CS031LBA
Exported default scalar record for parameter Gain:1:1:Imag:CS101LBA
Exported default scalar record for parameter Gain:1:1:Imag:CS103LBA
Exported default scalar record for parameter Gain:1:1:Imag:CS201LBA
Exported default scalar record for parameter Gain:1:1:Imag:CS301LBA
Exported default scalar record for parameter Gain:1:1:Imag:CS302LBA
Exported default scalar record for parameter Gain:1:1:Imag:CS401LBA
Exported default scalar record for parameter Gain:1:1:Imag:CS501LBA
Exported default scalar record for parameter Gain:1:1:Imag:RS106LBA
Exported default scalar record for parameter Gain:1:1:Imag:RS205LBA
Exported default scalar record for parameter Gain:1:1:Imag:RS305LBA
Exported default scalar record for parameter Gain:1:1:Imag:RS306LBA
Exported default scalar record for parameter Gain:1:1:Imag:RS307LBA
Exported default scalar record for parameter Gain:1:1:Imag:RS406LBA
Exported default scalar record for parameter Gain:1:1:Imag:RS407LBA
Exported default scalar record for parameter Gain:1:1:Imag:RS503LBA
Exported default scalar record for parameter Gain:1:1:Real:CS002LBA
Exported default scalar record for parameter Gain:1:1:Real:CS003LBA
Exported default scalar record for parameter Gain:1:1:Real:CS004LBA
Exported default scalar record for parameter Gain:1:1:Real:CS005LBA
Exported default scalar record for parameter Gain:1:1:Real:CS006LBA
Exported default scalar record for parameter Gain:1:1:Real:CS007LBA
Exported default scalar record for parameter Gain:1:1:Real:CS011LBA
Exported default scalar record for parameter Gain:1:1:Real:CS013LBA
Exported default scalar record for parameter Gain:1:1:Real:CS017LBA
Exported default scalar record for parameter Gain:1:1:Real:CS021LBA
Exported default scalar record for parameter Gain:1:1:Real:CS024LBA
Exported default scalar record for parameter Gain:1:1:Real:CS026LBA
Exported default scalar record for parameter Gain:1:1:Real:CS028LBA
Exported default scalar record for parameter Gain:1:1:Real:CS031LBA
Exported default scalar record for parameter Gain:1:1:Real:CS101LBA
Exported default scalar record for parameter Gain:1:1:Real:CS103LBA
Exported default scalar record for parameter Gain:1:1:Real:CS201LBA
Exported default scalar record for parameter Gain:1:1:Real:CS301LBA
Exported default scalar record for parameter Gain:1:1:Real:CS302LBA
Exported default scalar record for parameter Gain:1:1:Real:CS401LBA
Exported default scalar record for parameter Gain:1:1:Real:CS501LBA
Exported default scalar record for parameter Gain:1:1:Real:RS106LBA
Exported default scalar record for parameter Gain:1:1:Real:RS205LBA
Exported default scalar record for parameter Gain:1:1:Real:RS305LBA
Exported default scalar record for parameter Gain:1:1:Real:RS306LBA
Exported default scalar record for parameter Gain:1:1:Real:RS307LBA
Exported default scalar record for parameter Gain:1:1:Real:RS406LBA
Exported default scalar record for parameter Gain:1:1:Real:RS407LBA
Exported default scalar record for parameter Gain:1:1:Real:RS503LBA
Exported 116 parms to /net/zernike/scratch3/hgan/processed/L2025886_exp1/case3/SB006//CasA_cycle0.table
Command: exit

Command: open tablename='/net/zernike/scratch3/hgan/processed/L2025886_exp1/case3/SB007/CasA_SB067_Cycle0_avg.MS/instrument'
Command: export Gain* tablename='/net/zernike/scratch3/hgan/processed/L2025886_exp1/case3/SB007//CasA_cycle0.table'
Exported default scalar record for parameter Gain:0:0:Imag:CS002LBA
Exported default scalar record for parameter Gain:0:0:Imag:CS003LBA
Exported default scalar record for parameter Gain:0:0:Imag:CS004LBA
Exported default scalar record for parameter Gain:0:0:Imag:CS005LBA
Exported default scalar record for parameter Gain:0:0:Imag:CS006LBA
Exported default scalar record for parameter Gain:0:0:Imag:CS007LBA
Exported default scalar record for parameter Gain:0:0:Imag:CS011LBA
Exported default scalar record for parameter Gain:0:0:Imag:CS013LBA
Exported default scalar record for parameter Gain:0:0:Imag:CS017LBA
Exported default scalar record for parameter Gain:0:0:Imag:CS021LBA
Exported default scalar record for parameter Gain:0:0:Imag:CS024LBA
Exported default scalar record for parameter Gain:0:0:Imag:CS026LBA
Exported default scalar record for parameter Gain:0:0:Imag:CS028LBA
Exported default scalar record for parameter Gain:0:0:Imag:CS031LBA
Exported default scalar record for parameter Gain:0:0:Imag:CS101LBA
Exported default scalar record for parameter Gain:0:0:Imag:CS103LBA
Exported default scalar record for parameter Gain:0:0:Imag:CS201LBA
Exported default scalar record for parameter Gain:0:0:Imag:CS301LBA
Exported default scalar record for parameter Gain:0:0:Imag:CS302LBA
Exported default scalar record for parameter Gain:0:0:Imag:CS401LBA
Exported default scalar record for parameter Gain:0:0:Imag:CS501LBA
Exported default scalar record for parameter Gain:0:0:Imag:RS106LBA
Exported default scalar record for parameter Gain:0:0:Imag:RS205LBA
Exported default scalar record for parameter Gain:0:0:Imag:RS305LBA
Exported default scalar record for parameter Gain:0:0:Imag:RS306LBA
Exported default scalar record for parameter Gain:0:0:Imag:RS307LBA
Exported default scalar record for parameter Gain:0:0:Imag:RS406LBA
Exported default scalar record for parameter Gain:0:0:Imag:RS407LBA
Exported default scalar record for parameter Gain:0:0:Imag:RS503LBA
Exported default scalar record for parameter Gain:0:0:Real:CS002LBA
Exported default scalar record for parameter Gain:0:0:Real:CS003LBA
Exported default scalar record for parameter Gain:0:0:Real:CS004LBA
Exported default scalar record for parameter Gain:0:0:Real:CS005LBA
Exported default scalar record for parameter Gain:0:0:Real:CS006LBA
Exported default scalar record for parameter Gain:0:0:Real:CS007LBA
Exported default scalar record for parameter Gain:0:0:Real:CS011LBA
Exported default scalar record for parameter Gain:0:0:Real:CS013LBA
Exported default scalar record for parameter Gain:0:0:Real:CS017LBA
Exported default scalar record for parameter Gain:0:0:Real:CS021LBA
Exported default scalar record for parameter Gain:0:0:Real:CS024LBA
Exported default scalar record for parameter Gain:0:0:Real:CS026LBA
Exported default scalar record for parameter Gain:0:0:Real:CS028LBA
Exported default scalar record for parameter Gain:0:0:Real:CS031LBA
Exported default scalar record for parameter Gain:0:0:Real:CS101LBA
Exported default scalar record for parameter Gain:0:0:Real:CS103LBA
Exported default scalar record for parameter Gain:0:0:Real:CS201LBA
Exported default scalar record for parameter Gain:0:0:Real:CS301LBA
Exported default scalar record for parameter Gain:0:0:Real:CS302LBA
Exported default scalar record for parameter Gain:0:0:Real:CS401LBA
Exported default scalar record for parameter Gain:0:0:Real:CS501LBA
Exported default scalar record for parameter Gain:0:0:Real:RS106LBA
Exported default scalar record for parameter Gain:0:0:Real:RS205LBA
Exported default scalar record for parameter Gain:0:0:Real:RS305LBA
Exported default scalar record for parameter Gain:0:0:Real:RS306LBA
Exported default scalar record for parameter Gain:0:0:Real:RS307LBA
Exported default scalar record for parameter Gain:0:0:Real:RS406LBA
Exported default scalar record for parameter Gain:0:0:Real:RS407LBA
Exported default scalar record for parameter Gain:0:0:Real:RS503LBA
Exported default scalar record for parameter Gain:1:1:Imag:CS002LBA
Exported default scalar record for parameter Gain:1:1:Imag:CS003LBA
Exported default scalar record for parameter Gain:1:1:Imag:CS004LBA
Exported default scalar record for parameter Gain:1:1:Imag:CS005LBA
Exported default scalar record for parameter Gain:1:1:Imag:CS006LBA
Exported default scalar record for parameter Gain:1:1:Imag:CS007LBA
Exported default scalar record for parameter Gain:1:1:Imag:CS011LBA
Exported default scalar record for parameter Gain:1:1:Imag:CS013LBA
Exported default scalar record for parameter Gain:1:1:Imag:CS017LBA
Exported default scalar record for parameter Gain:1:1:Imag:CS021LBA
Exported default scalar record for parameter Gain:1:1:Imag:CS024LBA
Exported default scalar record for parameter Gain:1:1:Imag:CS026LBA
Exported default scalar record for parameter Gain:1:1:Imag:CS028LBA
Exported default scalar record for parameter Gain:1:1:Imag:CS031LBA
Exported default scalar record for parameter Gain:1:1:Imag:CS101LBA
Exported default scalar record for parameter Gain:1:1:Imag:CS103LBA
Exported default scalar record for parameter Gain:1:1:Imag:CS201LBA
Exported default scalar record for parameter Gain:1:1:Imag:CS301LBA
Exported default scalar record for parameter Gain:1:1:Imag:CS302LBA
Exported default scalar record for parameter Gain:1:1:Imag:CS401LBA
Exported default scalar record for parameter Gain:1:1:Imag:CS501LBA
Exported default scalar record for parameter Gain:1:1:Imag:RS106LBA
Exported default scalar record for parameter Gain:1:1:Imag:RS205LBA
Exported default scalar record for parameter Gain:1:1:Imag:RS305LBA
Exported default scalar record for parameter Gain:1:1:Imag:RS306LBA
Exported default scalar record for parameter Gain:1:1:Imag:RS307LBA
Exported default scalar record for parameter Gain:1:1:Imag:RS406LBA
Exported default scalar record for parameter Gain:1:1:Imag:RS407LBA
Exported default scalar record for parameter Gain:1:1:Imag:RS503LBA
Exported default scalar record for parameter Gain:1:1:Real:CS002LBA
Exported default scalar record for parameter Gain:1:1:Real:CS003LBA
Exported default scalar record for parameter Gain:1:1:Real:CS004LBA
Exported default scalar record for parameter Gain:1:1:Real:CS005LBA
Exported default scalar record for parameter Gain:1:1:Real:CS006LBA
Exported default scalar record for parameter Gain:1:1:Real:CS007LBA
Exported default scalar record for parameter Gain:1:1:Real:CS011LBA
Exported default scalar record for parameter Gain:1:1:Real:CS013LBA
Exported default scalar record for parameter Gain:1:1:Real:CS017LBA
Exported default scalar record for parameter Gain:1:1:Real:CS021LBA
Exported default scalar record for parameter Gain:1:1:Real:CS024LBA
Exported default scalar record for parameter Gain:1:1:Real:CS026LBA
Exported default scalar record for parameter Gain:1:1:Real:CS028LBA
Exported default scalar record for parameter Gain:1:1:Real:CS031LBA
Exported default scalar record for parameter Gain:1:1:Real:CS101LBA
Exported default scalar record for parameter Gain:1:1:Real:CS103LBA
Exported default scalar record for parameter Gain:1:1:Real:CS201LBA
Exported default scalar record for parameter Gain:1:1:Real:CS301LBA
Exported default scalar record for parameter Gain:1:1:Real:CS302LBA
Exported default scalar record for parameter Gain:1:1:Real:CS401LBA
Exported default scalar record for parameter Gain:1:1:Real:CS501LBA
Exported default scalar record for parameter Gain:1:1:Real:RS106LBA
Exported default scalar record for parameter Gain:1:1:Real:RS205LBA
Exported default scalar record for parameter Gain:1:1:Real:RS305LBA
Exported default scalar record for parameter Gain:1:1:Real:RS306LBA
Exported default scalar record for parameter Gain:1:1:Real:RS307LBA
Exported default scalar record for parameter Gain:1:1:Real:RS406LBA
Exported default scalar record for parameter Gain:1:1:Real:RS407LBA
Exported default scalar record for parameter Gain:1:1:Real:RS503LBA
Exported 116 parms to /net/zernike/scratch3/hgan/processed/L2025886_exp1/case3/SB007//CasA_cycle0.table
Command: exit

Command: open tablename='/net/zernike/scratch3/hgan/processed/L2025886_exp1/case3/SB008/CasA_SB068_Cycle0_avg.MS/instrument'
Command: export Gain* tablename='/net/zernike/scratch3/hgan/processed/L2025886_exp1/case3/SB008//CasA_cycle0.table'
Exported default scalar record for parameter Gain:0:0:Imag:CS002LBA
Exported default scalar record for parameter Gain:0:0:Imag:CS003LBA
Exported default scalar record for parameter Gain:0:0:Imag:CS004LBA
Exported default scalar record for parameter Gain:0:0:Imag:CS005LBA
Exported default scalar record for parameter Gain:0:0:Imag:CS006LBA
Exported default scalar record for parameter Gain:0:0:Imag:CS007LBA
Exported default scalar record for parameter Gain:0:0:Imag:CS011LBA
Exported default scalar record for parameter Gain:0:0:Imag:CS013LBA
Exported default scalar record for parameter Gain:0:0:Imag:CS017LBA
Exported default scalar record for parameter Gain:0:0:Imag:CS021LBA
Exported default scalar record for parameter Gain:0:0:Imag:CS024LBA
Exported default scalar record for parameter Gain:0:0:Imag:CS026LBA
Exported default scalar record for parameter Gain:0:0:Imag:CS028LBA
Exported default scalar record for parameter Gain:0:0:Imag:CS031LBA
Exported default scalar record for parameter Gain:0:0:Imag:CS101LBA
Exported default scalar record for parameter Gain:0:0:Imag:CS103LBA
Exported default scalar record for parameter Gain:0:0:Imag:CS201LBA
Exported default scalar record for parameter Gain:0:0:Imag:CS301LBA
Exported default scalar record for parameter Gain:0:0:Imag:CS302LBA
Exported default scalar record for parameter Gain:0:0:Imag:CS401LBA
Exported default scalar record for parameter Gain:0:0:Imag:CS501LBA
Exported default scalar record for parameter Gain:0:0:Imag:RS106LBA
Exported default scalar record for parameter Gain:0:0:Imag:RS205LBA
Exported default scalar record for parameter Gain:0:0:Imag:RS305LBA
Exported default scalar record for parameter Gain:0:0:Imag:RS306LBA
Exported default scalar record for parameter Gain:0:0:Imag:RS307LBA
Exported default scalar record for parameter Gain:0:0:Imag:RS406LBA
Exported default scalar record for parameter Gain:0:0:Imag:RS407LBA
Exported default scalar record for parameter Gain:0:0:Imag:RS503LBA
Exported default scalar record for parameter Gain:0:0:Real:CS002LBA
Exported default scalar record for parameter Gain:0:0:Real:CS003LBA
Exported default scalar record for parameter Gain:0:0:Real:CS004LBA
Exported default scalar record for parameter Gain:0:0:Real:CS005LBA
Exported default scalar record for parameter Gain:0:0:Real:CS006LBA
Exported default scalar record for parameter Gain:0:0:Real:CS007LBA
Exported default scalar record for parameter Gain:0:0:Real:CS011LBA
Exported default scalar record for parameter Gain:0:0:Real:CS013LBA
Exported default scalar record for parameter Gain:0:0:Real:CS017LBA
Exported default scalar record for parameter Gain:0:0:Real:CS021LBA
Exported default scalar record for parameter Gain:0:0:Real:CS024LBA
Exported default scalar record for parameter Gain:0:0:Real:CS026LBA
Exported default scalar record for parameter Gain:0:0:Real:CS028LBA
Exported default scalar record for parameter Gain:0:0:Real:CS031LBA
Exported default scalar record for parameter Gain:0:0:Real:CS101LBA
Exported default scalar record for parameter Gain:0:0:Real:CS103LBA
Exported default scalar record for parameter Gain:0:0:Real:CS201LBA
Exported default scalar record for parameter Gain:0:0:Real:CS301LBA
Exported default scalar record for parameter Gain:0:0:Real:CS302LBA
Exported default scalar record for parameter Gain:0:0:Real:CS401LBA
Exported default scalar record for parameter Gain:0:0:Real:CS501LBA
Exported default scalar record for parameter Gain:0:0:Real:RS106LBA
Exported default scalar record for parameter Gain:0:0:Real:RS205LBA
Exported default scalar record for parameter Gain:0:0:Real:RS305LBA
Exported default scalar record for parameter Gain:0:0:Real:RS306LBA
Exported default scalar record for parameter Gain:0:0:Real:RS307LBA
Exported default scalar record for parameter Gain:0:0:Real:RS406LBA
Exported default scalar record for parameter Gain:0:0:Real:RS407LBA
Exported default scalar record for parameter Gain:0:0:Real:RS503LBA
Exported default scalar record for parameter Gain:1:1:Imag:CS002LBA
Exported default scalar record for parameter Gain:1:1:Imag:CS003LBA
Exported default scalar record for parameter Gain:1:1:Imag:CS004LBA
Exported default scalar record for parameter Gain:1:1:Imag:CS005LBA
Exported default scalar record for parameter Gain:1:1:Imag:CS006LBA
Exported default scalar record for parameter Gain:1:1:Imag:CS007LBA
Exported default scalar record for parameter Gain:1:1:Imag:CS011LBA
Exported default scalar record for parameter Gain:1:1:Imag:CS013LBA
Exported default scalar record for parameter Gain:1:1:Imag:CS017LBA
Exported default scalar record for parameter Gain:1:1:Imag:CS021LBA
Exported default scalar record for parameter Gain:1:1:Imag:CS024LBA
Exported default scalar record for parameter Gain:1:1:Imag:CS026LBA
Exported default scalar record for parameter Gain:1:1:Imag:CS028LBA
Exported default scalar record for parameter Gain:1:1:Imag:CS031LBA
Exported default scalar record for parameter Gain:1:1:Imag:CS101LBA
Exported default scalar record for parameter Gain:1:1:Imag:CS103LBA
Exported default scalar record for parameter Gain:1:1:Imag:CS201LBA
Exported default scalar record for parameter Gain:1:1:Imag:CS301LBA
Exported default scalar record for parameter Gain:1:1:Imag:CS302LBA
Exported default scalar record for parameter Gain:1:1:Imag:CS401LBA
Exported default scalar record for parameter Gain:1:1:Imag:CS501LBA
Exported default scalar record for parameter Gain:1:1:Imag:RS106LBA
Exported default scalar record for parameter Gain:1:1:Imag:RS205LBA
Exported default scalar record for parameter Gain:1:1:Imag:RS305LBA
Exported default scalar record for parameter Gain:1:1:Imag:RS306LBA
Exported default scalar record for parameter Gain:1:1:Imag:RS307LBA
Exported default scalar record for parameter Gain:1:1:Imag:RS406LBA
Exported default scalar record for parameter Gain:1:1:Imag:RS407LBA
Exported default scalar record for parameter Gain:1:1:Imag:RS503LBA
Exported default scalar record for parameter Gain:1:1:Real:CS002LBA
Exported default scalar record for parameter Gain:1:1:Real:CS003LBA
Exported default scalar record for parameter Gain:1:1:Real:CS004LBA
Exported default scalar record for parameter Gain:1:1:Real:CS005LBA
Exported default scalar record for parameter Gain:1:1:Real:CS006LBA
Exported default scalar record for parameter Gain:1:1:Real:CS007LBA
Exported default scalar record for parameter Gain:1:1:Real:CS011LBA
Exported default scalar record for parameter Gain:1:1:Real:CS013LBA
Exported default scalar record for parameter Gain:1:1:Real:CS017LBA
Exported default scalar record for parameter Gain:1:1:Real:CS021LBA
Exported default scalar record for parameter Gain:1:1:Real:CS024LBA
Exported default scalar record for parameter Gain:1:1:Real:CS026LBA
Exported default scalar record for parameter Gain:1:1:Real:CS028LBA
Exported default scalar record for parameter Gain:1:1:Real:CS031LBA
Exported default scalar record for parameter Gain:1:1:Real:CS101LBA
Exported default scalar record for parameter Gain:1:1:Real:CS103LBA
Exported default scalar record for parameter Gain:1:1:Real:CS201LBA
Exported default scalar record for parameter Gain:1:1:Real:CS301LBA
Exported default scalar record for parameter Gain:1:1:Real:CS302LBA
Exported default scalar record for parameter Gain:1:1:Real:CS401LBA
Exported default scalar record for parameter Gain:1:1:Real:CS501LBA
Exported default scalar record for parameter Gain:1:1:Real:RS106LBA
Exported default scalar record for parameter Gain:1:1:Real:RS205LBA
Exported default scalar record for parameter Gain:1:1:Real:RS305LBA
Exported default scalar record for parameter Gain:1:1:Real:RS306LBA
Exported default scalar record for parameter Gain:1:1:Real:RS307LBA
Exported default scalar record for parameter Gain:1:1:Real:RS406LBA
Exported default scalar record for parameter Gain:1:1:Real:RS407LBA
Exported default scalar record for parameter Gain:1:1:Real:RS503LBA
Exported 116 parms to /net/zernike/scratch3/hgan/processed/L2025886_exp1/case3/SB008//CasA_cycle0.table
Command: exit

Command: open tablename='/net/zernike/scratch3/hgan/processed/L2025886_exp1/case3/SB009/CasA_SB069_Cycle0_avg.MS/instrument'
Command: export Gain* tablename='/net/zernike/scratch3/hgan/processed/L2025886_exp1/case3/SB009//CasA_cycle0.table'
Exported default scalar record for parameter Gain:0:0:Imag:CS002LBA
Exported default scalar record for parameter Gain:0:0:Imag:CS003LBA
Exported default scalar record for parameter Gain:0:0:Imag:CS004LBA
Exported default scalar record for parameter Gain:0:0:Imag:CS005LBA
Exported default scalar record for parameter Gain:0:0:Imag:CS006LBA
Exported default scalar record for parameter Gain:0:0:Imag:CS007LBA
Exported default scalar record for parameter Gain:0:0:Imag:CS011LBA
Exported default scalar record for parameter Gain:0:0:Imag:CS013LBA
Exported default scalar record for parameter Gain:0:0:Imag:CS017LBA
Exported default scalar record for parameter Gain:0:0:Imag:CS021LBA
Exported default scalar record for parameter Gain:0:0:Imag:CS024LBA
Exported default scalar record for parameter Gain:0:0:Imag:CS026LBA
Exported default scalar record for parameter Gain:0:0:Imag:CS028LBA
Exported default scalar record for parameter Gain:0:0:Imag:CS031LBA
Exported default scalar record for parameter Gain:0:0:Imag:CS101LBA
Exported default scalar record for parameter Gain:0:0:Imag:CS103LBA
Exported default scalar record for parameter Gain:0:0:Imag:CS201LBA
Exported default scalar record for parameter Gain:0:0:Imag:CS301LBA
Exported default scalar record for parameter Gain:0:0:Imag:CS302LBA
Exported default scalar record for parameter Gain:0:0:Imag:CS401LBA
Exported default scalar record for parameter Gain:0:0:Imag:CS501LBA
Exported default scalar record for parameter Gain:0:0:Imag:RS106LBA
Exported default scalar record for parameter Gain:0:0:Imag:RS205LBA
Exported default scalar record for parameter Gain:0:0:Imag:RS305LBA
Exported default scalar record for parameter Gain:0:0:Imag:RS306LBA
Exported default scalar record for parameter Gain:0:0:Imag:RS307LBA
Exported default scalar record for parameter Gain:0:0:Imag:RS406LBA
Exported default scalar record for parameter Gain:0:0:Imag:RS407LBA
Exported default scalar record for parameter Gain:0:0:Imag:RS503LBA
Exported default scalar record for parameter Gain:0:0:Real:CS002LBA
Exported default scalar record for parameter Gain:0:0:Real:CS003LBA
Exported default scalar record for parameter Gain:0:0:Real:CS004LBA
Exported default scalar record for parameter Gain:0:0:Real:CS005LBA
Exported default scalar record for parameter Gain:0:0:Real:CS006LBA
Exported default scalar record for parameter Gain:0:0:Real:CS007LBA
Exported default scalar record for parameter Gain:0:0:Real:CS011LBA
Exported default scalar record for parameter Gain:0:0:Real:CS013LBA
Exported default scalar record for parameter Gain:0:0:Real:CS017LBA
Exported default scalar record for parameter Gain:0:0:Real:CS021LBA
Exported default scalar record for parameter Gain:0:0:Real:CS024LBA
Exported default scalar record for parameter Gain:0:0:Real:CS026LBA
Exported default scalar record for parameter Gain:0:0:Real:CS028LBA
Exported default scalar record for parameter Gain:0:0:Real:CS031LBA
Exported default scalar record for parameter Gain:0:0:Real:CS101LBA
Exported default scalar record for parameter Gain:0:0:Real:CS103LBA
Exported default scalar record for parameter Gain:0:0:Real:CS201LBA
Exported default scalar record for parameter Gain:0:0:Real:CS301LBA
Exported default scalar record for parameter Gain:0:0:Real:CS302LBA
Exported default scalar record for parameter Gain:0:0:Real:CS401LBA
Exported default scalar record for parameter Gain:0:0:Real:CS501LBA
Exported default scalar record for parameter Gain:0:0:Real:RS106LBA
Exported default scalar record for parameter Gain:0:0:Real:RS205LBA
Exported default scalar record for parameter Gain:0:0:Real:RS305LBA
Exported default scalar record for parameter Gain:0:0:Real:RS306LBA
Exported default scalar record for parameter Gain:0:0:Real:RS307LBA
Exported default scalar record for parameter Gain:0:0:Real:RS406LBA
Exported default scalar record for parameter Gain:0:0:Real:RS407LBA
Exported default scalar record for parameter Gain:0:0:Real:RS503LBA
Exported default scalar record for parameter Gain:1:1:Imag:CS002LBA
Exported default scalar record for parameter Gain:1:1:Imag:CS003LBA
Exported default scalar record for parameter Gain:1:1:Imag:CS004LBA
Exported default scalar record for parameter Gain:1:1:Imag:CS005LBA
Exported default scalar record for parameter Gain:1:1:Imag:CS006LBA
Exported default scalar record for parameter Gain:1:1:Imag:CS007LBA
Exported default scalar record for parameter Gain:1:1:Imag:CS011LBA
Exported default scalar record for parameter Gain:1:1:Imag:CS013LBA
Exported default scalar record for parameter Gain:1:1:Imag:CS017LBA
Exported default scalar record for parameter Gain:1:1:Imag:CS021LBA
Exported default scalar record for parameter Gain:1:1:Imag:CS024LBA
Exported default scalar record for parameter Gain:1:1:Imag:CS026LBA
Exported default scalar record for parameter Gain:1:1:Imag:CS028LBA
Exported default scalar record for parameter Gain:1:1:Imag:CS031LBA
Exported default scalar record for parameter Gain:1:1:Imag:CS101LBA
Exported default scalar record for parameter Gain:1:1:Imag:CS103LBA
Exported default scalar record for parameter Gain:1:1:Imag:CS201LBA
Exported default scalar record for parameter Gain:1:1:Imag:CS301LBA
Exported default scalar record for parameter Gain:1:1:Imag:CS302LBA
Exported default scalar record for parameter Gain:1:1:Imag:CS401LBA
Exported default scalar record for parameter Gain:1:1:Imag:CS501LBA
Exported default scalar record for parameter Gain:1:1:Imag:RS106LBA
Exported default scalar record for parameter Gain:1:1:Imag:RS205LBA
Exported default scalar record for parameter Gain:1:1:Imag:RS305LBA
Exported default scalar record for parameter Gain:1:1:Imag:RS306LBA
Exported default scalar record for parameter Gain:1:1:Imag:RS307LBA
Exported default scalar record for parameter Gain:1:1:Imag:RS406LBA
Exported default scalar record for parameter Gain:1:1:Imag:RS407LBA
Exported default scalar record for parameter Gain:1:1:Imag:RS503LBA
Exported default scalar record for parameter Gain:1:1:Real:CS002LBA
Exported default scalar record for parameter Gain:1:1:Real:CS003LBA
Exported default scalar record for parameter Gain:1:1:Real:CS004LBA
Exported default scalar record for parameter Gain:1:1:Real:CS005LBA
Exported default scalar record for parameter Gain:1:1:Real:CS006LBA
Exported default scalar record for parameter Gain:1:1:Real:CS007LBA
Exported default scalar record for parameter Gain:1:1:Real:CS011LBA
Exported default scalar record for parameter Gain:1:1:Real:CS013LBA
Exported default scalar record for parameter Gain:1:1:Real:CS017LBA
Exported default scalar record for parameter Gain:1:1:Real:CS021LBA
Exported default scalar record for parameter Gain:1:1:Real:CS024LBA
Exported default scalar record for parameter Gain:1:1:Real:CS026LBA
Exported default scalar record for parameter Gain:1:1:Real:CS028LBA
Exported default scalar record for parameter Gain:1:1:Real:CS031LBA
Exported default scalar record for parameter Gain:1:1:Real:CS101LBA
Exported default scalar record for parameter Gain:1:1:Real:CS103LBA
Exported default scalar record for parameter Gain:1:1:Real:CS201LBA
Exported default scalar record for parameter Gain:1:1:Real:CS301LBA
Exported default scalar record for parameter Gain:1:1:Real:CS302LBA
Exported default scalar record for parameter Gain:1:1:Real:CS401LBA
Exported default scalar record for parameter Gain:1:1:Real:CS501LBA
Exported default scalar record for parameter Gain:1:1:Real:RS106LBA
Exported default scalar record for parameter Gain:1:1:Real:RS205LBA
Exported default scalar record for parameter Gain:1:1:Real:RS305LBA
Exported default scalar record for parameter Gain:1:1:Real:RS306LBA
Exported default scalar record for parameter Gain:1:1:Real:RS307LBA
Exported default scalar record for parameter Gain:1:1:Real:RS406LBA
Exported default scalar record for parameter Gain:1:1:Real:RS407LBA
Exported default scalar record for parameter Gain:1:1:Real:RS503LBA
Exported 116 parms to /net/zernike/scratch3/hgan/processed/L2025886_exp1/case3/SB009//CasA_cycle0.table
Command: exit

